# Bundle file v0.3
11 740
6.9541486525e+002 -6.9581622985e-002 4.5951663667e-003
9.5658737249e-001 1.0246380997e-001 -2.7284018480e-001
-9.3973258490e-002 9.9460001240e-001 4.4043637679e-002
2.7587973011e-001 -1.6491906430e-002 9.6105067064e-001
-5.9042483323e-001 4.5954040966e-002 -3.1877592198e-001
6.7998780296e+002 -7.6649390483e-002 2.9848451675e-003
8.2650265681e-001 2.0546754250e-001 -5.2409583786e-001
-2.2051782849e-001 9.7477631546e-001 3.4395088848e-002
5.1794328415e-001 8.7144843771e-002 8.5096447082e-001
-1.0054205517e+000 4.7508301547e-002 -3.8896941570e-001
0 0 0
0 0 0
0 0 0
0 0 0
0 0 0
0 0 0
0 0 0
0 0 0
0 0 0
0 0 0
0 0 0
0 0 0
0 0 0
0 0 0
0 0 0
6.9528619971e+002 -5.2671692097e-002 -3.4038661654e-002
9.9996638348e-001 2.2074910658e-004 8.1965350610e-003
-2.2327500316e-004 9.9999992787e-001 3.0725260804e-004
-8.1964666440e-003 -3.0907236066e-004 9.9996636064e-001
1.1067344575e-002 -1.7462135145e-004 -6.1141899831e-002
0 0 0
0 0 0
0 0 0
0 0 0
0 0 0
6.8814026174e+002 -9.1005896845e-002 2.8414382763e-003
9.0415645445e-001 1.7833050776e-001 -3.8820012349e-001
-2.7002737912e-001 9.4272275925e-001 -1.9585457288e-001
3.3103824613e-001 2.8190783812e-001 9.0052298716e-001
-8.1228658265e-001 -4.1900806921e-001 -4.2469603095e-001
0 0 0
0 0 0
0 0 0
0 0 0
0 0 0
0 0 0
0 0 0
0 0 0
0 0 0
0 0 0
0 0 0
0 0 0
0 0 0
0 0 0
0 0 0
2.8303313682e-001 5.0798788237e-001 -1.7326424211e+000
155 158 149
4 5 8 108.2540 195.2048 7 13 79.7880 125.9550 0 3 73.0120 161.7767 1 9 99.1770 170.7307
3.5963381955e-002 4.6608993868e-001 -1.6093164559e+000
144 144 134
4 5 10 14.2210 193.3078 7 10 -28.6120 129.4050 0 4 -25.7600 161.2236 1 4 -14.5320 174.4304
-1.1508586644e-003 4.2933962690e-001 -1.5769964955e+000
154 150 139
4 5 19 -1.1680 182.0770 7 26 -49.2990 117.6920 0 12 -44.1670 151.3291 1 1346 -36.9400 163.8901
4.1526866802e-001 4.4490909644e-001 -1.7777738000e+000
173 180 164
4 5 49 154.7290 166.6241 7 73 129.6940 92.3210 0 43 121.3980 133.6570 1 86 147.5240 134.2780
-2.1932350806e-001 3.1520634250e-001 -1.4078728428e+000
47 32 32
3 5 1260 -104.2450 149.3392 7 85 -166.3580 86.3270 0 61 -152.1380 126.1300
-1.8619488854e-001 3.1083718917e-001 -1.3964089042e+000
125 121 117
3 5 89 -88.6940 147.6945 7 96 -158.2500 81.7700 0 63 -143.2960 125.1920
2.3339828284e-001 3.7581548581e-001 -1.6527717511e+000
153 172 183
3 5 84 93.5770 151.4601 7 103 42.5880 78.2130 0 74 45.6710 121.5560
-3.5025346195e-002 3.2831481927e-001 -1.5472031922e+000
151 143 141
4 5 97 -17.1330 141.8304 7 107 -72.4300 77.5450 0 80 -64.2850 118.2890 1 91 -61.4940 129.5610
6.7628513979e-003 3.2491060046e-001 -1.5608530297e+000
141 141 137
4 5 101 3.1140 138.8280 7 109 -56.2150 76.4620 0 84 -48.8000 113.3590 1 102 -46.0090 124.1550
-2.0924609321e-001 2.5987226281e-001 -1.3762001370e+000
144 139 136
3 5 122 -101.1900 124.9620 7 124 -173.4990 62.5620 0 88 -157.4900 107.3370
-2.2381182922e-001 2.2256837804e-001 -1.3711747445e+000
156 142 137
3 5 152 -108.8240 108.0370 7 144 -181.0410 48.6680 0 111 -165.4390 92.4670
4.4143679639e-001 3.3017628300e-001 -1.8026134869e+000
186 192 190
4 5 130 162.2080 122.0260 7 147 131.1060 47.8100 0 115 128.0490 90.5920 1 168 150.9870 85.4700
4.5800195785e-001 3.2578516872e-001 -1.8080541568e+000
98 95 87
3 5 138 168.3840 119.7500 7 150 136.4170 45.8030 0 118 134.2750 88.0350
-2.2336831759e-001 2.0256195295e-001 -1.3735455876e+000
104 86 81
4 5 164 -108.4900 98.5300 7 155 -181.1710 41.1710 0 120 -165.5180 84.3020 1 140 -174.9980 100.0470
4.4989564576e-001 2.8613393007e-001 -1.8044049365e+000
161 177 161
4 5 157 165.4150 105.4520 7 169 130.4100 31.3590 0 134 129.5950 74.5160 1 193 150.5500 67.3860
1.3175429364e-002 5.9448652259e-002 -1.4627961311e+000
182 96 119
2 5 308 5.6140 26.8120 7 311 -88.6030 -31.9170
1.0863176896e-001 5.4597985265e-002 -1.5022212673e+000
145 149 137
4 5 319 47.7200 24.1440 7 332 -48.3060 -40.8700 0 241 -28.5120 9.5210 1 322 -49.5360 10.4760
-6.5348895023e-002 7.2284141926e-003 -1.3706318955e+000
11 65 76
4 5 389 -32.9480 3.0970 7 360 -139.1170 -53.1270 0 271 -115.0640 0.4260 1 324 -144.2540 9.9070
4.9613517830e-002 2.3872766733e-002 -1.4401519534e+000
185 194 184
4 5 353 22.5690 10.8680 7 356 -82.1300 -51.7880 0 273 -60.9590 0.8420 1 341 -87.7680 4.1900
2.3224708933e-002 5.4512581550e-003 -1.4111388049e+000
112 124 114
4 5 393 10.6350 2.4890 7 386 -98.6270 -58.7500 0 286 -76.2230 -5.1780 1 371 -105.5380 -0.6150
-7.5334172854e-002 -1.2383848366e-002 -1.3683040743e+000
117 42 58
3 5 420 -36.9220 -6.3580 7 383 -142.9600 -58.0620 0 306 -121.5000 -7.9750
2.0366628979e-001 1.9125678402e-002 -1.4672562480e+000
135 68 29
4 5 358 91.5470 8.1180 7 420 -22.5370 -69.6550 0 310 3.4950 -7.4950 1 426 -28.8350 -12.6990
2.1245261614e-001 1.4848879018e-002 -1.4668409484e+000
164 129 100
4 5 372 95.8240 6.3170 7 425 -19.7270 -72.3540 0 318 6.1660 -9.6690 1 437 -25.8250 -15.5990
4.0734697855e-002 -7.8860113040e-003 -1.4231104143e+000
152 168 157
4 5 417 18.4120 -4.2210 7 400 -90.4970 -64.4730 0 319 -67.4800 -11.4800 1 410 -98.3100 -7.6530
1.0461544272e-002 -2.0695647125e-002 -1.4000758135e+000
171 185 171
4 5 433 5.2200 -10.2800 7 415 -107.5000 -67.5000 0 328 -84.2410 -15.2350 1 417 -114.5000 -10.5000
1.6748891427e-001 -4.3830963195e-003 -1.4313145729e+000
221 196 178
4 5 411 77.6530 -2.2360 7 437 -44.0890 -77.8340 0 329 -16.9460 -15.8480 1 443 -52.4830 -19.1630
2.6964997606e-001 3.8363910665e-003 -1.5150003457e+000
119 1 1
4 5 400 117.8520 1.2280 7 438 8.1880 -77.8060 0 334 33.2900 -17.0590 1 453 5.5360 -26.4790
2.5443659149e-001 -6.7075269808e-004 -1.5004263282e+000
96 13 12
4 5 408 112.5330 -1.3180 7 443 -0.2110 -79.0470 0 340 25.6610 -17.9550 1 451 -3.7230 -26.6240
2.3407503772e-001 -7.9115485616e-003 -1.4824549794e+000
38 39 37
4 5 414 104.2840 -3.7830 7 448 -11.0020 -82.2470 0 342 15.4030 -20.0440 1 456 -15.8170 -27.5950
2.4631033628e-001 -5.2781786287e-003 -1.4899912625e+000
132 123 122
4 5 415 109.6930 -3.3970 7 445 -4.9100 -80.9160 0 343 21.2230 -19.5840 1 457 -9.8240 -27.6430
2.3354800728e-001 -1.6568674704e-002 -1.4789286808e+000
219 223 220
4 5 423 104.2900 -7.3970 7 466 -11.8410 -85.3050 0 353 14.6650 -23.9610 1 475 -18.3830 -31.6110
2.4061302810e-001 -1.9322961783e-002 -1.4949910238e+000
211 216 212
4 5 1346 106.1040 -7.9850 7 472 -6.9550 -85.5000 0 363 18.9730 -25.4160 1 483 -12.0230 -33.9160
2.7033956607e-001 -1.4935454016e-002 -1.5092870870e+000
116 7 5
4 5 1344 118.4580 -6.4270 7 467 5.9940 -85.2240 0 364 32.7090 -24.9450 1 495 2.5150 -35.2170
2.5913803702e-001 -1.9633864910e-002 -1.5027147777e+000
119 5 3
4 5 426 114.2390 -9.1450 7 475 0.5070 -86.3970 0 367 27.1290 -26.1050 1 494 -3.3020 -35.6420
2.3433400408e-001 -2.7027571782e-002 -1.4940630587e+000
32 30 32
3 5 439 103.7910 -12.5430 7 486 -9.5000 -87.5000 0 373 15.3530 -27.6680
2.0695618368e-001 -3.4574006336e-002 -1.4588995445e+000
18 15 12
4 5 449 94.1900 -16.3500 7 492 -26.5980 -90.3990 0 377 0.9350 -30.1260 1 499 -34.3570 -36.5030
2.7923886255e-001 -3.4305818211e-002 -1.5160931278e+000
215 214 210
4 5 446 121.7750 -15.1980 7 500 8.6830 -93.1150 0 389 35.8040 -33.1220 1 516 6.0970 -43.8560
2.6156089991e-001 -4.7478117873e-002 -1.5010241783e+000
90 93 92
4 5 456 115.1830 -20.7120 7 512 -0.7240 -97.2770 0 397 26.7330 -37.7550 1 539 -5.4200 -48.3940
2.3681440478e-001 -8.8458377657e-002 -1.4789773563e+000
199 201 198
4 5 506 105.7330 -40.3790 7 566 -15.7040 -111.6790 0 452 13.3840 -53.5930 1 591 -23.9400 -62.6510
2.2218377726e-001 -9.2757072901e-002 -1.4661840150e+000
190 192 187
4 5 514 100.4350 -42.6830 7 571 -22.0050 -112.9110 0 455 4.5290 -54.8910 1 589 -33.0200 -63.0940
2.3022819202e-001 -9.8742015422e-002 -1.4780261384e+000
64 64 62
4 5 523 103.6730 -45.2340 7 577 -20.0680 -113.8410 0 460 9.7610 -57.7740 1 606 -26.6480 -66.4600
2.7909112296e-001 -9.3716033477e-002 -1.5154486749e+000
33 32 32
4 5 510 122.3230 -41.6160 7 579 4.3030 -113.8220 0 462 32.6550 -57.4970 1 609 0.5000 -69.2680
2.1865834419e-001 -1.0168253442e-001 -1.4651966197e+000
16 18 15
4 5 528 98.9470 -46.8670 7 582 -25.8680 -115.8160 0 464 3.4900 -58.4890 1 605 -34.4440 -66.3260
2.5681323938e-001 -9.5068415068e-002 -1.4976216685e+000
146 144 143
3 5 509 113.5000 -41.1680 7 578 -6.5000 -114.0130 0 465 22.5000 -58.6290
2.4646229990e-001 -1.0526582498e-001 -1.4880283316e+000
18 21 18
4 5 531 109.8310 -47.8310 7 588 -12.0540 -117.2290 0 469 16.9750 -60.7680 1 621 -19.5580 -71.0740
2.2010323008e-001 -1.1321149970e-001 -1.4668486042e+000
93 92 90
4 5 546 99.8040 -51.8240 7 595 -26.2450 -119.2890 0 480 3.6530 -63.2890 1 624 -34.4400 -72.1220
2.3010105921e-001 -1.1793746677e-001 -1.4690904449e+000
160 156 154
4 5 547 103.5730 -52.8540 7 600 -21.4720 -121.9010 0 489 8.1810 -66.0990 1 644 -31.9560 -76.0540
-4.0138090261e-002 -1.5590136366e-001 -1.3857883979e+000
134 137 135
4 5 574 -19.4590 -75.3700 7 569 -133.9110 -112.3170 0 490 -111.4760 -69.3280 1 577 -145.3870 -60.4540
-7.9079413633e-002 -1.6471890863e-001 -1.3505204493e+000
127 186 192
4 5 582 -38.8850 -81.8400 7 576 -154.7220 -115.0220 0 494 -133.3330 -72.1150 1 575 -168.5530 -59.6070
2.7741241160e-001 -1.5611383869e-001 -1.5009539265e+000
123 93 91
4 5 568 122.3430 -69.5540 7 635 -0.5240 -136.5180 0 511 28.6840 -83.6080 1 681 -11.7260 -96.5980
2.9048682318e-001 -1.5429781953e-001 -1.5200119721e+000
161 129 121
4 5 566 127.6320 -67.7050 7 633 5.5280 -135.7330 0 512 33.1000 -83.0230 1 675 0.6640 -96.3260
2.8275759927e-001 -1.6216087825e-001 -1.5143301549e+000
172 124 122
4 5 570 122.6900 -71.9090 7 650 -2.4390 -139.2830 0 517 34.5290 -84.5220 1 695 -4.0080 -98.8660
2.6186045555e-001 -1.6384773639e-001 -1.4939602148e+000
160 119 113
4 5 571 116.1570 -72.9540 7 648 -9.7950 -139.3640 0 520 20.9630 -86.3040 1 1519 -17.5000 -97.5000
2.2752436090e-001 -1.7634325968e-001 -1.4694014410e+000
118 99 98
4 5 581 101.8760 -79.6520 7 655 -27.9580 -143.2230 0 528 5.5000 -89.2500 1 1846 -36.7500 -100.2500
2.2043335065e-001 -1.8832948862e-001 -1.4651281367e+000
34 17 0
4 5 584 99.8520 -85.8430 7 664 -31.3240 -146.1060 0 540 0.7160 -94.8870 1 712 -41.6100 -103.8890
6.1939670909e-002 -2.2614772694e-001 -1.4214036020e+000
27 51 33
4 5 604 28.5850 -105.5890 7 663 -95.5360 -145.0580 0 551 -69.4800 -103.6700 1 710 -109.4620 -100.6960
4.2157236607e-002 -2.4124071130e-001 -1.4044233122e+000
18 73 30
4 5 618 19.8250 -114.4900 7 674 -106.7430 -149.7890 0 556 -80.4930 -108.6860 1 714 -121.5000 -105.5000
9.6754206772e-002 -2.4913752015e-001 -1.4505728690e+000
39 42 32
4 5 623 44.2380 -115.7380 7 681 -79.5430 -152.4340 0 558 -52.4070 -112.5910 1 725 -92.3350 -113.3060
8.8729161451e-002 -2.5289642333e-001 -1.4415408908e+000
64 93 57
4 5 627 40.6420 -117.6330 7 682 -84.3540 -154.2830 0 562 -56.9200 -114.1440 1 726 -97.5000 -114.5000
7.9758439532e-002 -2.6128429101e-001 -1.4339926711e+000
86 117 92
4 5 642 36.7700 -122.4560 7 685 -88.6630 -157.4630 0 568 -62.3210 -117.7530 1 729 -103.0570 -116.0570
9.5657575921e-002 -2.7009712722e-001 -1.4538517265e+000
94 120 99
4 5 1411 43.8750 -124.2530 7 689 -80.5000 -159.0170 0 572 -54.0900 -121.8680 1 736 -92.9330 -121.3100
4.0378269906e-001 -2.6935991482e-001 -1.4801183239e+000
120 118 17
4 5 640 179.8640 -120.6900 7 833 32.1130 -197.7730 0 623 73.9550 -138.7020 1 882 22.0370 -164.2860
4.7246686299e-001 -2.7089828561e-001 -1.5043793231e+000
37 57 0
4 5 638 207.8330 -119.2900 7 852 59.5470 -202.6160 0 637 103.7310 -141.8750 1 953 55.3010 -174.9210
5.0201955054e-001 -2.7245355432e-001 -1.5029847800e+000
56 134 48
4 5 633 218.5630 -118.6140 7 918 72.4860 -211.7410 0 641 115.2010 -142.8020 1 1022 67.0710 -180.7100
-4.7246936920e-002 -3.9068147423e-001 -1.4015157442e+000
126 134 138
3 5 1042 -23.6040 -180.2730 7 781 -142.5130 -189.4970 0 812 -121.7390 -169.7240
-7.6346402365e-002 -4.2989348745e-001 -1.4188459390e+000
82 69 71
3 5 1163 -36.5510 -201.4280 7 813 -149.5090 -194.2800 0 887 -130.1520 -177.1550
4.1318317670e-002 -3.4115063263e-002 -1.4247436922e+000
85 170 120
4 5 1671 18.6910 -15.8290 7 1366 -91.2340 -73.7220 0 1248 -68.3500 -22.3230 1 2031 -100.0170 -19.6670
2.3285875679e-001 -3.4463202342e-002 -1.4832621514e+000
220 221 215
4 5 1352 103.8730 -15.9150 7 495 -12.5470 -90.9260 0 1259 14.0040 -30.9800 1 1456 -19.3070 -39.2890
2.4299233602e-001 -5.3727464054e-002 -1.4865134670e+000
56 61 58
4 5 1677 108.4600 -24.8470 7 1145 -11.6440 -98.3560 0 1266 18.0810 -38.1180 1 1807 -15.6070 -49.8550
2.3093416399e-001 -6.9749964345e-002 -1.4820092467e+000
201 204 198
4 5 1366 103.9120 -31.5860 7 1390 -16.2040 -103.0530 0 1277 10.7500 -46.7410 1 1809 -23.0000 -53.6620
2.1870032167e-001 -8.0783141859e-002 -1.4660905723e+000
222 220 217
3 5 498 98.9880 -37.3490 7 551 -23.6310 -108.2930 0 1281 3.7500 -49.3890
2.4517903953e-001 -1.1447038530e-001 -1.4836268293e+000
211 210 207
4 5 1383 109.3570 -51.4200 7 601 -14.3560 -121.1690 0 1299 15.8860 -64.6920 1 639 -21.6830 -75.3690
5.0058587894e-002 -2.2980816321e-001 -1.4103703767e+000
30 57 36
4 5 1399 22.9140 -107.5570 7 667 -101.9760 -147.1650 0 1316 -76.1510 -104.8430 1 709 -116.2310 -101.2430
1.0109127926e-001 -2.9041004534e-001 -1.4562072364e+000
62 140 99
4 5 1418 46.0790 -132.8330 7 1176 -79.5570 -165.9980 0 1331 -52.0810 -130.5030 1 1536 -92.3980 -130.5860
3.7693565612e-003 4.2060736167e-001 -1.5807829502e+000
127 118 111
4 5 1526 1.2580 176.6760 7 1212 -48.0160 113.8750 0 1434 -42.7240 148.7240 1 1623 -34.5400 160.3813
-1.3511633796e-001 2.6531607111e-001 -1.3887591792e+000
223 228 231
4 5 1859 -64.8320 125.9680 7 1490 -143.8400 58.1020 0 1462 -128.5370 107.4830 1 1371 -140.4840 120.7240
3.3362672151e-002 3.1160730922e-001 -1.6131201414e+000
127 112 97
4 5 1561 12.7920 129.2280 7 1252 -38.7140 69.8120 0 1464 -32.3090 104.6290 1 1658 -26.8240 114.1130
-5.9417817459e-002 6.9504167530e-002 -1.3903379548e+000
54 135 164
4 5 1624 -28.6620 32.9850 7 1324 -128.3230 -26.6890 0 1519 -108.2540 24.8940 1 1704 -132.2910 34.0440
2.2963356169e-001 -9.6291069096e-003 -1.4816300050e+000
38 34 31
4 5 1342 102.7160 -5.3390 7 1119 -12.3150 -81.4870 0 1559 13.6280 -20.7270 1 1444 -18.5980 -27.6230
1.8188313193e-002 -6.4249197392e-002 -1.3983217987e+000
55 104 75
4 5 1679 8.3280 -30.9410 7 1372 -106.6570 -85.3870 0 1573 -83.1400 -33.7460 1 1777 -116.6490 -29.0240
2.1989150488e-001 -1.1844019473e-001 -1.4571043526e+000
213 212 211
3 5 1706 100.1660 -55.2320 7 1169 -28.9670 -122.4610 0 1607 3.3440 -65.3440
2.7025865082e-001 -1.6267566724e-001 -1.5005166131e+000
178 131 127
4 5 1714 119.1110 -72.5700 7 1421 -5.9910 -139.3880 0 1626 25.5340 -85.5650 1 2072 -12.7310 -97.6280
1.7496193811e-001 -8.1399525011e-003 -1.4341918899e+000
209 211 208
3 5 2040 80.6290 -3.7080 7 1669 -39.9160 -80.6180 0 1834 -14.5300 -17.4210
3.6536487543e-002 -4.3592767992e-002 -1.4237396880e+000
94 183 129
4 5 1922 16.1990 -19.3000 7 1546 -93.3980 -76.6390 0 1835 -70.8570 -25.1150 1 2179 -102.8100 -25.1680
-5.3920934244e-002 -1.0519808770e-001 -1.3731350743e+000
184 170 132
3 5 2057 -26.0400 -52.6070 7 1552 -138.3370 -93.9650 0 1846 -117.3730 -46.4200
1.9140186606e-001 -1.0415431114e-001 -1.4464242315e+000
208 204 198
3 5 1940 87.4710 -48.1680 7 1571 -39.0330 -116.0380 0 1853 -9.6100 -58.3720
2.2657617076e-001 -1.7955248992e-001 -1.4651123574e+000
60 39 25
4 5 1950 102.8880 -82.7500 7 1581 -28.1630 -144.1500 0 1871 2.6750 -90.5940 1 2075 -38.3110 -100.8240
1.0000715979e-001 -2.8351524997e-001 -1.4448565194e+000
63 138 93
3 5 2074 45.5000 -131.5000 7 1587 -81.2240 -166.3050 0 1885 -53.7280 -126.9600
-1.4996895873e-001 2.0206161009e-001 -1.4051479181e+000
66 44 30
3 5 2001 -69.9050 94.7740 7 1627 -148.6560 36.9300 0 1932 -135.1680 80.0740
9.8297653402e-002 8.4161679025e-002 -1.5227872334e+000
215 225 235
3 5 2019 42.0000 38.0000 7 1728 -47.3750 -27.0000 0 1958 -27.2430 19.7280
-6.2915940263e-002 -1.0818240189e-002 -1.3692092213e+000
16 15 17
4 5 2102 -31.6590 -5.8180 7 1658 -138.0640 -59.9920 0 1966 -115.8860 -7.2150 1 2162 -146.1870 2.1360
2.4609635972e-002 2.0681061310e-003 -1.3968938474e+000
68 83 77
4 5 2039 13.0160 -1.5380 7 1659 -101.6580 -59.0320 0 1967 -78.1420 -6.2360 1 2164 -110.1460 -1.6550
3.6672165525e-002 -9.4284931857e-002 -1.4208104799e+000
90 177 118
4 5 2111 17.5190 -43.5630 7 1743 -98.5970 -94.3450 0 2058 -73.4650 -48.7820 1 2281 -106.6590 -43.8560
3.9263556479e-001 4.2599296664e-001 -1.8114282336e+000
172 178 170
3 5 1252 141.3900 159.9803 7 89 123.4060 85.2530 1 101 142.3970 124.6060
-1.4319048694e-001 2.4375053163e-001 -1.3972055020e+000
57 53 50
3 5 145 -67.0200 115.1580 7 136 -147.7680 53.2340 1 119 -141.9040 109.9070
2.7345120846e-001 3.3387193818e-001 -1.6238158736e+000
86 121 68
3 5 107 111.4380 136.7060 7 132 50.4780 56.6070 1 129 59.3510 108.8540
3.6230761919e-002 1.0578675545e-002 -1.4252041217e+000
176 187 173
3 5 375 16.1730 4.9610 7 378 -90.1750 -57.2910 1 356 -97.5000 0.5450
2.9623926822e-001 -5.6041820138e-002 -1.5302492536e+000
204 198 197
3 5 460 128.3740 -24.6940 7 525 16.2220 -100.3290 1 558 12.7530 -55.3680
2.8259350031e-001 -6.2234343624e-002 -1.5163009724e+000
161 158 158
3 5 467 123.7390 -28.5000 7 537 8.1860 -102.9950 1 565 4.6100 -55.5000
2.9992003423e-001 -6.9183010408e-002 -1.5338980108e+000
201 199 194
3 5 476 129.5440 -30.4340 7 544 16.7690 -105.5110 1 585 14.1780 -60.8500
2.3507147268e-001 -1.1364977242e-001 -1.4797544962e+000
53 51 47
3 5 541 105.7450 -52.3900 7 596 -18.3830 -119.6060 1 625 -26.1250 -72.8750
9.4993007630e-002 -2.6892581648e-001 -1.4465000980e+000
109 136 115
3 5 650 43.5000 -124.5000 7 688 -82.1990 -159.9480 1 735 -95.1650 -120.8400
2.1044760027e-001 -1.0042226885e-001 -1.4542927916e+000
194 194 190
3 5 522 95.5900 -45.2380 7 587 -30.3980 -116.0170 1 1494 -40.1420 -66.2580
2.1747927807e-001 -1.2200452563e-001 -1.4628782788e+000
209 210 205
3 5 1387 98.5030 -55.4840 7 605 -28.0790 -123.1960 1 1501 -37.2500 -75.6420
5.3011556511e-001 -1.3386544223e-001 -1.7144683450e+000
34 66 7
3 5 544 204.5510 -51.5760 7 627 115.3450 -131.9620 1 1527 129.6980 -111.0470
6.0344339255e-001 -2.1359739841e-001 -1.6564846430e+000
121 118 117
3 5 585 241.2850 -86.0840 7 1182 129.1680 -174.9500 1 1566 142.5340 -157.8660
-2.4345590424e-002 4.0952895225e-001 -1.5684085665e+000
139 132 128
3 5 1528 -11.0360 173.8705 7 1216 -60.6640 111.3500 1 1628 -47.3420 158.4875
8.1713901469e-003 4.1157939681e-001 -1.5891106610e+000
126 122 113
3 5 1846 2.6040 172.9179 7 1603 -44.8540 110.0670 1 1962 -32.7660 155.5068
6.3908034611e-002 -2.1425147958e-001 -1.4339099146e+000
31 32 26
3 5 2064 29.6110 -101.8720 7 1696 -91.5700 -139.6090 1 2215 -104.1790 -92.9960
5.8396536929e-002 -2.4208183396e-002 -1.4424700937e+000
12 11 9
3 5 2104 26.1830 -10.1830 7 1737 -81.8880 -70.8600 1 2274 -87.8940 -17.4360
1.8527756792e-001 -2.2907970585e-002 -1.4435557586e+000
97 93 92
2 5 434 84.8390 -10.5670 7 464 -36.2080 -85.9480
2.8928119201e-001 -7.5523262356e-002 -1.5308657179e+000
55 59 53
2 5 482 124.9030 -32.7710 7 549 12.1870 -107.1870
2.7863429905e-001 -1.0508862654e-001 -1.5208520212e+000
208 207 205
2 5 1701 121.4300 -46.3410 7 1405 4.4790 -117.1010
2.5269186293e-001 1.4438837795e-003 -1.5002005167e+000
189 163 160
2 5 1659 111.7500 0.2500 7 1115 -0.5290 -77.9260
-2.2760804936e-001 3.8527149951e-001 -1.4249628641e+000
161 151 149
2 5 25 -106.4260 179.4265 7 29 -161.4450 115.9410
-1.7352900478e-002 3.6978716067e-001 -1.5563123970e+000
78 71 58
2 5 64 -8.2470 158.3816 7 65 -62.6190 94.8190
-2.1206285516e-001 3.3006055358e-001 -1.4056564434e+000
150 140 139
2 5 69 -100.6150 155.9949 7 75 -163.5150 91.7820
-2.2210378586e-001 2.5860946377e-001 -1.3768745481e+000
138 123 123
2 5 119 -107.4410 124.7590 7 121 -177.3120 63.1000
1.0604471511e-001 1.0192393638e-001 -1.5597032731e+000
175 82 113
2 5 265 45.1860 42.8430 7 255 -36.5000 -17.2500
-5.1784272523e-002 4.6870240174e-002 -1.3952406869e+000
17 114 146
2 5 320 -24.9410 22.1500 7 315 -125.7810 -35.7150
-9.4130781159e-003 4.0915259467e-002 -1.4380704665e+000
208 115 146
2 5 331 -4.5800 18.5560 7 326 -102.4940 -38.4280
1.8930832431e-001 1.5726401351e-002 -1.4385810150e+000
138 74 40
2 5 371 87.6000 6.5880 7 424 -33.4440 -71.6430
-6.2519095012e-002 1.3632113662e-002 -1.3672375895e+000
118 185 195
2 5 373 -30.5000 6.3480 7 355 -137.5000 -49.7630
-4.5105261937e-002 9.5881775315e-003 -1.3700844156e+000
24 28 21
2 5 380 -21.7750 4.1170 7 362 -131.2680 -52.7560
1.9184868153e-001 -2.2367127767e-002 -1.4444284909e+000
57 57 56
2 5 435 87.8340 -10.3420 7 468 -33.6360 -86.4370
2.9084888733e-001 -3.1449700280e-002 -1.5280218077e+000
213 212 207
2 5 442 126.0990 -13.9150 7 496 15.4040 -91.5370
2.1168042739e-001 -8.2640765919e-002 -1.4626336064e+000
49 50 45
2 5 500 96.1280 -38.1450 7 557 -27.6040 -108.0830
4.8826900921e-001 -1.4244991399e-001 -1.7321217591e+000
72 105 56
2 5 550 186.7960 -55.1240 7 618 101.5240 -127.1860
2.2664637122e-001 -1.2208234365e-001 -1.4701436114e+000
207 200 200
2 5 552 101.9660 -55.3520 7 606 -23.3250 -123.7880
5.3238834202e-001 -1.4257947134e-001 -1.7072153751e+000
87 145 68
2 5 554 206.5070 -55.9040 7 639 114.7750 -135.9390
2.7801743471e-001 -2.6390328790e-001 -1.4542063563e+000
165 174 94
2 5 643 127.0500 -121.4030 7 752 -17.6390 -181.5610
2.3744266012e-001 -3.3411556201e-001 -1.3899725630e+000
30 48 45
2 5 874 113.1310 -159.7190 7 911 -47.5110 -211.5720
2.0782101993e-001 -3.4331407989e-001 -1.3682395781e+000
60 61 61
2 5 943 100.5360 -166.5190 7 946 -62.5380 -214.4970
1.1707988598e-001 -3.6387349536e-001 -1.3271851784e+000
112 129 122
2 5 1049 58.1380 -181.3600 7 956 -103.3210 -216.1640
1.6681966304e-002 6.2583290629e-002 -1.4657711301e+000
183 73 107
2 5 1319 7.0000 28.4070 7 1091 -86.4760 -31.1690
1.5570989208e-003 3.8563273498e-003 -1.3841851164e+000
209 216 211
2 5 1336 1.0980 1.0020 7 388 -112.5000 -58.6750
5.9824831970e-002 -2.7361806397e-001 -1.4153055179e+000
45 67 41
2 5 1414 27.8160 -128.8450 7 693 -100.1830 -161.8160
2.8171398844e-001 -2.8674708311e-001 -1.4444689822e+000
170 149 15
2 5 1420 129.3040 -132.3520 7 1195 -19.3090 -191.9330
2.0139671970e-001 -3.4291021629e-001 -1.3594890063e+000
33 38 34
2 5 1475 98.5640 -167.9120 7 945 -66.7680 -214.2070
2.2405401343e-001 4.7472468355e-001 -1.7240977326e+000
193 211 211
2 5 1524 85.6200 183.4977 7 1472 55.9040 118.5260
2.1824926843e-001 4.0460268890e-001 -1.6682920036e+000
189 219 233
2 5 1536 86.7770 161.0000 7 1236 41.0000 91.5000
-2.9304401841e-002 4.2771949805e-002 -1.4165670274e+000
188 85 115
2 5 1633 -14.1190 19.9360 7 1332 -113.5980 -37.8440
7.9265286260e-002 -2.5264811395e-001 -1.4313244891e+000
53 103 61
2 5 1739 36.7720 -118.0460 7 1431 -89.6340 -154.4380
8.2473494737e-002 -2.7920091583e-001 -1.4374099845e+000
33 59 38
2 5 1755 37.8430 -129.5580 7 1433 -88.6230 -163.2380
1.8984710857e-001 -2.3831816976e-002 -1.4425934261e+000
15 14 12
2 5 1920 87.0000 -11.0000 7 1373 -34.7740 -87.0000
2.7526641825e-001 -8.5028886720e-002 -1.5291622384e+000
216 217 212
2 5 1930 119.0000 -37.0000 7 1155 6.1730 -108.9480
3.6865384004e-001 4.8777815343e-001 -1.7390442517e+000
173 183 164
3 5 14 140.0930 186.5724 0 9 104.4240 153.4578 1 25 128.4830 157.4282
3.8626410655e-001 4.6782376925e-001 -1.7571375788e+000
178 190 174
3 5 28 145.2290 177.7143 0 21 110.9460 145.0105 1 53 136.0830 145.8248
-2.8533894445e-002 4.0940061589e-001 -1.5692849497e+000
124 121 116
3 5 30 -12.8920 174.0700 0 20 -55.5800 145.7154 1 1351 -48.6110 157.9374
3.1816061332e-001 4.3817815607e-001 -1.7367064913e+000
167 177 191
2 5 41 121.0150 169.3229 0 36 84.5180 135.0120
2.4127911579e-001 3.9633020464e-001 -1.6576448922e+000
35 61 62
2 5 62 96.1190 159.1503 0 55 49.9060 129.0530
-2.9462293758e-002 3.6025392873e-001 -1.5537593190e+000
138 134 132
2 5 75 -13.3350 154.4364 1 68 -56.5200 140.5498
1.8108895869e-002 2.8605901853e-001 -1.5508231245e+000
175 182 166
2 5 124 6.9410 124.1400 1 130 -48.1660 107.6410
4.6579456440e-001 3.2503274006e-001 -1.8000852542e+000
147 150 136
3 5 139 171.5000 119.2390 0 117 136.8610 87.8370 1 174 159.5000 83.3750
4.9000670991e-001 1.9410036844e-001 -1.8314895368e+000
148 161 135
2 5 221 177.4520 70.2370 0 175 141.6960 40.3020
-6.5165547154e-002 1.6331420788e-001 -1.6187400217e+000
196 115 128
2 5 228 -27.1900 63.0740 1 192 -67.3400 67.5510
-1.2581511404e-001 1.5275717092e-001 -1.7001683795e+000
190 111 116
2 5 240 -49.9820 55.0440 1 195 -67.1490 65.1530
-1.2291111700e-001 1.0330757615e-001 -1.3309785048e+000
85 165 177
2 5 251 -61.3220 51.4760 1 208 -166.6180 55.4100
2.3531400640e-001 1.0439698649e-001 -1.5958283514e+000
71 99 47
2 5 262 97.6690 43.2700 0 1227 31.3980 22.4410
5.4388180950e-002 6.5183343557e-002 -1.3565307319e+000
174 94 125
2 5 283 26.5820 34.7770 0 226 -70.0620 16.3070
-5.4433867995e-002 6.9175571861e-002 -1.3960766463e+000
66 145 169
3 5 288 -26.1680 32.1880 0 202 -105.3510 25.1670 1 247 -129.0940 33.0940
2.6207401732e-001 6.6118457226e-002 -1.5346390866e+000
139 109 105
2 5 302 113.3750 27.5000 1 358 12.7700 1.5330
1.3643534595e-001 5.7824691530e-002 -1.5289552101e+000
205 217 207
2 5 313 58.9540 24.9770 0 242 -14.6220 9.2360
1.2094097627e-001 5.2965068096e-002 -1.5184557749e+000
178 187 172
3 5 322 52.6760 22.3630 0 246 -22.1270 9.0820 1 326 -41.4510 8.2710
1.2024226845e-001 4.3372550491e-002 -1.4966100613e+000
100 110 99
3 5 328 53.5790 19.6260 0 258 -26.5470 4.4200 1 345 -47.3070 4.7420
2.0606911677e-001 4.3435981516e-002 -1.4646426982e+000
170 142 131
2 5 329 93.2880 19.1620 0 267 4.5060 2.5110
1.1373393642e-001 3.8896016540e-002 -1.4877502558e+000
117 123 106
2 5 335 50.4990 17.5540 0 263 -29.0670 2.9650
8.5488132031e-002 3.3110136875e-002 -1.4546593169e+000
177 190 180
2 5 337 38.7290 15.2660 1 342 -71.2360 4.2750
9.9642511456e-002 3.4039166036e-002 -1.4708907697e+000
60 72 59
2 5 338 44.7310 15.7240 0 265 -36.8660 1.6640
6.1456256782e-002 2.9614805853e-002 -1.4546597991e+000
192 201 190
2 5 345 27.7860 13.3920 0 264 -53.8560 2.1590
1.9946335134e-001 2.8527536512e-002 -1.4647803467e+000
143 81 41
3 5 346 90.7000 12.5950 0 283 0.2380 -3.5270 1 412 -29.2280 -8.5860
8.5807747812e-002 2.7758850690e-002 -1.4722654833e+000
63 76 59
2 5 348 38.4060 12.4300 1 1423 -66.9730 1.9780
1.8728325325e-001 2.4422876367e-002 -1.4470056197e+000
126 60 25
3 5 349 86.5070 11.1050 0 289 -7.5010 -4.7260 1 411 -38.0730 -8.9590
6.7111752660e-002 2.2983396454e-002 -1.4575341208e+000
68 79 70
2 5 355 30.3210 9.5750 0 275 -51.5000 0.0380
5.7310726444e-002 1.7095933586e-002 -1.4403996025e+000
53 70 60
2 5 361 26.1470 7.8400 1 364 -85.6330 0.6160
3.7488619174e-002 1.0533725283e-002 -1.4265626471e+000
110 121 109
2 5 382 17.2040 4.7470 1 363 -96.3680 0.0630
5.8060588539e-002 9.1965892676e-003 -1.4398172672e+000
142 164 155
2 5 390 26.5520 3.5420 0 287 -58.1070 -5.1980
6.6901743868e-003 4.0429331824e-003 -1.3943232046e+000
167 175 167
2 5 392 3.0230 1.6910 0 285 -85.1870 -5.1120
3.8116253928e-002 7.3831837558e-003 -1.4268501531e+000
145 158 149
3 5 395 17.5580 2.8050 0 294 -67.8440 -5.1380 1 378 -96.3030 -1.0880
5.5451743369e-002 2.0462425107e-003 -1.4405823638e+000
60 75 65
2 5 399 25.3200 0.7750 0 313 -59.3560 -8.6440
3.8007945889e-002 -1.0101380809e-003 -1.4247687357e+000
61 75 65
3 5 405 17.4420 -0.5870 0 312 -68.5960 -8.4440 1 397 -97.6180 -5.2610
1.9836354340e-001 -1.9090670554e-002 -1.4554950402e+000
221 218 219
2 5 428 90.3630 -9.1610 0 352 -2.2920 -23.1970
1.9039123350e-001 -2.7387994993e-002 -1.4493412229e+000
213 209 210
3 5 438 87.0240 -12.9540 0 360 -6.4830 -26.0150 1 473 -41.9540 -31.9460
4.3047106618e-002 -3.0201050667e-002 -1.4304006501e+000
82 146 108
2 5 440 19.7500 -14.2500 0 344 -67.0080 -21.2640
2.1187542230e-001 -2.7474226888e-002 -1.4621430050e+000
220 216 215
3 5 441 95.9560 -12.9840 0 370 3.7830 -27.1960 1 486 -31.1790 -34.0300
1.8917164719e-001 -4.1095628219e-002 -1.4460475061e+000
62 54 54
3 5 453 86.7500 -19.4940 0 1258 -8.1060 -31.5300 1 504 -44.3500 -37.6830
2.4830157836e-001 -4.3979048343e-002 -1.4923057627e+000
222 222 221
2 5 454 110.3110 -19.9830 0 1267 20.5490 -35.8130
2.1484044710e-001 -5.4760807138e-002 -1.4663619383e+000
208 208 203
3 5 458 96.9850 -24.9510 0 399 4.4070 -39.5000 1 527 -31.5980 -45.6840
2.0103831800e-001 -5.8916391613e-002 -1.4551732571e+000
206 209 207
2 5 466 91.5940 -27.4440 0 402 -2.9600 -39.8360
2.3539676209e-001 -6.3987949036e-002 -1.4804863507e+000
146 144 142
2 5 471 105.4090 -29.2730 0 411 13.3530 -43.3760
2.7244451518e-001 -7.8248315410e-002 -1.5034371822e+000
212 217 210
3 5 490 120.0110 -34.8880 0 1285 30.0740 -51.0650 1 1485 -3.8600 -62.2400
2.7805331768e-001 -8.5140077984e-002 -1.5147138403e+000
35 35 33
3 5 499 121.8000 -37.8380 0 453 32.5280 -53.7030 1 607 0.5000 -65.7540
7.0753509732e-001 -1.1855604686e-001 -2.0137508416e+000
170 165 172
2 5 504 233.0500 -39.6000 0 497 209.3300 -76.3100
2.1731437922e-001 -9.2287227782e-002 -1.4575409365e+000
197 201 194
3 5 513 98.8230 -42.6190 0 454 2.4350 -54.5040 1 588 -36.0580 -62.6130
2.0994944285e-001 -1.1419300490e-001 -1.4598707782e+000
207 207 205
3 5 545 95.4860 -52.9020 0 479 -1.2310 -63.8730 1 611 -39.9530 -70.0670
2.0181327689e-001 -1.2465968654e-001 -1.4562231599e+000
140 68 60
3 5 551 91.5730 -55.7620 0 485 -5.9230 -66.0790 1 648 -44.5670 -77.5580
2.0470335584e-001 -1.3109227333e-001 -1.4547324892e+000
114 87 19
2 5 559 93.2560 -60.1920 0 491 -4.6770 -70.3990
3.1825027803e-001 -1.4635831670e-001 -1.5438458752e+000
162 119 115
2 5 563 136.5970 -63.5600 0 498 48.7850 -80.0030
3.2640609373e-001 -1.5447653539e-001 -1.5506149496e+000
99 10 3
2 5 565 139.4790 -66.9980 0 514 52.2590 -83.2590
6.1951792450e-001 -1.7883150533e-001 -1.6403325406e+000
73 119 60
2 5 572 249.3760 -72.4550 0 554 173.2360 -105.5110
2.6253816209e-001 -1.6786645265e-001 -1.4984953394e+000
160 113 113
2 5 573 116.0320 -74.6890 1 693 -16.5500 -99.4500
2.5078499997e-001 -1.6804052490e-001 -1.4832292218e+000
165 123 119
3 5 575 111.6310 -75.5620 0 1629 16.1070 -87.0920 1 1518 -24.8990 -98.6900
6.0019861053e-001 -2.2358741878e-001 -1.6622501716e+000
50 47 48
2 5 588 238.5350 -89.4150 0 574 163.9170 -121.2510
5.3415062514e-002 -2.1442183006e-001 -1.4173477562e+000
86 126 96
2 5 599 24.8030 -100.7370 0 545 -72.9070 -98.2520
3.5344850891e-001 -2.3929745449e-001 -1.5624804504e+000
224 192 98
2 5 601 149.7620 -102.0980 0 571 60.2950 -118.8040
4.6519590538e-001 -2.4458506291e-001 -1.5114868244e+000
64 89 13
2 5 608 203.2970 -107.5540 0 583 102.2370 -129.9720
4.7309250230e-001 -2.5002999994e-001 -1.5142927888e+000
21 47 2
2 5 609 206.1630 -109.0410 1 1905 59.3980 -164.6660
4.7875650679e-001 -2.4501497501e-001 -1.4979717089e+000
64 108 47
2 5 610 210.9900 -107.9940 0 1661 107.1190 -132.3950
4.2722967034e-001 -2.5399395265e-001 -1.5590320166e+000
33 36 9
2 5 612 181.2500 -109.2200 0 1327 89.0640 -128.2570
4.1630586281e-002 -2.3402012772e-001 -1.4037623814e+000
54 95 53
3 5 615 19.5980 -111.2680 0 555 -80.4670 -106.4480 1 708 -121.2220 -101.3400
4.9364782113e-001 -2.6966023641e-001 -1.5037959421e+000
96 188 99
3 5 632 216.3760 -118.5980 0 640 112.8430 -142.3400 1 980 63.5600 -177.6530
5.0575463191e-001 -2.7275306718e-001 -1.4993976801e+000
77 164 78
2 5 641 222.4530 -120.4270 0 648 117.5300 -145.3060
5.5052585325e-001 -2.7850929693e-001 -1.4824298807e+000
91 191 103
2 5 660 244.4840 -124.5500 0 675 135.9960 -151.3380
4.7688572529e-001 -2.8946910668e-001 -1.5230065040e+000
43 44 34
2 5 670 206.6980 -126.3660 0 656 105.8220 -148.5790
4.8952548033e-001 -2.8566044242e-001 -1.4872538161e+000
133 128 100
2 5 673 217.0630 -127.8840 0 660 109.5240 -149.8450
5.2218005498e-001 -2.9407170794e-001 -1.4964221199e+000
48 59 59
2 5 674 229.9450 -129.9230 0 696 123.4780 -155.6750
5.2075833212e-001 -2.9094156413e-001 -1.4720669218e+000
57 70 74
2 5 676 232.9110 -130.4660 1 1127 66.0240 -194.3380
5.6060783736e-001 -3.3081628458e-001 -1.4419385361e+000
72 82 94
2 5 794 255.3330 -150.3030 0 899 136.3330 -179.4020
1.5796211656e-001 -3.1929171714e-001 -1.3727915951e+000
176 208 211
2 5 823 76.1480 -154.3190 0 663 -42.5340 -151.4320
5.4861954570e-001 -3.3408914540e-001 -1.4144848765e+000
98 112 110
2 5 840 254.5850 -155.4780 0 917 129.8130 -181.6800
1.3439346000e-001 -3.2673784436e-001 -1.3747367191e+000
32 47 45
2 5 853 64.6890 -157.3410 0 679 -52.2620 -153.3360
3.0660918121e-001 -3.3082620742e-001 -1.3901418032e+000
104 120 123
2 5 855 145.5690 -157.3260 1 1033 -42.9090 -183.4040
1.5881007458e-001 -3.2450385991e-001 -1.3585771746e+000
115 148 202
2 5 863 77.3640 -158.5680 0 683 -44.4500 -154.5780
2.1277356080e-001 -3.2719563475e-001 -1.3718550082e+000
51 52 58
2 5 864 102.5750 -158.3930 0 717 -20.2810 -158.3420
2.0168662960e-001 -3.2872721832e-001 -1.3680604431e+000
64 69 83
2 5 871 97.5110 -159.4970 0 715 -25.5010 -158.6190
1.7650584292e-001 -3.3250548851e-001 -1.3666466459e+000
91 92 100
3 5 892 85.0700 -161.5770 0 711 -35.4800 -158.5500 1 880 -96.5050 -164.5280
1.6433306433e-001 -3.3381054052e-001 -1.3641298825e+000
103 102 102
3 5 903 80.0570 -162.5090 0 708 -42.6020 -158.4280 1 874 -100.5100 -163.4340
2.2451749061e-001 -3.3764651261e-001 -1.3716937181e+000
79 84 87
2 5 910 108.2120 -163.2590 0 770 -15.8820 -163.8790
3.2547778768e-001 -3.4919681054e-001 -1.3780216352e+000
123 163 144
2 5 957 155.8470 -167.6610 0 870 27.3360 -175.6560
2.0580589420e-001 -3.4847376584e-001 -1.3676160345e+000
16 15 11
2 5 967 99.4860 -168.9350 1 958 -87.0120 -175.9980
2.8869923435e-001 -3.5664175244e-001 -1.3791822018e+000
185 197 198
2 5 985 138.2040 -171.0870 0 867 11.2940 -176.3200
1.8087686428e-001 -3.5325872977e-001 -1.3527400997e+000
16 23 18
2 5 992 88.5000 -173.3960 1 952 -100.3230 -174.8960
1.3815306822e-001 -3.5714073332e-001 -1.3438507103e+000
109 126 120
3 5 1016 68.1650 -176.2090 0 795 -56.8450 -168.9300 1 917 -117.6510 -170.3340
-5.9000393155e-002 -3.8809063725e-001 -1.4133630233e+000
128 125 130
2 5 1059 -28.0060 -182.6150 0 753 -123.3410 -162.5940
-4.7106022350e-002 -3.9586306763e-001 -1.4185783588e+000
129 128 136
2 5 1084 -22.3610 -185.9170 0 773 -118.2350 -165.7810
4.7758490986e-001 -3.8148310285e-001 -1.3292106716e+000
11 20 9
2 5 1111 235.5070 -188.3800 0 1072 89.9360 -206.8710
4.3326930760e-001 -3.8028824566e-001 -1.3101675886e+000
26 26 26
2 5 1124 216.9830 -190.9770 0 1058 67.8580 -204.5710
-7.5308838847e-002 -4.0828823665e-001 -1.4127706541e+000
89 85 83
2 5 1132 -35.6670 -192.0040 0 811 -130.3140 -169.8350
4.5743246551e-001 -3.9113755859e-001 -1.3185115451e+000
77 80 69
2 5 1141 227.4310 -194.4470 0 1130 79.1770 -211.2570
4.5274685480e-001 -3.8853421690e-001 -1.3188381068e+000
54 53 48
2 5 1144 225.1020 -193.5000 0 1103 77.2100 -209.2640
-6.6564747855e-002 -4.1666168554e-001 -1.4155114276e+000
117 113 117
2 5 1146 -31.5050 -195.5240 0 854 -126.9310 -173.6220
1.6245071441e-001 -3.8861515938e-001 -1.2898976623e+000
26 42 31
3 5 1157 83.3340 -198.6650 0 962 -56.5290 -189.8630 1 1104 -128.9570 -192.9010
3.8880717304e-001 -3.9540699479e-001 -1.2990761043e+000
88 83 77
2 5 1162 196.5430 -200.1450 0 1100 45.3740 -209.5250
3.6743974335e-001 -3.9739146051e-001 -1.2923701069e+000
88 85 80
2 5 1169 186.7950 -202.3200 0 1099 34.7280 -209.4000
3.2388933768e-001 -4.0287986871e-001 -1.2835090157e+000
82 76 70
2 5 1186 165.9700 -206.5060 0 1096 13.4390 -209.5660
3.0243202933e-001 -4.0414918570e-001 -1.2739870964e+000
84 81 73
2 5 1195 156.2020 -208.6520 0 1095 2.3970 -209.5520
3.2479652515e-001 -4.0771454862e-001 -1.2797245760e+000
119 151 140
2 5 1199 166.8840 -209.3840 0 1138 13.1290 -212.4980
1.8857764718e-001 -4.0536397337e-001 -1.2660063858e+000
132 155 141
3 5 1209 98.3940 -211.4360 0 1033 -49.5230 -201.5610 1 1228 -129.1680 -207.1110
2.6797868454e-001 -4.1429405058e-001 -1.2844050360e+000
31 39 30
2 5 1217 137.4150 -213.1490 0 1094 -12.0830 -209.3990
-2.2527571862e-001 2.2024996779e-001 -1.3731622471e+000
149 134 130
2 5 1273 -109.1490 107.2000 0 1184 -165.9260 90.6140
8.1351653641e-002 2.6440183309e-002 -1.4463335088e+000
53 67 50
2 5 1327 37.1400 11.7810 0 269 -47.5000 0.5000
3.6640889196e-002 -9.5172957689e-003 -1.4313515901e+000
126 140 128
2 5 1341 16.6540 -4.1830 1 1767 -97.0000 -8.7500
2.4814178942e-001 -1.1313702194e-002 -1.4910657677e+000
47 17 18
2 5 1343 110.3410 -5.5260 0 1563 21.7500 -22.2500
2.0789821233e-001 -1.4682564950e-002 -1.4603838224e+000
39 33 31
2 5 1345 94.3920 -7.1860 0 1249 2.2730 -21.7310
2.4685216931e-001 -1.8125450196e-002 -1.4945779509e+000
73 35 35
2 5 1347 109.5080 -8.6680 0 1255 21.3140 -24.8820
1.7636517044e-002 -6.3472980595e-002 -1.4011022366e+000
56 105 76
2 5 1362 8.1690 -30.4110 1 1441 -115.9180 -28.6310
2.0516115739e-001 -8.1238483566e-002 -1.4561357544e+000
207 208 206
2 5 1372 93.3410 -37.1570 1 1811 -39.7500 -56.7500
-5.9386964098e-002 -9.1244526175e-002 -1.3746812446e+000
206 180 149
2 5 1379 -28.6670 -45.4750 1 1448 -149.4970 -30.8970
2.3596695711e-001 -1.1632535266e-001 -1.4767332090e+000
29 24 21
3 5 1384 105.9340 -52.8870 0 484 10.8490 -65.0070 1 1502 -26.6730 -74.8570
1.9247441296e-001 -1.1748312676e-001 -1.4541224494e+000
213 204 196
2 5 1386 87.7180 -53.3490 0 1603 -9.1340 -64.8310
2.8625432777e-001 -1.6243825458e-001 -1.5575004339e+000
189 146 141
2 5 1393 121.7770 -70.9830 0 1622 36.8920 -83.3410
3.5092797044e-001 -2.3278500762e-001 -1.5711817933e+000
196 63 18
2 5 1398 147.8910 -98.6930 0 1319 60.2170 -115.7700
8.7024588224e-002 -2.5395217724e-001 -1.4414912143e+000
104 139 98
3 5 1402 39.5700 -117.4700 0 565 -57.5010 -114.8980 1 1528 -98.1650 -114.7230
1.9198493523e-001 -3.4421350062e-001 -1.3650299455e+000
108 102 84
2 5 1474 93.0050 -167.7040 0 769 -30.5750 -164.5250
2.3305147608e-001 3.9352843973e-001 -1.6699165010e+000
31 39 43
2 5 1539 92.1360 156.7820 0 1451 47.7490 127.3150
4.2545100283e-002 3.0303881445e-001 -1.6260308066e+000
208 238 191
3 5 1565 16.7260 124.0390 0 1178 -28.0150 100.7470 1 1374 -21.8330 109.4810
3.5204666500e-001 2.8118309292e-001 -1.7270771539e+000
227 111 174
2 5 1577 135.0000 109.0000 0 1477 90.6290 79.0910
2.9168378477e-001 2.6276856553e-001 -1.6660516009e+000
103 0 0
2 5 1578 115.9110 105.0440 0 1478 64.0570 77.7690
3.2106551943e-001 2.6543977464e-001 -1.6785949292e+000
216 95 157
2 5 1579 126.6820 105.2240 1 1685 80.9650 74.1480
-1.6132983792e-001 1.8561742275e-001 -1.3846378422e+000
196 211 172
2 5 1587 -77.6260 88.2270 0 1190 -142.0190 76.2600
1.7307231446e-001 1.2892527927e-001 -1.6116975107e+000
22 55 32
2 5 1614 70.9440 52.6710 0 1219 10.7500 33.7500
2.7760252387e-001 6.8183108908e-002 -1.5126297159e+000
226 192 183
2 5 1630 121.7930 29.0460 1 1424 13.7500 1.0000
8.4023133812e-002 2.7971711136e-002 -1.4328050429e+000
48 62 48
2 5 1638 38.6420 13.4050 1 1756 -78.0000 2.2800
1.0706760602e-001 1.1668226314e-002 -1.4185811461e+000
47 36 29
3 5 1648 51.3780 4.1580 0 296 -44.9960 -5.3270 1 1432 -73.6930 -5.8480
5.8710368034e-002 6.9700682770e-003 -1.4333510415e+000
140 159 148
2 5 1650 27.0320 2.7060 1 1429 -87.9050 -3.1520
3.5718057464e-002 -7.5428294159e-003 -1.4178810751e+000
136 150 139
2 5 1664 16.5310 -4.2080 0 1549 -70.7110 -10.9520
2.4707323324e-001 -1.5558749379e-002 -1.4904967823e+000
58 12 12
3 5 1666 110.8710 -6.8980 0 1562 18.8850 -24.8000 1 1785 -9.1220 -32.3740
2.0349849645e-001 -4.1320395815e-002 -1.4533377795e+000
215 219 218
2 5 1675 92.8060 -19.0710 1 1787 -37.4890 -39.2560
2.4506484015e-001 -9.6482311228e-002 -1.4877263056e+000
34 35 33
2 5 1697 109.2080 -43.6010 1 2053 -19.0000 -67.0000
5.1874111886e-001 -1.2706020178e-001 -1.7261416948e+000
106 158 78
2 5 1703 199.1430 -49.9100 0 1616 137.6010 -77.0610
2.0534220920e-001 -1.3453978822e-001 -1.4529553229e+000
103 81 28
3 5 1709 93.5160 -61.0720 0 1611 -4.6440 -72.4700 1 1833 -45.3250 -79.6180
2.3280905760e-001 -1.7494704808e-001 -1.4711605897e+000
124 88 86
2 5 1718 104.8400 -79.4400 0 1631 6.5660 -89.5520
-8.2642303119e-002 -1.6231965990e-001 -1.3577951060e+000
127 168 169
2 5 1719 -40.5280 -79.6580 0 1609 -133.1190 -70.7920
2.7331331226e-001 -1.8055743928e-001 -1.5131476257e+000
202 159 65
2 5 1722 119.6560 -79.6560 0 1638 26.7760 -92.7100
3.6607738069e-001 -2.2508836209e-001 -1.5700347493e+000
49 20 11
2 5 1729 154.3870 -96.5010 0 1877 66.5730 -112.5150
4.6631677709e-001 -2.5955853721e-001 -1.5103476361e+000
236 239 89
2 5 1736 203.8930 -114.7710 0 1667 102.0810 -135.7820
4.8213997188e-001 -2.7536389156e-001 -1.5231634853e+000
19 38 4
2 5 1742 208.9720 -119.9180 0 1672 108.5980 -143.3210
5.0458390071e-001 -2.7142467430e-001 -1.4909079116e+000
77 164 80
2 5 1746 223.1700 -120.6180 0 1677 116.7050 -145.1090
5.4280852044e-001 -2.8408193851e-001 -1.5202037975e+000
103 197 109
2 5 1749 235.3270 -123.5030 0 1687 133.7130 -151.1350
4.9943452139e-001 -3.0075325261e-001 -1.4762651545e+000
87 138 123
2 5 1764 222.9380 -134.9670 0 1700 112.4640 -158.2590
2.0601376763e-001 -3.2086469993e-001 -1.4106247317e+000
133 156 204
2 5 1782 96.5920 -151.5430 0 1688 -17.7060 -152.0510
3.1356472490e-002 3.5279680630e-001 -1.5935673908e+000
117 107 100
2 5 1853 12.3340 147.6427 0 1782 -33.6090 121.4860
-1.3226049801e-002 3.2520041636e-001 -1.5520333030e+000
229 237 240
2 5 1856 -6.3640 139.5491 1 1973 -54.6550 126.1300
-1.3957933487e-001 1.9704355907e-001 -1.4033175609e+000
73 59 34
2 5 1872 -66.3750 93.0000 1 1674 -142.4380 91.9920
-1.1978063166e-001 1.9656373709e-001 -1.4027156323e+000
223 237 235
2 5 1873 -57.2000 94.1340 1 1675 -136.7910 89.0920
1.7089109440e-001 1.3974586028e-001 -1.6201187664e+000
28 65 36
2 5 1886 69.6570 56.9900 0 1813 11.1900 37.4810
2.7012757935e-001 5.7418670852e-002 -1.5330367547e+000
217 221 214
2 5 1896 116.7020 25.2870 1 2023 14.5000 -4.5000
7.9502953441e-003 -1.1682621872e-002 -1.3928041709e+000
154 174 163
2 5 1914 3.6400 -5.9090 1 2024 -117.1450 -5.8080
2.3973313474e-001 -5.5430663300e-002 -1.4581821128e+000
110 115 111
2 5 1924 109.0000 -25.0000 0 1845 13.0000 -41.0000
2.3681438249e-001 -8.8906122185e-002 -1.4674099153e+000
57 54 50
2 5 1934 107.1330 -41.3600 1 2051 -26.2180 -62.5470
-6.7189546500e-002 -2.1494840780e-001 -1.3645939814e+000
201 175 156
2 5 1953 -32.8140 -104.2830 0 1873 -128.3290 -94.1710
5.5604014072e-001 -3.1558548417e-001 -1.4523321337e+000
100 120 138
2 5 1976 251.6320 -143.8300 0 1719 135.6290 -170.0690
-1.1457987177e-001 2.0319173637e-001 -1.4024643456e+000
227 235 237
3 5 2002 -53.4320 96.4000 0 1794 -123.5050 79.5380 1 2123 -133.2600 93.2600
-1.5475573508e-001 1.0872114210e-001 -1.3143078242e+000
204 212 178
2 5 2012 -78.0800 55.5240 0 1944 -157.1040 46.1670
9.3847794764e-002 2.2833961645e-002 -1.4582722511e+000
200 188 155
2 5 2032 42.5540 9.9160 1 2165 -68.3450 -0.2170
2.0943422636e-001 -1.9343471860e-002 -1.4842571092e+000
85 83 78
3 5 2043 93.4780 -9.7570 0 1974 5.3430 -22.4990 1 2180 -25.6710 -30.8550
2.6881580827e-001 -1.8371247426e-001 -1.5009847979e+000
217 193 49
3 5 2061 118.2940 -81.3180 0 2011 24.3280 -94.3610 1 2226 -15.5060 -106.8310
6.7733300021e-002 -2.4559548934e-001 -1.4225092968e+000
90 165 106
2 5 2070 31.3750 -116.1710 0 1876 -67.6800 -110.3980
-1.1267987680e-001 2.0995859376e-001 -1.4086404612e+000
227 234 238
2 5 2082 -53.4510 98.5590 0 2035 -118.7260 83.0570
5.5624453274e-002 -1.7512641648e-001 -1.4295967798e+000
100 163 101
2 5 2116 25.5740 -81.7910 1 2290 -104.8640 -78.7460
3.3443474522e-001 5.1856756308e-001 -1.7191535220e+000
158 175 167
2 7 16 99.1150 125.9360 1 6 115.6970 173.8627
-2.5112944420e-001 3.8868595166e-001 -1.4328198617e+000
130 115 117
2 7 23 -167.6550 119.7400 0 8 -155.4810 153.0545
-1.9589428951e-002 4.3088417724e-001 -1.5738727618e+000
120 122 118
2 7 24 -56.4770 119.4330 0 10 -50.9320 152.9316
-1.9519996594e-002 4.2541394614e-001 -1.5714181387e+000
116 111 110
2 7 28 -57.2280 117.2380 1 14 -44.0360 164.2532
-2.7764024068e-002 4.1907177572e-001 -1.5673541110e+000
139 140 135
2 7 30 -61.1290 115.4260 1 16 -48.1880 162.3987
-2.1830748192e-001 3.5713036631e-001 -1.4193516521e+000
126 117 118
3 7 43 -161.1800 103.8940 0 24 -148.2570 141.4429 1 19 -148.1870 159.1922
-2.2581705220e-001 3.4435983299e-001 -1.4083973637e+000
131 117 121
2 7 54 -167.2550 99.2550 0 30 -153.3270 137.9330
2.7282434402e-001 4.3309801983e-001 -1.7309468596e+000
87 95 82
2 7 59 70.4430 98.3560 1 66 87.6300 141.0476
3.2383285448e-001 4.3840112042e-001 -1.7540801094e+000
200 219 231
2 7 61 92.5000 96.7500 1 1362 109.7910 138.5680
-2.1062413024e-001 3.3800445521e-001 -1.4116902400e+000
117 106 107
3 7 63 -161.6250 95.3420 0 35 -147.7400 134.8470 1 36 -149.5190 151.6856
3.2701413471e-001 4.3605776819e-001 -1.7394833411e+000
62 88 93
2 7 64 92.3010 95.3330 1 74 108.1560 138.5850
2.3539778251e-001 4.1560682753e-001 -1.6835394797e+000
180 196 206
2 7 67 50.0590 94.1560 0 41 50.8560 133.8540
3.1895980341e-001 4.3377646838e-001 -1.7248768726e+000
59 83 88
2 7 68 87.6510 94.7970 1 72 102.6060 139.2850
-2.2602517863e-001 3.2450932927e-001 -1.4117117874e+000
90 72 73
2 7 74 -167.3490 91.4100 0 52 -153.7330 129.9000
-2.3402046480e-001 3.0828886451e-001 -1.4100597552e+000
92 68 62
2 7 87 -171.0980 85.6230 0 70 -157.6200 123.8260
3.7908452126e-001 4.1560326999e-001 -1.7914291106e+000
191 214 205
2 7 91 114.4980 84.4690 1 103 133.6800 123.6960
3.8282739170e-001 4.0588877853e-001 -1.7795266900e+000
195 222 214
2 7 100 114.0990 80.1750 1 108 132.3980 120.4940
5.5905740581e-001 4.3084115484e-001 -1.9221578223e+000
53 44 56
2 7 104 190.2890 78.4030 1 1375 219.3010 110.3480
-2.1191848134e-001 2.9496993025e-001 -1.3948266541e+000
158 152 152
2 7 105 -168.1380 77.7270 0 76 -153.3400 119.5010
4.0202646338e-001 3.8304647118e-001 -1.7934447098e+000
189 207 191
2 7 113 120.4660 70.4860 1 124 139.5280 109.3050
2.8104261041e-002 3.0708456369e-001 -1.6234511749e+000
96 95 89
3 7 114 -39.1080 69.2440 0 98 -33.1410 102.5000 1 118 -26.6160 111.9790
4.0903720412e-001 3.8026150610e-001 -1.7972256407e+000
159 176 158
2 7 116 123.0740 68.9520 1 133 142.4810 107.5490
6.0459982983e-002 3.0624082754e-001 -1.6355884157e+000
150 140 130
3 7 119 -25.9710 66.7090 0 101 -20.2800 100.4990 1 128 -14.0720 109.1540
4.0552338705e-001 3.6992628170e-001 -1.8007249229e+000
198 216 208
3 7 120 121.1560 65.6740 0 91 116.6300 105.4730 1 136 140.6840 103.5680
3.7609734145e-001 3.3261342096e-001 -1.9116523812e+000
166 194 172
3 7 122 116.5280 63.4720 0 119 114.6740 85.7200 1 175 138.0680 82.0240
4.2090695148e-001 3.5205335091e-001 -1.8029181738e+000
121 136 111
3 7 130 125.3220 57.7160 0 104 121.5760 98.4870 1 148 145.3040 95.6960
-2.3730225888e-001 2.3131053383e-001 -1.3980583015e+000
138 127 131
3 7 131 -176.5310 57.4750 0 107 -163.4840 94.3240 1 123 -172.4560 109.6060
4.3009016112e-001 3.5168209369e-001 -1.7961109730e+000
182 199 187
3 7 134 128.5020 56.4820 0 105 124.5130 98.4190 1 149 147.5000 95.5000
4.2068171247e-001 3.3279359145e-001 -1.8135629950e+000
184 200 183
3 7 141 124.5000 51.0830 0 116 121.4210 89.4580 1 164 144.9340 88.9820
4.9180978841e-001 3.3629901808e-001 -1.8047626429e+000
194 205 200
2 7 151 150.4560 45.4750 1 169 171.0960 84.2460
4.2790199906e-001 3.1034428565e-001 -1.8097670069e+000
182 202 191
3 7 152 125.0520 42.1890 0 122 122.6920 83.3570 1 180 145.1960 78.2210
5.8342164688e-001 3.2395448202e-001 -1.9819318090e+000
87 86 84
2 7 153 192.8040 41.6590 1 196 224.3790 64.1310
4.7737041421e-001 3.1614423426e-001 -1.7985075519e+000
175 186 180
3 7 156 142.8260 38.9550 0 121 140.3170 84.6650 1 182 162.9890 78.0780
-2.4805345418e-001 1.8100163219e-001 -1.3725651272e+000
117 98 90
2 7 162 -190.2080 35.3980 1 150 -183.7030 93.5070
5.9227278360e-001 3.0757097549e-001 -1.9809241218e+000
90 93 86
2 7 163 193.9910 35.1000 1 203 226.5730 57.5000
4.3990669676e-001 2.9326454197e-001 -1.8075295797e+000
164 185 170
2 7 164 127.5370 34.8850 0 131 126.4820 77.4250
5.9288238533e-001 3.0117659351e-001 -1.9895685705e+000
44 46 40
2 7 165 193.5000 33.1450 1 210 227.5000 54.8750
4.5371136831e-001 2.6972580556e-001 -1.8027755092e+000
151 167 143
2 7 183 130.1490 24.7630 1 200 150.4560 60.3640
3.5328602291e-001 2.6212590160e-001 -1.6810852377e+000
252 143 218
2 7 184 80.7800 24.1790 1 191 93.5000 70.5000
4.7683035467e-001 2.7764923289e-001 -1.7915365198e+000
197 217 211
2 7 186 138.4610 24.6950 1 198 158.4530 62.3580
3.8410507490e-001 2.2578603025e-001 -1.8579072516e+000
150 185 88
3 7 195 106.3490 19.4510 0 158 106.7110 52.6280 1 225 128.7230 46.3200
4.6700524601e-001 2.5937380929e-001 -1.7948828814e+000
116 129 109
2 7 196 133.6150 19.3180 1 206 153.3770 55.5310
4.7401519958e-001 2.5770434170e-001 -1.7964783096e+000
177 194 188
3 7 200 137.0000 18.0000 0 144 136.5960 64.3390 1 212 155.8110 54.4740
3.7450884079e-001 2.0286402705e-001 -1.8632103672e+000
74 138 59
3 7 205 102.8480 12.8560 0 170 102.3220 44.6960 1 1395 123.5950 38.2440
4.8365146443e-001 2.1784037734e-001 -1.8232158353e+000
120 130 105
2 7 216 138.1350 4.7540 0 163 139.9450 48.8900
5.6001728704e-001 2.1742474353e-001 -1.9119688225e+000
207 210 208
2 7 218 171.2530 3.3790 1 267 199.3340 27.7150
5.5654431408e-001 2.0500019161e-001 -1.9169435332e+000
119 87 71
2 7 225 168.8400 -0.1010 0 179 167.6070 38.8790
4.8913381890e-001 1.9512618569e-001 -1.8291883406e+000
159 174 151
3 7 231 138.9040 -3.9870 0 172 139.7720 42.5970 1 278 161.4910 25.6240
3.6712022663e-001 1.4819114284e-001 -1.8321442510e+000
194 230 106
2 7 235 92.3760 -7.0970 1 298 112.3540 18.7050
-1.0120860101e-001 1.1171317175e-001 -1.3538268391e+000
181 106 109
2 7 237 -149.0660 -8.7700 1 204 -152.5310 56.4460
3.6223080288e-001 1.4450096261e-001 -1.8250180742e+000
62 108 16
2 7 241 89.5000 -8.5000 1 300 109.4730 17.9510
-1.5129320008e-001 9.6513477620e-002 -1.3120672614e+000
181 149 125
2 7 244 -177.3330 -12.6480 1 207 -181.5140 55.6740
5.5124093241e-001 1.5141403819e-001 -1.9322152137e+000
177 185 176
2 7 253 163.4280 -16.4990 1 348 192.5000 2.7820
4.6480464874e-001 1.4106061900e-001 -1.8424822735e+000
60 116 51
2 7 266 126.6960 -18.2750 1 329 148.2130 7.5080
5.1419759157e-001 1.3376381969e-001 -1.9239684183e+000
86 80 67
2 7 267 149.2430 -19.1260 1 1426 175.8150 -0.8090
5.2220053639e-001 1.3555423159e-001 -1.9259081819e+000
123 108 92
2 7 270 151.6760 -19.4040 1 374 179.6590 -0.6310
5.3023536228e-001 1.3039241383e-001 -1.9305817563e+000
126 115 105
2 7 275 154.1660 -21.5660 1 389 182.8100 -3.2860
6.4173184737e-001 1.4438911361e-001 -2.0146886876e+000
141 138 145
2 7 276 197.4450 -21.3820 1 416 234.3940 -8.4490
6.4396224350e-001 1.3459552051e-001 -2.0153364118e+000
112 106 113
2 7 282 197.4990 -24.6350 1 428 234.3000 -12.3510
1.7895145085e-001 9.6024862380e-002 -1.5870531618e+000
112 148 126
2 7 285 -6.9840 -25.8160 1 296 -2.2440 19.6430
-6.6434528857e-002 6.9945370974e-002 -1.3821818753e+000
36 129 157
3 7 287 -132.6000 -26.6330 0 201 -112.5320 25.4180 1 242 -136.5680 35.3290
-5.2194474559e-002 6.8851071972e-002 -1.3821246231e+000
44 136 161
2 7 295 -127.6090 -28.4000 1 245 -132.7000 33.5000
1.9764112114e-001 7.5181364559e-002 -1.5849498100e+000
185 185 159
3 7 318 -2.4990 -35.8540 0 234 14.9200 12.9520 1 325 2.3610 9.4110
1.3322706845e-001 5.1190715539e-002 -1.5278264513e+000
47 57 43
2 7 336 -35.2860 -42.4750 0 253 -16.3230 6.8040
6.4778833289e-002 3.0150759715e-002 -1.4504218084e+000
140 152 137
2 7 351 -74.6820 -49.9980 1 336 -79.5680 5.3740
2.8879669098e-001 7.1655761554e-002 -1.5304136416e+000
182 168 148
2 7 363 22.5370 -52.7910 0 244 45.1750 9.1560
1.4523313977e-002 1.1719408099e-002 -1.4013831288e+000
154 165 153
3 7 374 -103.3510 -56.3600 0 279 -80.9420 -2.1210 1 346 -110.5390 3.2250
-2.1609454428e-002 7.2274571646e-003 -1.3593766904e+000
87 104 86
3 7 384 -125.3460 -58.4820 0 278 -102.5000 -1.5260 1 340 -134.3870 5.3270
1.1355851510e-002 5.6217822350e-003 -1.3916751188e+000
128 142 133
2 7 385 -107.0250 -59.1880 1 355 -114.9230 1.1560
3.6215085300e-001 8.5543153582e-002 -1.5147892442e+000
138 204 114
2 7 387 48.9660 -58.0430 0 236 74.3880 12.3800
4.4326033100e-001 9.8049020373e-002 -1.5381952142e+000
63 127 44
2 7 398 85.3110 -60.8650 1 388 87.0780 -3.5350
2.8291747547e-002 -1.3065089094e-002 -1.4183419629e+000
84 99 91
3 7 401 -95.5000 -65.5000 0 323 -74.5000 -13.5000 1 409 -103.7320 -8.3030
4.1546016293e-001 7.9633430546e-002 -1.5212293834e+000
84 157 59
2 7 410 70.4810 -66.5450 1 413 70.6220 -8.6810
2.6656073599e-001 3.0939992644e-003 -1.5085301480e+000
127 9 1
2 7 440 5.8630 -78.0700 0 336 31.5510 -17.4750
2.5084152361e-001 -1.5697542337e-003 -1.4921171018e+000
188 181 181
3 7 442 -2.4650 -79.6410 0 339 23.5090 -18.6600 1 458 -7.6440 -27.0640
2.0949065801e-001 -1.3392523702e-002 -1.4571921800e+000
69 69 71
2 7 450 -23.8940 -83.0480 1 1442 -32.4370 -27.8960
2.1764710697e-001 -1.4329651348e-002 -1.4677349808e+000
156 156 152
3 7 456 -19.8270 -83.3610 0 348 7.1320 -22.3670 1 460 -26.4550 -28.8680
2.5815818932e-001 -1.1409083675e-002 -1.5008366959e+000
229 44 38
3 7 457 0.6640 -83.2390 0 349 26.7080 -22.5220 1 476 -3.5110 -32.5000
2.7674117279e-001 -1.1851612559e-002 -1.5104067617e+000
153 13 11
2 7 459 9.2090 -84.7940 0 359 34.7250 -23.8780
2.0940229434e-001 -1.6431248093e-002 -1.4453953149e+000
17 15 16
3 7 469 -27.5560 -86.5900 0 347 0.8140 -22.2910 1 467 -34.2030 -28.8260
2.3222202072e-001 -1.9376559238e-002 -1.4682766504e+000
34 33 33
3 7 471 -14.3520 -87.3280 0 362 12.4470 -25.4870 1 479 -21.4770 -32.0350
2.4927432041e-001 -2.0237634548e-002 -1.4924546128e+000
77 14 10
3 7 473 -4.5340 -86.6670 0 365 21.8870 -26.3100 1 1452 -9.3930 -34.6070
2.5375624275e-001 -2.0829532587e-002 -1.4969532758e+000
158 49 47
3 7 474 -2.7040 -86.7190 0 366 24.4680 -26.6610 1 493 -6.6630 -35.5450
2.1124258981e-001 -2.4370103491e-002 -1.4600445474e+000
209 212 209
2 7 480 -24.0640 -87.3440 0 361 3.0860 -26.0860
2.3060869714e-001 -2.7108452579e-002 -1.4783348583e+000
22 23 23
3 7 484 -14.2770 -88.3310 0 371 12.9800 -28.1590 1 491 -20.3440 -35.9100
2.3130214688e-001 -2.8724445785e-002 -1.4844293551e+000
49 48 50
2 7 485 -13.1110 -88.4600 1 501 -18.5650 -36.5140
2.2016495528e-001 -3.1523057827e-002 -1.4677633720e+000
20 20 21
3 7 493 -21.0600 -90.4280 0 378 7.4460 -29.3010 1 1453 -26.2430 -36.5530
2.3767366227e-001 -2.9943978394e-002 -1.4859139422e+000
94 87 80
2 7 494 -11.1760 -89.8230 1 502 -15.5000 -37.5000
6.4992485244e-001 -5.8470756335e-002 -1.9520149517e+000
183 192 189
2 7 497 180.0960 -91.8920 1 663 212.6600 -86.3390
2.6608441424e-001 -3.7936568733e-002 -1.5020389930e+000
183 184 181
3 7 502 2.5190 -93.8230 0 393 28.5720 -34.0020 1 524 -3.0730 -44.5090
2.3470388215e-001 -4.6912061027e-002 -1.4740554438e+000
173 176 167
2 7 508 -14.5600 -96.7300 1 529 -21.7880 -44.9240
6.6741408884e-001 -7.2521311500e-002 -1.9656615341e+000
126 133 137
2 7 510 185.1830 -96.6860 1 670 219.5660 -93.0530
2.7713016740e-001 -5.3763237539e-002 -1.5199581300e+000
88 87 88
3 7 516 7.4630 -98.4630 0 404 34.4990 -40.9290 1 549 3.8240 -52.4070
2.0718181016e-001 -5.7628485903e-002 -1.4562783000e+000
43 48 42
3 7 520 -28.4830 -99.5170 0 403 -0.4550 -39.3700 1 534 -36.8440 -46.9210
2.7480195028e-001 -5.4306054295e-002 -1.5118092966e+000
24 21 23
3 7 521 5.3580 -99.4430 0 406 32.8090 -41.2210 1 548 1.0380 -52.3420
6.7438557771e-001 -7.7777885981e-002 -1.9601096061e+000
168 169 167
3 7 523 187.5400 -99.5140 0 483 199.5040 -62.8260 1 683 220.5830 -95.5000
2.5701057813e-001 -6.0096679411e-002 -1.4967031873e+000
95 96 91
2 7 527 -3.7790 -101.4630 1 547 -9.3560 -52.8390
2.1391183008e-001 -6.8433606093e-002 -1.4680764582e+000
25 23 24
2 7 531 -24.4450 -102.5990 1 1469 -32.7890 -51.9350
2.3482553513e-001 -6.4289119680e-002 -1.4807177958e+000
125 125 121
2 7 532 -14.7340 -102.2590 1 546 -21.5720 -52.2870
6.8214311791e-001 -8.4654527094e-002 -1.9704858842e+000
98 103 103
3 7 534 189.4110 -101.7450 0 486 201.6510 -65.0710 1 698 224.6580 -98.4620
2.6736688175e-001 -6.5532163631e-002 -1.5119706279e+000
211 212 209
3 7 536 1.9340 -102.5000 0 417 29.3640 -45.3940 1 564 -2.6820 -56.3480
6.7583675100e-001 -1.0161722713e-001 -1.9801161282e+000
104 90 79
2 7 539 185.9700 -104.9360 1 713 221.5930 -104.3150
2.4219633669e-001 -7.4473312351e-002 -1.4894888772e+000
219 217 215
2 7 543 -11.6240 -105.6620 0 426 16.7550 -48.2040
2.8200905377e-001 -7.3847140164e-002 -1.5103563021e+000
109 116 109
3 7 553 6.7920 -107.5710 0 434 34.5010 -49.5160 1 584 1.3490 -61.6090
2.6984842193e-001 -7.7672207419e-002 -1.5038555845e+000
183 190 182
2 7 558 0.3830 -108.4100 0 438 29.1270 -50.6840
2.6024985176e-001 -8.0335332504e-002 -1.4954415222e+000
199 203 201
2 7 563 -4.3010 -109.3760 1 594 -10.2520 -61.8760
3.0097721931e-001 -8.3377192925e-002 -1.5391730265e+000
163 164 164
2 7 564 16.7200 -109.8450 1 608 14.5000 -67.0580
2.4587779044e-001 -8.9162830552e-002 -1.5214939224e+000
220 222 217
3 7 567 -10.0420 -111.0100 0 447 18.8330 -52.9450 1 583 -4.6350 -61.4710
2.7815307454e-001 -8.7331295801e-002 -1.5128233862e+000
44 41 41
2 7 568 4.9740 -111.5070 1 1495 -0.8470 -66.8870
3.0185941739e-001 -8.7998335253e-002 -1.5321015533e+000
93 94 92
2 7 573 15.7260 -112.5170 1 613 12.7760 -69.3030
2.9075901368e-001 -9.5644064588e-002 -1.5269500023e+000
78 84 80
3 7 580 10.3910 -114.3910 0 466 38.8180 -59.1380 1 619 6.6680 -70.9040
3.0622007329e-001 -9.3185885518e-002 -1.5335143449e+000
196 199 194
2 7 581 17.1250 -114.7190 1 628 14.2250 -71.9950
2.8690321048e-001 -9.9852288798e-002 -1.5196299341e+000
180 179 177
3 7 589 7.3920 -116.3950 0 470 36.4410 -60.4410 1 626 3.3660 -72.7170
2.4586067067e-001 -1.0276713866e-001 -1.4847735694e+000
25 24 20
2 7 590 -12.7550 -117.0560 0 1291 16.2480 -60.0020
2.6500984012e-001 -1.0688825975e-001 -1.4973463132e+000
216 218 217
3 7 591 -4.1210 -119.0460 0 477 25.2870 -62.7350 1 1503 -10.6900 -73.5930
2.7587462254e-001 -1.0481010468e-001 -1.5099148089e+000
202 198 200
3 7 592 1.5470 -118.4000 0 475 30.6350 -62.0020 1 1504 -3.0240 -73.5730
2.5770504949e-001 -1.1076926161e-001 -1.4803090129e+000
138 136 136
3 7 599 -10.5000 -121.5000 0 1297 21.0970 -63.9500 1 640 -17.7250 -75.3850
1.9527370355e-001 -1.2281932496e-001 -1.4422993056e+000
200 182 170
2 7 603 -39.5000 -123.5000 1 629 -50.5290 -73.4170
2.0937859777e-001 -1.1190070023e-001 -1.4306501427e+000
177 158 52
3 7 616 -35.5000 -125.5640 0 1295 -7.1450 -62.7080 1 610 -45.5590 -69.1790
5.0167599871e-001 -1.4399073457e-001 -1.7258879286e+000
69 113 50
2 7 622 105.4820 -130.0460 1 722 119.4490 -110.5020
-6.1388603568e-002 -2.0566256217e-001 -1.3520341035e+000
197 169 149
2 7 626 -150.8450 -131.6890 1 651 -165.6500 -79.0110
3.1784198777e-001 -1.4710386975e-001 -1.5427239172e+000
164 130 126
2 7 628 18.4900 -133.8590 1 680 15.7890 -95.8530
3.0433973554e-001 -1.4899305011e-001 -1.5259501504e+000
123 96 92
3 7 629 11.6990 -134.9690 0 504 41.5760 -81.1520 1 677 6.4080 -95.5460
3.0758659669e-001 -1.4865715648e-001 -1.5323717769e+000
137 113 110
3 7 630 13.4430 -134.6080 0 502 43.3000 -80.7450 1 678 9.5290 -95.6270
3.2706604237e-001 -1.5499856850e-001 -1.5472268670e+000
113 12 3
2 7 638 22.0910 -136.9930 1 706 19.2240 -100.2850
5.2754987806e-002 -2.1145462849e-001 -1.4151996904e+000
77 114 88
2 7 646 -99.2120 -139.7340 0 544 -73.4940 -96.7320
2.5070651055e-001 -1.6688522298e-001 -1.4868300813e+000
143 116 107
3 7 647 -15.1520 -140.0380 0 524 15.7760 -86.8880 1 692 -23.4920 -97.5000
2.7934109696e-001 -1.6243328310e-001 -1.5031179626e+000
169 129 128
3 7 649 -4.9030 -139.6700 0 521 30.3750 -85.3850 1 694 -7.6600 -99.4470
4.4666465003e-002 -2.1835534597e-001 -1.4043814140e+000
23 70 33
3 7 654 -104.3790 -142.5980 0 547 -78.5700 -99.8410 1 673 -119.0220 -95.5530
5.7728012697e-002 -2.1887456956e-001 -1.4140041257e+000
86 128 98
2 7 657 -98.4440 -143.1260 1 684 -111.9700 -97.2900
2.7243765017e-001 -1.7797530430e-001 -1.5005868677e+000
160 120 36
3 7 659 -5.7350 -144.5420 0 535 25.5000 -92.4630 1 715 -13.6990 -104.3070
6.5862105584e-001 -1.4008929431e-001 -1.6258511458e+000
52 125 58
2 7 703 155.3650 -163.4120 1 761 169.0740 -135.7090
3.5651693889e-001 -2.3445728298e-001 -1.5675344005e+000
210 53 40
2 7 706 29.7570 -164.4890 1 765 26.9390 -136.4870
6.4476959998e-001 -1.4852660740e-001 -1.6324290332e+000
91 172 98
2 7 708 149.5000 -163.5000 1 769 163.2320 -136.9100
3.6080620562e-001 -2.3566550143e-001 -1.5703292705e+000
213 119 107
2 7 710 31.0840 -165.2720 1 768 29.4310 -137.2280
6.2091955921e-001 -1.6332914338e-001 -1.6302630295e+000
82 165 92
2 7 711 139.5750 -165.4080 1 1545 150.3910 -140.3280
6.3100650696e-001 -1.5458738267e-001 -1.6228748952e+000
95 193 110
2 7 712 142.5750 -165.4540 1 771 155.4710 -138.0610
1.0495884013e-001 -2.8898907051e-001 -1.4518147803e+000
63 129 87
2 7 716 -79.1370 -167.2290 0 584 -50.7500 -130.1890
-1.7281656376e-002 -3.1833750220e-001 -1.3973724909e+000
112 148 165
3 7 721 -131.5000 -168.5490 0 614 -107.2090 -137.6330 1 746 -147.8540 -128.9740
3.5290627184e-002 -2.9520100864e-001 -1.3905074360e+000
40 40 37
2 7 722 -114.5920 -169.5580 0 589 -87.5320 -131.9080
6.0683985974e-001 -2.1542785436e-001 -1.6650118779e+000
117 130 120
2 7 736 131.7650 -175.6310 1 840 144.8090 -158.0330
4.5856941145e-001 -2.1932016751e-001 -1.5369631180e+000
93 120 63
2 7 744 63.4580 -178.3930 1 788 61.4810 -146.6370
2.1621689991e-001 -2.9002486666e-001 -1.4450229876e+000
210 215 115
2 7 755 -41.6160 -183.6900 1 793 -57.6920 -147.3310
7.9746898495e-001 -1.8399843579e-001 -1.6944012468e+000
125 155 78
2 7 767 208.4600 -185.3380 1 1578 235.1900 -171.2200
4.5976200354e-001 -2.4869629474e-001 -1.5280335708e+000
143 171 64
2 7 787 60.3280 -190.1260 1 852 57.2580 -160.2230
1.1115711487e+000 -6.7314114859e-001 -2.8594004551e+000
76 60 72
2 7 789 281.7020 -189.0670 0 1135 293.9000 -211.8940
2.2904830625e-001 -3.0046908128e-001 -1.4347170923e+000
68 59 1
3 7 791 -40.3400 -190.6640 0 645 -3.7570 -144.4700 1 815 -56.7780 -153.6000
-3.5279750433e-002 -4.1767156959e-001 -1.4320409941e+000
69 67 68
2 7 807 -134.1070 -192.9300 0 857 -112.2730 -174.7560
1.5674086300e-001 -3.1682549853e-001 -1.3721873841e+000
185 208 226
2 7 829 -77.9080 -197.2450 1 819 -99.9590 -154.4190
-4.5777912382e-002 -4.4203672141e-001 -1.4387856933e+000
72 66 68
2 7 835 -136.9670 -197.9960 0 928 -115.9360 -183.2690
1.5429543335e-001 -3.2765184019e-001 -1.3680649307e+000
75 107 161
2 7 845 -80.2640 -201.3630 1 842 -102.8100 -158.9030
2.0289249411e-001 -3.1219315080e-001 -1.3804513864e+000
94 127 167
2 7 846 -59.7850 -200.9260 1 847 -81.4510 -159.0030
4.8140779412e-001 -2.6548098771e-001 -1.5105366687e+000
66 158 66
3 7 853 65.6760 -202.0060 0 630 107.5970 -139.5180 1 937 60.3070 -172.7440
2.4895771947e-001 -3.1896877439e-001 -1.4136218365e+000
93 118 108
2 7 856 -37.8300 -204.2500 0 686 0.0210 -154.1860
1.7522879038e-001 -3.2509670311e-001 -1.3669490080e+000
94 126 169
2 7 862 -72.9280 -203.7330 1 856 -95.9230 -161.1950
2.6993062795e-001 -3.1491128864e-001 -1.4200419631e+000
103 137 123
2 7 865 -29.4880 -204.7470 1 902 -46.6560 -167.4960
2.2633996105e-001 -3.2707796272e-001 -1.4019007988e+000
103 115 108
2 7 871 -48.4680 -205.5130 1 900 -68.5520 -167.4390
2.0576745022e-001 -3.1970746759e-001 -1.3681591488e+000
130 160 201
2 7 879 -61.5760 -206.2110 1 875 -84.5810 -163.6040
4.6327827919e-001 -2.8866084424e-001 -1.5129560818e+000
31 25 11
2 7 889 56.3830 -206.8630 1 1004 51.6140 -179.3840
1.9487069066e-001 -3.3031383416e-001 -1.3669074330e+000
49 57 84
2 7 893 -66.4550 -208.5270 1 892 -89.5080 -166.4830
2.0624023662e-001 -3.2819179142e-001 -1.3668281119e+000
57 60 76
2 7 899 -62.1950 -209.4440 1 898 -85.5140 -167.4440
2.1299835349e-001 -3.2559429802e-001 -1.3669595678e+000
47 47 55
2 7 900 -59.4740 -209.4610 1 899 -83.0150 -167.4530
2.4904988018e-001 -3.2810706146e-001 -1.3984184671e+000
41 53 53
2 7 901 -41.7960 -209.8230 0 731 -1.4420 -159.4900
5.0213236559e-001 -2.8099728524e-001 -1.5043622091e+000
102 205 119
2 7 917 70.4700 -211.4700 1 1592 66.3330 -183.1920
2.8973110095e-001 -3.1990433892e-001 -1.4008767234e+000
66 69 69
2 7 927 -25.2660 -212.5130 1 960 -45.6830 -174.7170
1.4124912888e-001 -3.5487969378e-001 -1.3461099325e+000
106 114 109
2 7 937 -91.4270 -213.1780 1 912 -115.2410 -169.7590
1.1182746230e-001 -3.6739810469e-001 -1.3269425318e+000
47 42 45
3 7 965 -105.7460 -216.4120 0 847 -70.8220 -172.4810 1 931 -132.1380 -172.1220
3.0474003834e-001 -3.2793947567e-001 -1.4029076741e+000
106 124 121
2 7 975 -20.5370 -217.4210 1 1010 -39.8620 -180.3030
5.1841034355e-001 -2.7251797721e-001 -1.4697752144e+000
107 194 126
2 7 977 73.5090 -217.4810 1 1057 66.5000 -185.5000
1.2351491041e-001 -3.6765965865e-001 -1.3222908433e+000
115 130 127
2 7 981 -102.4080 -218.8240 1 951 -130.1870 -174.6170
2.1291205222e-001 -3.5078115883e-001 -1.3610552769e+000
97 112 103
2 7 982 -62.6310 -219.4530 1 985 -86.4810 -178.6180
2.5201310509e-001 -3.3695569554e-001 -1.3713878020e+000
63 71 82
2 7 984 -45.5440 -218.4870 1 987 -68.7510 -178.3260
4.0102761057e-001 -3.1021994073e-001 -1.4318097379e+000
42 52 51
2 7 990 20.8700 -220.2030 1 1048 5.9100 -186.0670
2.6265267488e-001 -3.4071130369e-001 -1.3702464852e+000
66 77 74
2 7 997 -42.3000 -221.7000 1 1018 -65.4330 -181.7770
1.3484723494e-001 -3.6729858976e-001 -1.3142169366e+000
56 72 64
2 7 998 -99.9190 -221.8460 1 975 -129.1330 -177.0820
1.5673490740e-001 -3.6842217691e-001 -1.3257382715e+000
101 120 110
3 7 1001 -89.9170 -223.3710 0 879 -52.1180 -176.8280 1 994 -118.3800 -179.8200
-2.4710113785e-001 4.1280202823e-001 -1.4453153253e+000
77 62 65
2 7 1005 -161.9360 129.1320 0 6 -150.9380 161.0872
3.5708640526e-001 5.0404796183e-001 -1.7560695357e+000
134 145 128
3 7 1009 110.0100 119.5020 0 1155 102.2500 159.7500 1 1350 128.1010 160.8365
-2.9391603588e-002 3.6876470741e-001 -1.5494231411e+000
113 110 107
2 7 1020 -68.2420 95.4560 0 45 -60.1300 132.1330
-2.0961684376e-001 3.3459844618e-001 -1.4056365392e+000
161 157 156
2 7 1021 -163.2120 93.9040 0 1162 -148.3190 134.0420
3.6766588246e-001 4.3123182448e-001 -1.7820070102e+000
157 171 158
2 7 1025 110.9790 91.1060 1 1369 129.2500 131.1420
-1.4380087315e-002 3.3640958465e-001 -1.5563561142e+000
47 38 34
3 7 1035 -63.7340 81.2820 0 1171 -55.9110 120.1570 1 1366 -52.4220 129.7660
-1.6328624497e-003 3.2812053820e-001 -1.5508099773e+000
213 209 208
3 7 1041 -61.5590 77.1390 0 82 -51.5000 116.5980 1 95 -50.5500 126.5570
4.5210771412e-001 3.8072766978e-001 -1.7857867116e+000
191 200 189
3 7 1046 139.1250 64.4320 0 1461 132.4140 108.7750 1 1663 157.0000 106.9180
4.2384849182e-001 3.3267734210e-001 -1.8020819465e+000
194 212 195
3 7 1050 124.9020 49.9760 0 113 121.3230 91.9070 1 1381 144.8690 87.8920
3.7553825277e-001 2.4112449728e-001 -1.8459745088e+000
79 131 59
2 7 1062 103.6600 24.9380 0 149 103.7930 58.8070
4.9816545183e-001 2.2372207751e-001 -1.8513561055e+000
122 122 116
2 7 1071 146.3200 7.5320 1 1397 169.0700 36.7500
1.8523982800e-002 5.9508368212e-002 -1.4545908300e+000
142 124 146
2 7 1090 -88.5320 -33.3970 1 289 -90.6520 21.7130
3.6751836263e-003 2.3388037918e-003 -1.3932545032e+000
192 202 195
3 7 1108 -109.3730 -59.4710 0 1240 -86.8820 -5.4330 1 1755 -117.0570 0.4220
5.7769453399e-001 2.4356206003e-002 -1.8325054206e+000
27 35 10
2 7 1111 156.1420 -70.0310 1 1805 178.7550 -49.2500
2.1188728970e-001 -1.5418713786e-002 -1.4599270507e+000
24 25 27
2 7 1123 -22.7590 -83.8070 1 1443 -31.0000 -29.0000
2.4293318339e-001 -1.6784038518e-002 -1.4761394046e+000
215 214 213
3 7 1125 -9.0800 -86.2500 0 1254 18.1210 -24.5750 1 1782 -15.7500 -32.7500
2.2924321195e-001 -3.2314080217e-002 -1.4609387866e+000
208 214 208
2 7 1132 -19.0980 -91.9300 0 1570 11.3330 -30.6010
2.3389534332e-001 -5.0758896812e-002 -1.4735421774e+000
200 203 194
2 7 1140 -15.4520 -98.2340 1 1464 -22.3210 -46.3920
1.9053718073e-001 -6.1014817105e-002 -1.4497436824e+000
19 19 19
2 7 1143 -35.8470 -99.4480 1 1799 -44.7990 -46.1740
2.1127910769e-001 -6.0048192346e-002 -1.4660345099e+000
216 222 216
2 7 1144 -25.1370 -99.4560 1 1802 -33.5290 -48.0790
2.8281283131e-001 -6.0713573222e-002 -1.5162199831e+000
218 223 222
2 7 1147 8.5010 -102.4510 1 1480 4.6300 -55.7650
2.3586306989e-001 -7.1215674251e-002 -1.4899465507e+000
192 195 187
3 7 1148 -14.0840 -103.4030 0 1278 14.7670 -46.2880 1 1474 -19.4390 -55.6240
2.5932379286e-001 -6.6074700820e-002 -1.4994586256e+000
22 26 25
2 7 1149 -3.2220 -103.7120 1 1814 -8.1270 -55.5000
2.9364161692e-001 -7.0699730824e-002 -1.5226717124e+000
217 219 216
2 7 1152 13.2280 -106.8160 0 430 39.7670 -48.4790
3.0159234088e-001 -9.5388156437e-002 -1.5287325673e+000
218 215 212
2 7 1161 13.9810 -115.8860 1 1825 11.8200 -72.2330
1.8738666163e-001 -1.2483259393e-001 -1.4721696834e+000
203 198 194
2 7 1166 -37.7340 -119.2680 1 1827 -45.2370 -72.3300
3.5140643742e-001 -2.2959113221e-001 -1.5660649311e+000
230 45 28
2 7 1175 27.6440 -162.6850 1 1538 25.6250 -133.6510
3.4638418964e-001 -2.4096143518e-001 -1.5678426425e+000
221 193 70
2 7 1177 25.2060 -165.5660 1 1543 23.2100 -137.5060
3.4643988504e-001 -2.5285077509e-001 -1.5691804250e+000
74 52 5
2 7 1179 24.7000 -169.2030 1 1546 22.2970 -142.3890
3.0965252335e-001 -2.7241953381e-001 -1.4815048322e+000
242 245 96
2 7 1186 -2.2760 -185.0880 1 1880 -12.9900 -151.0000
2.2895460618e-001 -2.9973339416e-001 -1.4266814253e+000
32 26 7
2 7 1194 -41.5660 -192.2980 1 1555 -58.3990 -154.3070
2.5084292099e-001 -3.2188249436e-001 -1.4096542292e+000
108 128 123
3 7 1202 -38.5970 -206.2940 0 1355 0.3410 -155.6130 1 1574 -56.7420 -168.5630
3.6934027917e-001 4.9087227287e-001 -1.7456639886e+000
157 172 163
2 7 1214 113.3000 112.7000 0 1432 105.0910 153.7339
3.8055400969e-001 4.7191250897e-001 -1.8352797757e+000
159 170 155
3 7 1220 119.5760 104.3640 0 1439 111.0320 144.2616 1 73 149.8820 139.3750
1.1474718946e-001 4.1782585054e-001 -1.6183584784e+000
74 62 58
2 7 1222 -2.2500 103.7500 0 1159 1.3370 142.2933
-3.4754546486e-002 3.8019443756e-001 -1.5658274576e+000
145 146 143
3 7 1227 -66.5530 100.1360 0 1161 -59.8080 134.3780 1 1633 -53.0000 148.8542
-2.0125660220e-001 3.1659528598e-001 -1.4010716969e+000
89 74 71
3 7 1240 -162.5000 85.5000 0 1777 -147.2610 127.5440 1 1637 -151.2580 143.3655
2.7620270799e-002 3.5567725739e-001 -1.5989820715e+000
128 124 113
3 7 1241 -40.2490 86.8620 0 1453 -34.2540 122.2380 1 1646 -28.4760 132.5540
4.2442516211e-001 3.4624800630e-001 -1.7968540082e+000
119 131 104
2 7 1256 126.0000 55.1250 1 1672 144.9940 93.0110
-1.6479855160e-001 2.3989855734e-001 -1.4149050019e+000
72 59 54
2 7 1257 -149.2190 52.7470 1 1372 -143.9390 109.4080
4.1394251889e-002 1.9653402066e-001 -1.5788190834e+000
205 221 181
2 7 1274 -48.0070 25.4640 1 1995 -42.5490 69.9460
4.6360675304e-001 2.7251649746e-001 -1.7956613054e+000
129 148 134
2 7 1276 133.6610 24.4630 1 1690 153.2960 60.9950
4.9966845667e-001 2.5314574870e-001 -1.8843544832e+000
103 107 99
3 7 1280 151.4950 19.6820 0 1490 148.7590 57.1620 1 1697 176.2430 47.9650
5.0981282262e-001 2.3624051170e-001 -1.9194700051e+000
71 65 57
2 7 1285 155.2000 14.8000 1 1700 183.4500 38.8250
5.0088589345e-001 2.1894707416e-001 -1.8621565534e+000
116 117 108
2 7 1288 147.2510 6.1920 1 1707 171.3530 34.4690
5.5278325702e-001 2.0839852297e-001 -1.9260718324e+000
80 67 51
3 7 1294 168.3290 1.7670 0 1216 166.2230 39.8410 1 1723 197.7110 24.6990
4.8861034456e-001 1.9541428017e-001 -1.8295915441e+000
143 151 130
2 7 1297 138.6520 -3.0000 1 1720 160.3430 27.1040
5.1989811311e-001 1.6694542464e-001 -1.8999835809e+000
99 97 86
2 7 1307 152.0930 -10.6300 1 1743 178.3420 11.8310
5.2648980428e-001 1.2825213783e-001 -1.9746496149e+000
48 47 31
2 7 1314 156.1920 -18.2240 1 2027 185.5270 -4.5090
4.7620003116e-001 1.4048197708e-001 -1.8295406865e+000
68 128 54
2 7 1318 129.5680 -20.6870 1 1746 150.7170 6.5380
-6.6971513493e-002 6.8019023521e-002 -1.3826235444e+000
11 97 123
2 7 1323 -132.8610 -27.0920 1 1703 -136.8930 34.4710
-4.9568101094e-002 1.8743926926e-002 -1.3650146691e+000
203 202 191
2 7 1342 -132.7120 -49.9050 0 1533 -111.8220 4.0780
-6.4574018130e-002 3.7291176150e-003 -1.3711674647e+000
38 64 79
2 7 1346 -138.6400 -53.3600 1 1744 -143.8520 8.1810
2.8386001073e-001 6.8234352368e-002 -1.5370558790e+000
210 186 172
2 7 1347 22.2540 -53.1440 0 1234 42.7720 8.0910
1.5969328942e-002 9.9440565861e-003 -1.3996324767e+000
97 109 95
3 7 1349 -102.4790 -57.2540 0 1539 -80.9610 -3.2500 1 1751 -111.2880 2.6260
7.1083677969e-002 4.7251682926e-003 -1.4219436522e+000
20 21 17
2 7 1357 -80.4300 -63.8340 1 1765 -86.5170 -5.1240
1.7246313466e-001 -5.5897676358e-003 -1.4295800661e+000
210 206 202
3 7 1370 -42.5130 -79.2780 0 1552 -15.3130 -16.3130 1 2032 -51.2980 -20.2130
1.9066866266e-001 -6.1942024953e-002 -1.4680448151e+000
14 15 18
2 7 1384 -31.7430 -97.8750 0 1581 -6.7260 -40.4210
2.7793701402e-001 -4.6861456787e-002 -1.5041993476e+000
33 28 29
2 7 1385 5.2500 -98.7500 1 1804 1.9430 -49.1590
2.0462594552e-001 -7.4311881064e-002 -1.4637938783e+000
206 209 203
3 7 1393 -29.5640 -104.2170 0 1586 -0.9300 -46.7540 1 2047 -37.3180 -53.1370
-7.7250625254e-002 -1.5661841208e-001 -1.3458316585e+000
119 180 184
2 7 1401 -155.2850 -113.0510 1 1813 -168.6330 -57.2120
2.0110332937e-001 -1.2307625588e-001 -1.4915743639e+000
173 175 173
2 7 1404 -28.6880 -117.2980 1 1829 -36.2280 -73.1100
2.4785589741e-001 -1.1355860853e-001 -1.4860706212e+000
211 209 206
3 7 1406 -12.8700 -121.1030 0 1605 16.8430 -64.7840 1 1830 -19.7380 -74.4250
5.5950995068e-001 -1.1913719951e-001 -1.7467930476e+000
88 78 67
2 7 1409 130.3220 -125.8020 1 1856 147.0000 -107.0000
2.0417172730e-001 -1.4014558880e-001 -1.4500871253e+000
215 195 72
2 7 1410 -35.2160 -129.2600 1 2062 -47.7210 -82.0960
3.2358210435e-001 -1.5543209381e-001 -1.5496885644e+000
56 8 1
2 7 1418 20.9050 -136.4690 1 1848 18.6800 -99.8120
2.8718164282e-001 -1.5768883917e-001 -1.4936272513e+000
35 14 13
2 7 1424 -1.2670 -141.1310 1 1840 -7.0210 -97.9610
2.2008261595e-001 -1.8777967387e-001 -1.4690739066e+000
33 24 5
2 7 1425 -30.2150 -145.7690 1 1852 -40.6880 -103.3270
3.6429768500e-002 -2.3138715202e-001 -1.4002283245e+000
105 162 124
3 7 1427 -109.1010 -147.3870 0 1644 -83.2810 -105.3260 1 1845 -123.0090 -99.0610
6.9334093819e-002 -2.1404986282e-001 -1.3780104274e+000
50 96 64
2 7 1428 -101.2500 -148.2500 1 1517 -118.6270 -98.2880
-4.4221152621e-002 -3.2364857469e-001 -1.3845369727e+000
168 60 83
2 7 1443 -143.0000 -169.0430 0 1668 -120.2380 -139.0900
6.0365018435e-001 -2.2242415314e-001 -1.6488966862e+000
23 22 20
2 7 1453 128.6750 -180.1250 1 1901 140.2200 -161.7740
2.0588380191e-001 -3.0020859172e-001 -1.4153709424e+000
121 120 116
2 7 1459 -51.4870 -190.9950 1 2096 -69.7340 -151.9030
1.1019185792e-001 5.0613947022e-001 -1.6834944565e+000
144 144 137
2 7 1465 11.8760 139.4680 0 1765 9.7340 168.0550
4.0593447271e-001 4.3140799218e-001 -1.7855885537e+000
123 123 103
2 7 1482 125.6110 87.9770 1 2115 143.9320 128.8930
4.8236277423e-001 3.7965155203e-001 -1.8447180043e+000
173 177 173
2 7 1489 153.1930 63.8660 1 1670 176.6990 99.9120
4.3348047372e-001 3.1637446732e-001 -1.8198987999e+000
160 181 176
2 7 1492 127.9880 44.3040 1 1989 149.5000 79.5000
4.5861676010e-001 3.2775527952e-001 -1.8127539959e+000
110 116 100
2 7 1493 137.7550 45.8300 0 1474 134.5090 88.9150
2.8370752025e-001 2.6371435810e-001 -1.6734019320e+000
87 1 0
2 7 1498 55.2950 31.6500 1 1991 65.8730 76.0590
2.6469568862e-001 2.5378414707e-001 -1.6663492852e+000
109 143 77
2 7 1500 46.0990 29.3940 0 1798 54.1440 74.9620
4.7613778986e-001 1.8181032183e-001 -1.7942749992e+000
123 178 94
2 7 1526 130.6130 -9.5540 0 1815 134.5000 37.5000
2.0029908729e-001 1.9496133533e-002 -1.4677857103e+000
128 79 50
2 7 1545 -23.2650 -68.3760 1 2029 -30.0360 -12.7030
1.9622685096e-001 -1.0269432825e-001 -1.4666825887e+000
29 28 26
2 7 1567 -33.3230 -112.8480 1 2050 -42.3870 -64.5000
2.7615202649e-001 -8.7764506052e-002 -1.4801030394e+000
71 73 69
2 7 1573 -2.4120 -115.8470 0 1852 29.5860 -55.6450
5.4849059574e-001 -1.3719964165e-001 -1.7067105752e+000
102 174 86
2 7 1580 120.7950 -136.2230 1 2082 135.5660 -114.5570
4.5825880637e-002 4.4963552185e-001 -1.6100274660e+000
145 140 134
2 7 1600 -25.1400 121.5240 0 1767 -23.7360 155.9657
3.2400157074e-002 3.4794457447e-001 -1.6117627383e+000
125 114 102
2 7 1612 -36.7800 84.0660 1 2113 -24.9570 128.1450
3.9545392931e-001 4.1600105401e-001 -1.7542991846e+000
189 207 198
2 7 1614 117.6640 82.1090 1 2114 134.0970 125.7240
-1.6343337001e-002 3.3501723267e-001 -1.5768480339e+000
70 57 47
2 7 1616 -60.5370 82.2580 1 2112 -49.1920 128.1340
2.5948920510e-003 2.9777577724e-001 -1.5792941118e+000
177 175 162
2 7 1619 -56.0520 66.4230 1 1976 -45.5000 112.5000
-1.2905602904e-001 2.6297055134e-001 -1.3909657676e+000
214 216 220
3 7 1621 -141.8150 57.6930 0 1925 -124.8470 105.1550 1 1657 -138.9980 118.5130
-1.5670291353e-001 2.3167960355e-001 -1.4014833656e+000
66 47 35
2 7 1623 -151.1140 47.6650 0 1788 -134.8990 92.6700
1.2905804168e-001 2.2649565646e-001 -1.6207341978e+000
194 231 187
2 7 1631 -9.7990 29.9780 1 2131 -1.4020 74.2520
2.7565882434e-001 2.5761272998e-001 -1.6421825976e+000
121 164 88
2 7 1634 48.5170 27.6730 0 1933 55.2070 77.9250
5.0770912559e-001 2.4520593757e-001 -1.8953713122e+000
90 92 85
2 7 1637 153.6150 16.5260 1 2144 180.7280 43.2480
1.6598957236e-001 1.1504430261e-001 -1.5899273459e+000
230 242 239
2 7 1649 -9.9470 -16.9180 0 1954 5.8230 28.6820
-1.2786509145e-001 -7.5517244873e-003 -1.3298591141e+000
182 113 138
2 7 1656 -169.0000 -53.5200 1 2161 -177.5940 9.4080
-6.0843577827e-002 -1.0680652359e-001 -1.3376125491e+000
169 188 149
2 7 1673 -150.0840 -98.6390 1 2183 -161.9370 -38.2080
4.1814085905e-002 -9.9093979778e-002 -1.4226621385e+000
87 173 114
3 7 1674 -95.7730 -97.8400 0 1990 -71.7260 -49.2010 1 2189 -104.7980 -46.0490
5.0369033590e-001 -1.2082622659e-001 -1.7361605487e+000
99 161 77
2 7 1688 109.1830 -121.2830 1 2223 123.8870 -101.0500
2.2571159939e-001 -1.7115569460e-001 -1.4821027877e+000
18 19 15
2 7 1694 -24.1340 -139.2810 0 2007 4.1700 -86.9460
5.3913690270e-001 2.2335673006e-001 -1.8677296539e+000
173 166 156
2 7 1718 161.6360 4.3640 1 2259 187.0000 33.0000
1.7126496405e-001 1.7153850313e-001 -1.6221541332e+000
20 20 20
3 7 1719 1.0000 5.7390 0 2041 12.4080 51.5920 1 2256 8.9520 46.7060
2.0170223611e-001 1.5975068951e-001 -1.6741810914e+000
114 189 94
2 7 1720 18.6160 2.0410 1 2258 28.4080 40.4420
4.6102615294e-001 1.8741662681e-001 -1.8582728368e+000
21 32 15
2 7 1721 130.7980 -0.7980 1 2264 152.7020 25.2980
4.0046818486e-001 1.5733321868e-001 -1.7659882022e+000
118 180 94
2 7 1724 98.5440 -12.2600 1 2262 115.0000 21.0000
4.6148199526e-001 1.4480056005e-001 -1.8668046917e+000
95 155 82
2 7 1725 127.2640 -14.9920 1 2267 151.0000 9.0000
2.4927784182e-001 4.5586053186e-002 -1.5318846832e+000
219 220 213
2 7 1735 6.4570 -57.7010 0 2048 28.4600 0.1800
-1.7823202088e-002 4.2399335488e-001 -1.5679525258e+000
118 119 111
2 0 13 -51.3980 151.1181 1 1345 -44.3900 163.7776
9.2006802461e-002 4.4050715615e-001 -1.6447948011e+000
196 208 203
2 0 16 -3.0380 147.9263 1 1349 9.1490 159.6138
-3.1522088309e-002 3.7960903868e-001 -1.5546156979e+000
132 132 127
2 0 32 -59.8430 136.3530 1 45 -55.3400 147.6600
1.6227742784e-001 3.9296393842e-001 -1.6246881282e+000
130 126 120
2 0 49 18.2750 131.4540 1 71 24.9400 139.2510
2.4688186808e-001 4.0664191227e-001 -1.6792773512e+000
201 232 232
2 0 56 54.1100 130.0420 1 79 66.3380 136.5700
-1.6520981815e-001 3.1175846636e-001 -1.3699394230e+000
173 169 168
2 0 58 -140.5880 127.4830 1 62 -150.6540 142.7913
-2.0511847539e-001 3.0559630184e-001 -1.3966469655e+000
156 146 150
2 0 71 -150.2690 123.5790 1 70 -154.8660 139.5014
-2.0638242347e-002 3.3774768386e-001 -1.5673234245e+000
65 53 44
2 0 77 -56.0040 119.5600 1 90 -52.2860 129.5980
-1.3908085813e-001 2.6578402935e-001 -1.3906505637e+000
229 227 230
2 0 89 -129.2560 107.1050 1 107 -140.4800 120.5100
4.0129554235e-001 3.4190050439e-001 -1.8058211332e+000
158 178 157
2 0 106 114.2790 95.3290 1 154 137.4780 92.5260
4.3281817585e-001 3.0479118113e-001 -1.8113620006e+000
147 167 154
2 0 125 124.3790 81.5140 1 184 146.8010 75.2780
3.1196595230e-001 2.6502615025e-001 -1.6800691235e+000
230 103 155
2 0 130 72.5800 77.2790 1 1387 77.8280 74.5050
3.7960623084e-001 2.1555675989e-001 -1.8546203175e+000
59 109 21
2 0 162 104.3970 49.6020 1 230 125.6330 42.6430
5.7957921550e-001 2.2748493180e-001 -1.9459943628e+000
144 141 136
2 0 168 176.5220 44.6530 1 1719 211.2990 29.4180
5.6132871175e-001 2.1773220629e-001 -1.8808575959e+000
205 211 204
2 0 171 169.2760 43.3670 1 260 196.4860 29.6650
6.1353130481e-001 2.2660912140e-001 -2.0099191916e+000
77 71 73
2 0 174 188.3240 42.0090 1 1409 230.1780 24.0370
4.8944114773e-001 1.7614261834e-001 -1.8529352492e+000
52 71 27
2 0 184 141.4710 32.8520 1 303 162.1190 19.0690
1.0844535594e-001 1.0704038310e-001 -1.5596109288e+000
209 100 135
2 0 189 -19.5690 28.8350 1 256 -31.4300 30.3420
8.2430312808e-002 9.3411377066e-002 -1.5314787409e+000
56 144 167
2 0 199 -33.3840 26.2760 1 270 -47.6260 26.8170
1.6757843765e-001 9.1368445618e-002 -1.3683024738e+000
179 87 114
2 0 203 -20.5730 25.9000 1 277 -61.1390 25.1650
3.5372472685e-002 7.4246482915e-002 -1.4841493618e+000
59 137 160
2 0 209 -57.6390 20.4070 1 276 -76.4400 25.5270
3.7855927718e-001 7.9655509548e-002 -1.0917688117e+000
104 150 79
2 0 213 43.6240 19.4600 1 337 -63.8440 5.6130
-2.1182266946e-003 5.7741633322e-002 -1.4428851733e+000
81 168 193
2 0 217 -78.5510 16.5160 1 286 -100.5920 22.7740
4.1832174892e-002 6.8516106354e-002 -1.4880305545e+000
113 148 175
2 0 218 -54.9450 17.8890 1 287 -73.8260 22.4500
1.9110184826e-001 8.4189262528e-002 -1.5814235075e+000
80 91 89
2 0 220 12.6020 16.5100 1 315 -0.5470 13.6650
-1.4751742723e-001 4.6120163064e-002 -1.6005767033e+000
62 139 164
2 0 228 -106.5000 14.5000 1 283 -103.6110 24.4020
-2.6645350209e-002 4.8396051442e-002 -1.4210602000e+000
187 81 118
2 0 229 -91.5540 13.7680 1 288 -115.1070 21.9920
-3.0373835087e-002 4.3999748414e-002 -1.4145454319e+000
172 77 105
2 0 232 -94.3040 12.6040 1 294 -118.4040 20.3360
-4.6023984242e-002 3.4631749569e-002 -1.3978174331e+000
61 144 172
2 0 238 -103.5820 10.2910 1 305 -128.6840 17.6840
2.6596036561e-001 7.0316064250e-002 -1.5422950974e+000
38 34 16
2 0 243 36.8660 9.7180 1 359 16.2910 1.4480
1.4721843395e-001 5.4730728128e-002 -1.5303183791e+000
84 92 82
2 0 251 -10.5810 7.8620 1 332 -29.7160 6.4140
1.3642872569e-001 3.6250660028e-002 -1.3885255688e+000
63 75 65
2 0 266 -33.1440 2.9450 1 351 -71.5660 2.7660
2.1024197023e-001 3.0097109409e-002 -1.4371192466e+000
167 100 57
2 0 284 2.5850 -3.3780 1 1436 -32.8040 -8.2540
-7.9284846656e-004 1.5417101157e-003 -1.3880176879e+000
168 176 168
2 0 293 -89.2740 -5.4980 1 362 -120.1860 0.4210
1.6548538285e-001 1.8203359471e-002 -1.4384336843e+000
130 69 32
2 0 304 -15.9580 -5.9240 1 420 -49.4160 -9.5280
2.1610830457e-002 -1.9364233814e-003 -1.4101410270e+000
82 92 85
2 0 311 -77.1330 -8.4350 1 385 -107.0680 -3.2310
1.9121739279e-001 1.5378196051e-002 -1.4496634010e+000
136 69 36
2 0 315 -4.3930 -8.5020 1 434 -37.7000 -13.3000
1.7652228155e-001 1.1319471022e-002 -1.4409919939e+000
170 98 58
2 0 317 -11.5360 -9.2760 1 431 -45.4730 -13.6770
1.7348061060e-001 9.3732752672e-003 -1.4344787520e+000
159 92 55
2 0 320 -13.5240 -10.2740 1 430 -48.4750 -13.7800
1.6573465577e-001 7.1636287050e-003 -1.4280293150e+000
144 78 39
2 0 321 -17.5890 -10.5810 1 436 -53.0630 -14.1030
1.9431883002e-001 -3.1557830911e-002 -1.4547462217e+000
47 45 48
2 0 372 -4.5400 -28.3450 1 481 -39.5070 -33.8400
2.1754699565e-001 -3.3841656847e-002 -1.4661213264e+000
29 29 27
2 0 384 5.9360 -30.3350 1 506 -28.5740 -37.3360
2.3505420884e-001 -3.2724188362e-002 -1.4863022306e+000
212 195 193
2 0 385 15.1640 -30.7670 1 508 -17.2490 -38.5750
2.4784718774e-001 -4.3923045241e-002 -1.4889468173e+000
211 214 207
2 0 394 20.0480 -35.8990 1 523 -12.9930 -44.8350
2.3378847024e-001 -4.8816593697e-002 -1.4708823262e+000
205 207 203
2 0 396 12.3420 -37.3520 1 528 -22.9140 -45.5120
2.5988248616e-001 -6.1390718806e-002 -1.4932202772e+000
116 114 115
2 0 413 24.4140 -43.1970 1 1475 -9.1160 -54.0670
2.1141597655e-001 -8.1878494896e-002 -1.4613207555e+000
43 39 36
2 0 433 0.9550 -50.2340 1 561 -36.2840 -57.1650
2.1853000420e-001 -8.2113295824e-002 -1.4683431265e+000
217 219 219
2 0 437 4.4860 -50.3020 1 573 -31.9660 -58.2690
2.8824045092e-001 -7.2509007333e-002 -1.5042352897e+000
22 22 18
2 0 439 36.5000 -49.5000 1 595 2.7680 -61.5000
2.2551339905e-001 -9.1532225176e-002 -1.4643887722e+000
168 170 164
2 0 456 6.6190 -55.1680 1 590 -31.3990 -62.6550
2.2137478245e-001 -1.0863668819e-001 -1.4705034570e+000
219 221 216
2 0 473 4.9260 -62.0240 1 612 -32.8730 -69.3000
2.2847831062e-001 -1.0775098412e-001 -1.4773358783e+000
217 217 215
2 0 474 8.4380 -61.5480 1 617 -28.5170 -69.9570
2.6975291622e-001 -1.6096289230e-001 -1.4974260956e+000
145 115 116
2 0 516 24.6000 -84.7080 1 685 -13.5430 -97.5000
2.7314297023e-001 -1.6521034329e-001 -1.5020620325e+000
159 117 122
2 0 525 26.2710 -86.6160 1 700 -11.6200 -99.4320
2.4819339868e-001 -1.7216939377e-001 -1.4677007449e+000
133 93 92
2 0 532 12.4490 -89.2320 1 705 -29.5680 -100.5250
4.8171075155e-002 -2.0047727223e-001 -1.4116488253e+000
55 89 46
2 0 534 -75.2150 -92.0280 1 665 -114.2800 -88.7310
9.7897843927e-002 -2.5037511197e-001 -1.4482339707e+000
58 60 41
2 0 563 -52.5070 -114.2870 1 728 -92.3420 -113.7610
3.4806577474e-001 -2.5829789431e-001 -1.4795459102e+000
165 177 123
2 0 585 50.7310 -130.8440 1 806 2.0420 -150.5880
3.2175384131e-001 -2.6216690969e-001 -1.4685860886e+000
213 228 136
2 0 590 38.8380 -131.7630 1 803 -10.8290 -148.7840
3.3749857026e-001 -2.6141980635e-001 -1.4674317470e+000
97 109 60
2 0 591 45.1800 -132.2540 1 804 -5.1270 -151.1480
3.8794476414e-001 -2.5700196857e-001 -1.4843507099e+000
65 83 0
2 0 596 67.8390 -132.7830 1 829 18.4290 -155.4510
3.2531675390e-001 -2.7022148632e-001 -1.4558058610e+000
85 93 17
2 0 605 38.5000 -135.4390 1 821 -13.2560 -154.3930
2.2019284380e-001 -2.8457251839e-001 -1.4391110439e+000
217 217 128
2 0 610 -6.8770 -136.2030 1 785 -56.7340 -145.6050
3.8109557711e-001 -2.6383308138e-001 -1.4726572600e+000
60 77 15
2 0 611 63.5930 -135.4760 1 844 12.5000 -158.7000
6.9770441089e-002 -3.0582480097e-001 -1.4241480169e+000
80 148 102
2 0 612 -69.3800 -136.4250 1 1537 -112.3070 -133.9480
1.8725955004e-001 -2.9244115972e-001 -1.4392958193e+000
90 58 34
2 0 615 -20.4640 -137.3460 1 781 -68.6680 -144.1550
2.1272387873e-001 -2.9032372749e-001 -1.4406298542e+000
17 20 0
2 0 616 -9.8490 -138.3570 1 787 -59.4740 -146.5260
3.3236610364e-001 -2.7369255796e-001 -1.4648382664e+000
42 53 8
2 0 618 42.1420 -136.8940 1 832 -8.7510 -156.2180
3.7752811743e-001 -2.7385744037e-001 -1.4730650107e+000
77 74 7
2 0 627 61.7150 -139.5310 1 872 10.2540 -162.4230
3.2606020811e-001 -2.8170079914e-001 -1.4486175583e+000
80 77 13
2 0 633 37.5540 -140.6270 1 848 -15.7930 -160.1940
2.1607846290e-001 -3.0478940892e-001 -1.4138173763e+000
28 25 18
2 0 647 -12.5470 -146.0600 1 1559 -66.6930 -155.3260
3.1764807580e-001 -3.0964527348e-001 -1.4210739245e+000
75 96 92
2 0 687 30.3620 -154.6570 1 934 -28.6520 -172.5150
1.8291796195e-001 -3.2446891522e-001 -1.3718530431e+000
149 182 218
2 0 690 -32.5480 -155.4020 1 864 -91.6490 -161.5400
1.5424624733e-001 -3.3585987841e-001 -1.3680280896e+000
72 69 69
2 0 707 -45.4590 -158.5100 1 869 -103.4280 -162.3590
1.9103148903e-001 -3.2944391736e-001 -1.3638113299e+000
65 70 75
2 0 713 -30.5170 -158.7490 1 887 -91.6170 -165.5570
2.4813745946e-001 -3.3233568127e-001 -1.3895017730e+000
107 118 110
2 0 748 -3.5870 -161.6070 1 942 -64.4460 -174.2810
1.8973422233e-001 -3.3854899744e-001 -1.3485887632e+000
112 100 74
2 0 759 -33.6120 -163.8360 1 919 -97.3150 -170.5040
1.9826252936e-001 -3.4670162375e-001 -1.3682998029e+000
81 97 92
2 0 784 -27.6250 -166.5270 1 939 -89.3180 -173.6900
2.4926722002e-001 -3.4390918030e-001 -1.3667198311e+000
71 73 68
2 0 819 -6.3910 -168.7420 1 1017 -71.5000 -181.3000
1.8643239692e-001 -3.5538854935e-001 -1.3480278764e+000
106 122 117
2 0 839 -35.8190 -171.1100 1 976 -100.0740 -177.2530
1.1408055946e-001 -3.7553939499e-001 -1.3175197113e+000
115 124 120
2 0 888 -71.5030 -177.6070 1 966 -135.4150 -176.3540
1.1244574730e-001 -3.8077980287e-001 -1.3060063090e+000
70 77 73
2 0 910 -74.4790 -180.4860 1 993 -139.9400 -179.6630
1.0841351373e-001 -3.8354319185e-001 -1.2928165223e+000
72 93 82
2 0 920 -78.5140 -182.7020 1 1016 -145.7160 -181.2330
1.9087366758e-001 -3.8450814229e-001 -1.3049177692e+000
67 96 89
2 0 964 -41.4660 -188.7140 1 1119 -114.2250 -194.2190
1.9668007712e-001 -4.0469582951e-001 -1.2693316614e+000
101 118 112
2 0 1034 -45.5320 -201.6270 1 1237 -125.1850 -208.2470
1.1852866458e-001 -4.1469860998e-001 -1.2381633404e+000
18 18 22
2 0 1042 -85.4300 -203.0610 1 1614 -163.0320 -201.8660
1.5449866337e-001 -4.1172154909e-001 -1.2506397125e+000
78 108 103
2 0 1043 -67.3520 -203.5400 1 1217 -146.5280 -205.5350
9.9306191715e-002 -4.2232515111e-001 -1.2248767714e+000
51 68 61
2 0 1063 -96.7260 -206.1200 1 1187 -174.5000 -203.4700
1.7831056305e-001 -4.1155623849e-001 -1.2541777053e+000
101 114 101
2 0 1064 -56.3900 -204.8790 1 1257 -137.1320 -209.6260
1.4094296014e-001 -4.1865131015e-001 -1.2474517368e+000
19 22 24
2 0 1069 -74.0230 -206.2570 1 1225 -152.8150 -206.1850
1.5370652546e-001 -4.1742640092e-001 -1.2469238329e+000
108 119 118
2 0 1071 -68.6540 -206.4070 1 1248 -148.4990 -208.4470
1.2485771810e-001 -4.2282697724e-001 -1.2349547383e+000
105 116 113
2 0 1075 -83.5680 -207.9400 1 1223 -162.7340 -206.7150
1.7127675572e-001 -4.2015511602e-001 -1.2462338208e+000
107 122 113
2 0 1093 -61.3060 -208.9510 1 1281 -142.8980 -213.2700
2.7090935724e-001 4.3408299517e-001 -1.7373757474e+000
126 172 107
2 0 1160 67.7500 134.5520 1 1357 87.3270 141.6230
4.1161031630e-001 3.7238536711e-001 -1.8136547819e+000
199 220 215
2 0 1174 119.1770 105.8060 1 1664 145.1240 102.9870
5.2872454773e-002 2.8435088287e-001 -1.6364026403e+000
233 241 246
2 0 1182 -23.7050 92.8940 1 141 -17.9270 100.7990
8.0752290944e-002 2.8000035892e-001 -1.5888994090e+000
136 136 130
2 0 1183 -19.3520 93.7300 1 1379 -19.6280 100.5620
4.1031761681e-001 3.2289193423e-001 -1.8214557923e+000
94 111 75
2 0 1185 117.4230 87.6340 1 1382 141.3520 83.4770
5.8434346828e-001 3.1665020166e-001 -1.9851914565e+000
48 47 45
2 0 1193 181.5360 71.8110 1 1688 224.5770 62.3440
-4.0805189144e-002 -1.5717789191e-001 -1.3831901207e+000
132 168 170
2 0 1301 -112.3230 -69.9670 1 1484 -146.5460 -61.1770
3.1726768149e-001 -2.6471984454e-001 -1.4665973958e+000
232 244 123
2 0 1334 36.6400 -132.5320 1 1551 -13.1850 -149.4850
3.3791313326e-001 -2.6015829004e-001 -1.4453767167e+000
126 134 95
2 0 1336 43.4040 -133.0380 1 810 -10.2500 -152.2500
3.6555099611e-001 -2.7079374979e-001 -1.4537250989e+000
37 38 11
2 0 1341 55.2650 -138.7740 1 1567 1.3200 -160.6290
1.3621790668e-001 -4.0270965558e-001 -1.2657796158e+000
25 25 29
2 0 1414 -72.2580 -196.2350 1 1611 -146.9020 -196.8070
2.2158019983e-001 4.8531527515e-001 -1.7601094097e+000
189 207 207
2 0 1433 53.7190 151.7796 1 1625 78.1070 161.2708
-2.2317799872e-002 4.0713289144e-001 -1.5707914806e+000
136 126 124
2 0 1437 -53.0000 143.0000 1 1961 -46.7000 158.6228
-1.3182441721e-003 3.2828059076e-001 -1.5679600364e+000
73 66 59
2 0 1459 -49.3480 115.0150 1 1652 -46.9040 125.4940
-1.4263124594e-001 2.3740714173e-001 -1.3934530828e+000
84 73 66
2 0 1467 -131.2730 95.3690 1 1373 -143.0000 109.0000
5.1830238672e-002 2.8575036584e-001 -1.6236822870e+000
234 241 245
2 0 1470 -25.2870 93.4070 1 1667 -21.0000 103.0000
1.2114681355e-001 2.8234444205e-001 -1.6026520818e+000
134 215 235
2 0 1471 -3.0780 92.4930 1 1669 -3.0420 98.5820
6.0453169176e-001 2.5141464273e-001 -1.9740970216e+000
20 16 19
2 0 1493 186.3170 50.2080 1 1702 225.5210 36.4790
4.7713161203e-001 2.0457163264e-001 -1.8408603795e+000
127 135 103
2 0 1500 137.5260 44.3470 1 1714 158.5820 30.8040
1.6807802530e-001 1.3869747216e-001 -1.6413063686e+000
17 30 27
2 0 1509 12.3270 35.2980 1 2006 8.8530 36.5920
1.8223374364e-001 1.2260145382e-001 -1.6022063425e+000
29 30 22
2 0 1510 12.9810 30.5190 1 1400 4.1270 29.8730
1.5834308802e-002 6.3679959269e-002 -1.4701333098e+000
190 87 119
2 0 1523 -67.4530 17.5000 1 1722 -87.1430 23.0000
-3.0551212509e-002 4.6560926238e-002 -1.4211566972e+000
185 86 117
2 0 1527 -93.1320 13.3370 1 1728 -116.4110 21.3910
1.0386241878e-001 5.4996536239e-002 -1.5126969737e+000
189 195 188
2 0 1528 -28.7820 8.9360 1 1742 -48.6310 11.7160
1.0975460614e-001 3.7610182145e-002 -1.4705931483e+000
126 138 126
2 0 1534 -32.8370 3.4680 1 1753 -58.5810 3.9520
-7.1740692193e-002 -9.8543174831e-004 -1.3790878248e+000
19 19 22
2 0 1538 -117.9000 -4.1070 1 2020 -144.9710 6.6710
1.6912335366e-001 2.0178796002e-002 -1.4328750296e+000
177 114 73
2 0 1543 -15.1400 -5.0360 1 1769 -49.3950 -9.1010
3.4910159056e-002 3.6167429162e-003 -1.4278670752e+000
133 144 136
2 0 1545 -69.3200 -5.8670 1 1428 -97.2500 -3.4610
4.6960631928e-002 -1.4358879412e-002 -1.4436225418e+000
27 38 34
2 0 1551 -63.0190 -14.2860 1 1771 -90.6050 -11.9020
2.7035776096e-001 -1.4883946998e-004 -1.5033990995e+000
118 14 8
2 0 1557 32.1480 -18.4770 1 1446 2.6950 -28.8200
1.8321867822e-001 -2.4638592623e-002 -1.4542307229e+000
47 42 35
2 0 1565 -8.6180 -25.3640 1 1781 -43.0000 -29.2840
6.8153714403e-001 -3.4570839462e-002 -1.9853633517e+000
61 51 50
2 0 1588 203.4160 -47.7340 1 1836 230.2420 -79.4820
2.4493680009e-001 -1.7226729126e-001 -1.4856224430e+000
134 90 90
2 0 1632 13.2260 -89.0440 1 1847 -26.3930 -98.9010
8.5953757456e-002 -2.7515927742e-001 -1.4343122863e+000
44 60 45
2 0 1651 -60.5370 -123.4630 1 1865 -101.7920 -123.9240
1.2539290293e-001 -3.9115276068e-001 -1.2895385867e+000
19 24 27
2 0 1757 -72.5890 -186.9150 1 1943 -141.6470 -188.5270
-2.0792535100e-001 3.3619330537e-001 -1.3969597505e+000
139 135 131
2 0 1772 -149.8510 135.7190 1 1964 -153.1890 151.8991
4.2914018279e-002 2.8462397888e-001 -1.6199205047e+000
229 239 237
2 0 1789 -29.3160 95.4360 1 1979 -24.5000 101.3800
3.6843543109e-002 1.7017626470e-003 -1.4012969108e+000
184 194 185
2 0 1830 -72.3150 -7.9980 1 1760 -104.4630 -2.4780
6.2051848732e-002 -2.0214391891e-001 -1.4214862259e+000
44 44 38
2 0 1870 -68.6580 -92.2960 1 2067 -107.0960 -91.6800
4.2702234347e-002 -2.5714778101e-001 -1.4060595092e+000
85 155 101
2 0 1878 -80.6220 -115.5780 1 1857 -122.0980 -111.4010
6.2793049127e-002 -2.7091077717e-001 -1.4316891770e+000
45 60 41
2 0 1881 -69.2420 -121.7810 1 1858 -109.7360 -117.8930
-3.9338621232e-003 -2.9484013819e-001 -1.4066767610e+000
77 153 166
2 0 1888 -100.1750 -127.8250 1 2232 -139.0170 -120.9830
5.0143833620e-002 -2.9634523480e-001 -1.4125672037e+000
82 144 96
2 0 1892 -78.1360 -132.6540 1 1866 -121.1080 -127.3250
9.5094926463e-002 4.4696531369e-001 -1.6361088830e+000
178 189 179
2 0 1911 -2.5000 150.5000 1 2107 8.8700 163.3493
-1.3427837587e-002 3.5439514260e-001 -1.5594598632e+000
87 68 55
2 0 1919 -53.7510 125.9140 1 2109 -50.5810 136.8140
5.7333075192e-003 -5.8270088943e-002 -1.3905792613e+000
94 165 120
2 0 1979 -89.1830 -29.9390 1 2178 -122.1130 -26.2210
-4.9108249535e-002 -9.3041207685e-002 -1.3537963409e+000
204 188 153
2 0 1984 -117.9120 -43.5590 1 2038 -153.0020 -33.5750
6.4037982769e-002 -2.4737163347e-001 -1.4290952540e+000
97 170 106
2 0 2014 -68.3310 -111.7900 1 2228 -108.1180 -109.1300
7.7228535739e-002 -2.6810656111e-001 -1.4201452477e+000
39 46 37
2 0 2017 -65.2980 -122.0720 1 2230 -108.1870 -119.2360
9.8495224203e-002 -2.7076743947e-001 -1.4464136688e+000
112 136 119
2 0 2018 -53.6270 -122.1010 1 2234 -94.1690 -122.8950
1.0295214358e-002 2.8958253654e-001 -1.6607417546e+000
231 244 244
2 0 2031 -35.3840 93.9400 1 2120 -25.7020 103.7800
1.2223996653e-001 2.3981513343e-002 -1.4300658195e+000
196 181 159
2 0 2049 -33.9140 -1.7910 1 2269 -66.1250 -2.4780
7.3425892579e-002 -2.1027719338e-001 -1.4330234163e+000
40 35 31
2 0 2070 -62.6350 -96.5850 1 2295 -101.0340 -95.3260
