# Bundle file v0.3
11 117
0 0 0
0 0 0
0 0 0
0 0 0
0 0 0
0 0 0
0 0 0
0 0 0
0 0 0
0 0 0
8.4729712833e+002 -3.8251895625e+000 -5.6153078772e-001
1.7423206270e-001 9.5084212076e-001 2.5601259681e-001
-9.2117800851e-001 2.4925706177e-001 -2.9883439192e-001
-3.4795727462e-001 -1.8376664157e-001 9.1932342322e-001
4.6441649106e-001 6.6156453688e+000 -2.2124880950e+001
0 0 0
0 0 0
0 0 0
0 0 0
0 0 0
0 0 0
0 0 0
0 0 0
0 0 0
0 0 0
-6.3648198394e+002 -8.9690013717e-001 3.0475507253e-002
6.5687894005e-001 5.9776904246e-001 4.5954567781e-001
-7.0196079291e-001 7.0732606953e-001 8.3311923417e-002
-2.7524734937e-001 -3.7730889632e-001 8.8423802984e-001
-1.3254939328e+000 -4.1910306734e-002 5.9162604418e-001
0 0 0
0 0 0
0 0 0
0 0 0
0 0 0
-5.3443461274e+002 -7.6897702111e-001 2.0031241077e-001
5.1986516993e-001 8.2497727294e-001 2.2170409158e-001
-8.1179726956e-001 5.5789946667e-001 -1.7243369226e-001
-2.6594247165e-001 -9.0336505469e-002 9.5974679867e-001
6.9199161516e-001 1.5057336994e+000 -1.1571107382e+000
5.1649754443e+002 -2.0493208625e+000 4.6264624242e+000
-6.2444266776e-001 3.5208656496e-002 -7.8027668502e-001
-2.6117894272e-001 9.3206590057e-001 2.5107512199e-001
7.3610930884e-001 3.6057385860e-001 -5.7282595780e-001
1.3106961612e+001 -3.2466077980e+000 -2.0856066135e+000
0 0 0
0 0 0
0 0 0
0 0 0
0 0 0
7.6652925802e+003 2.3463648159e-003 6.7084609835e-010
4.0853407573e-001 9.0777597988e-001 9.5093003504e-002
-9.1224037352e-001 4.0262981424e-001 7.5542925624e-002
3.0288774996e-002 -1.1760953633e-001 9.9259789798e-001
4.8069409933e+000 -5.9321293162e-001 -7.6938322559e+001
-4.7950270640e+000 1.0448565929e+000 1.4597367310e+001
155 158 149
2 5 8 108.2540 195.2048 7 13 79.7880 125.9550
-9.0055214018e+000 -1.3981272447e+000 1.8599437142e+001
144 144 134
2 5 10 14.2210 193.3078 7 10 -28.6120 129.4050
-9.8878900293e+000 -2.3622092328e+000 1.9975102358e+001
154 150 139
2 5 19 -1.1680 182.0770 7 26 -49.2990 117.6920
-2.7829830063e+000 1.2569466869e+000 1.3043695799e+001
173 180 164
2 5 49 154.7290 166.6241 7 73 129.6940 92.3210
-3.7681624343e+001 -1.9393845848e+001 5.5486838080e+001
47 32 32
2 5 1260 -104.2450 149.3392 7 85 -166.3580 86.3270
-3.8822459217e+001 -1.9877495008e+001 6.0111915967e+001
125 121 117
2 5 89 -88.6940 147.6945 7 96 -158.2500 81.7700
-4.8244297552e+000 -5.6508231710e-001 1.6233163023e+001
153 172 183
2 5 84 93.5770 151.4601 7 103 42.5880 78.2130
-9.2439981877e+000 -4.0962459550e+000 2.0232148203e+001
151 143 141
2 5 97 -17.1330 141.8304 7 107 -72.4300 77.5450
-8.1495595450e+000 -3.4410697534e+000 1.9262657430e+001
141 141 137
2 5 101 3.1140 138.8280 7 109 -56.2150 76.4620
-4.3666733642e+001 -2.6598821263e+001 6.8569037025e+001
144 139 136
2 5 122 -101.1900 124.9620 7 124 -173.4990 62.5620
-4.1611067836e+001 -2.8356224042e+001 6.6720299453e+001
156 142 137
2 5 152 -108.8240 108.0370 7 144 -181.0410 48.6680
-1.7543209620e+000 4.3514347037e-001 1.2243197294e+001
186 192 190
3 5 130 162.2080 122.0260 7 147 131.1060 47.8100 8 231 181.1890 25.7980
-1.6277419721e+000 5.0672295037e-001 1.2217244977e+001
98 95 87
2 5 138 168.3840 119.7500 7 150 136.4170 45.8030
-3.5452013058e+001 -2.5547056413e+001 5.8611161429e+001
104 86 81
2 5 164 -108.4900 98.5300 7 155 -181.1710 41.1710
-1.4598979994e+000 1.8064181537e-001 1.2198923176e+001
161 177 161
3 5 157 165.4150 105.4520 7 169 130.4100 31.3590 8 268 176.7160 10.5000
-6.5133421714e+000 -7.6288861287e+000 2.2725966475e+001
182 96 119
2 5 308 5.6140 26.8120 7 311 -88.6030 -31.9170
-4.6212630615e+000 -5.8191126708e+000 2.0868430694e+001
145 149 137
3 5 319 47.7200 24.1440 7 332 -48.3060 -40.8700 8 403 -19.6130 -55.3530
-1.2912615674e+001 -1.7156451795e+001 3.8762607813e+001
11 65 76
3 5 389 -32.9480 3.0970 7 360 -139.1170 -53.1270 8 435 -113.5450 -66.3660
-6.3809155316e+000 -8.6549190221e+000 2.5520461644e+001
185 194 184
3 5 353 22.5690 10.8680 7 356 -82.1300 -51.7880 8 437 -55.2430 -66.5880
-7.6898597711e+000 -1.0919146895e+001 2.9381627902e+001
112 124 114
2 5 393 10.6350 2.4890 7 386 -98.6270 -58.7500
-1.1628052137e+001 -1.6379411222e+001 3.5674453079e+001
117 42 58
2 5 420 -36.9220 -6.3580 7 383 -142.9600 -58.0620
-4.0970911420e+000 -6.6453178806e+000 2.6230990475e+001
135 68 29
2 5 358 91.5470 8.1180 7 420 -22.5370 -69.6550
-6.3929692632e+000 -9.7714174685e+000 2.6706227681e+001
152 168 157
2 5 417 18.4120 -4.2210 7 400 -90.4970 -64.4730
-7.8273879015e+000 -1.2120118898e+001 3.0494682926e+001
171 185 171
2 5 433 5.2200 -10.2800 7 415 -107.5000 -67.5000
-5.2777149098e+000 -9.0566326894e+000 3.1158099422e+001
221 196 178
2 5 411 77.6530 -2.2360 7 437 -44.0890 -77.8340
-5.1234684480e+000 -1.3009700254e+001 2.5215144016e+001
134 137 135
2 5 574 -19.4590 -75.3700 7 569 -133.9110 -112.3170
-7.2646423827e+000 -1.7835729647e+001 3.1479031403e+001
127 186 192
2 5 582 -38.8850 -81.8400 7 576 -154.7220 -115.0220
-3.4025100336e-001 -6.3435535937e+000 2.1241184393e+001
123 93 91
2 5 568 122.3430 -69.5540 7 635 -0.5240 -136.5180
-2.2887004112e-001 -6.0595832549e+000 2.0988648120e+001
161 129 121
2 5 566 127.6320 -67.7050 7 633 5.5280 -135.7330
-2.1471886987e+000 -1.0795200854e+001 2.2513590629e+001
27 51 33
2 5 604 28.5850 -105.5890 7 663 -95.5360 -145.0580
-2.3663468283e+000 -1.2204655614e+001 2.3997251630e+001
18 73 30
2 5 618 19.8250 -114.4900 7 674 -106.7430 -149.7890
-1.1587380959e+000 -9.2336652970e+000 1.9916765973e+001
39 42 32
2 5 623 44.2380 -115.7380 7 681 -79.5430 -152.4340
-1.2716246638e+000 -9.8009587210e+000 2.0686320919e+001
64 93 57
2 5 627 40.6420 -117.6330 7 682 -84.3540 -154.2830
-1.2509005807e+000 -1.0142208830e+001 2.0829540216e+001
86 117 92
2 5 642 36.7700 -122.4560 7 685 -88.6630 -157.4630
-9.0813949378e-001 -9.3422729766e+000 1.9649142969e+001
94 120 99
2 5 1411 43.8750 -124.2530 7 689 -80.5000 -159.0170
4.0006175374e+000 -9.3976575048e+000 3.1545725064e+001
120 118 17
2 5 640 179.8640 -120.6900 7 833 32.1130 -197.7730
6.0219023439e+000 -8.9029623272e+000 3.4856650640e+001
37 57 0
2 5 638 207.8330 -119.2900 7 852 59.5470 -202.6160
8.4046491179e+000 -9.7809392425e+000 4.1006759023e+001
56 134 48
2 5 633 218.5630 -118.6140 7 918 72.4860 -211.7410
-9.7389985341e-001 -1.4153759264e+001 2.0563636698e+001
126 134 138
2 5 1042 -23.6040 -180.2730 7 781 -142.5130 -189.4970
-4.5218203504e-001 -1.3572123465e+001 1.8049725258e+001
82 69 71
2 5 1163 -36.5510 -201.4280 7 813 -149.5090 -194.2800
-5.7414986533e+000 -9.7277438528e+000 2.5657541844e+001
85 170 120
3 5 1671 18.6910 -15.8290 7 1366 -91.2340 -73.7220 8 1179 -64.3200 -83.4170
-2.5287799319e+000 -6.4481756064e+000 2.4212163972e+001
56 61 58
3 5 1677 108.4600 -24.8470 7 1145 -11.6440 -98.3560 2 1328 -37.0730 -41.0460
-2.3049906487e+000 -7.4368195125e+000 2.4989625636e+001
222 220 217
2 5 498 98.9880 -37.3490 7 551 -23.6310 -108.2930
-2.4117047946e+000 -1.1715065970e+001 2.3740932335e+001
30 57 36
3 5 1399 22.9140 -107.5570 7 667 -101.9760 -147.1650 8 699 -76.3120 -137.4160
-6.1049824516e-001 -9.4634800640e+000 1.9548465017e+001
62 140 99
2 5 1418 46.0790 -132.8330 7 1176 -79.5570 -165.9980
-9.3550708611e+000 -2.3803384775e+000 1.9400819952e+001
127 118 111
2 5 1526 1.2580 176.6760 7 1212 -48.0160 113.8750
-2.8520008814e+001 -1.6596900227e+001 5.1029903771e+001
223 228 231
2 5 1859 -64.8320 125.9680 7 1490 -143.8400 58.1020
-6.2447677573e+000 -2.7830805788e+000 1.6327527467e+001
127 112 97
2 5 1561 12.7920 129.2280 7 1252 -38.7140 69.8120
-6.4436442950e+000 -1.2013126693e+001 2.8732839647e+001
55 104 75
2 5 1679 8.3280 -30.9410 7 1372 -106.6570 -85.3870
-1.9147927847e+000 -8.4097940448e+000 2.6274147200e+001
213 212 211
2 5 1706 100.1660 -55.2320 7 1169 -28.9670 -122.4610
-3.9416917284e-001 -6.8051327746e+000 2.2055457159e+001
178 131 127
2 5 1714 119.1110 -72.5700 7 1421 -5.9910 -139.3880
-4.8686125582e+000 -8.6770623734e+000 3.0179790943e+001
209 211 208
2 5 2040 80.6290 -3.7080 7 1669 -39.9160 -80.6180
-5.6457128822e+000 -9.8497187907e+000 2.5467583805e+001
94 183 129
3 5 1922 16.1990 -19.3000 7 1546 -93.3980 -76.6390 8 1633 -67.7740 -88.5030
-6.9435947316e+000 -1.4082314952e+001 2.8246773659e+001
184 170 132
2 5 2057 -26.0400 -52.6070 7 1552 -138.3370 -93.9650
-2.5885250332e+000 -8.8042131710e+000 2.6755055305e+001
208 204 198
2 5 1940 87.4710 -48.1680 7 1571 -39.0330 -116.0380
-7.7070231726e-001 -8.4111122540e+000 2.4224704197e+001
60 39 25
2 5 1950 102.8880 -82.7500 7 1581 -28.1630 -144.1500
-7.1550102759e-001 -9.8695380683e+000 2.0356034317e+001
63 138 93
3 5 2074 45.5000 -131.5000 7 1587 -81.2240 -166.3050 8 1669 -57.5000 -153.9720
-1.8152163026e+001 -1.3017688991e+001 3.5402256132e+001
66 44 30
2 5 2001 -69.9050 94.7740 7 1627 -148.6560 36.9300
-8.0482396914e+000 -1.1623138620e+001 3.0928321236e+001
68 83 77
2 5 2039 13.0160 -1.5380 7 1659 -101.6580 -59.0320
-4.9363869120e+000 -1.0618070236e+001 2.5485972335e+001
90 177 118
3 5 2111 17.5190 -43.5630 7 1743 -98.5970 -94.3450 8 1814 -73.6210 -96.5670
-2.5769378401e+000 8.1663378354e-001 1.2166265833e+001
172 178 170
2 5 1252 141.3900 159.9803 7 89 123.4060 85.2530
-2.4031607631e+001 -1.4995024343e+001 4.3951792212e+001
57 53 50
2 5 145 -67.0200 115.1580 7 136 -147.7680 53.2340
-4.5571414190e+000 -6.8296331581e-001 1.7603217836e+001
86 121 68
2 5 107 111.4380 136.7060 7 132 50.4780 56.6070
-6.8040339827e+000 -9.6210586966e+000 2.6927551818e+001
176 187 173
2 5 375 16.1730 4.9610 7 378 -90.1750 -57.2910
-9.7055638182e-001 -9.7343216858e+000 2.0350127754e+001
109 136 115
2 5 650 43.5000 -124.5000 7 688 -82.1990 -159.9480
-2.3549547212e+000 -8.3426064181e+000 2.6535957740e+001
194 194 190
2 5 522 95.5900 -45.2380 7 587 -30.3980 -116.0170
-1.8003493710e+000 -8.0796609448e+000 2.5175408305e+001
209 210 205
2 5 1387 98.5030 -55.4840 7 605 -28.0790 -123.1960
1.5451146886e+000 -2.1045843457e+000 1.4859092973e+001
34 66 7
2 5 544 204.5510 -51.5760 7 627 115.3450 -131.9620
4.4313285955e+000 -2.7856816030e+000 2.0870945772e+001
121 118 117
2 5 585 241.2850 -86.0840 7 1182 129.1680 -174.9500
-1.0009062959e+001 -2.9029618329e+000 2.0055449289e+001
139 132 128
2 5 1528 -11.0360 173.8705 7 1216 -60.6640 111.3500
-8.7649892843e+000 -2.3309061658e+000 1.8645375250e+001
126 122 113
2 5 1846 2.6040 172.9179 7 1603 -44.8540 110.0670
-2.0003912746e+000 -9.6919208747e+000 2.0697282196e+001
31 32 26
2 5 2064 29.6110 -101.8720 7 1696 -91.5700 -139.6090
-5.3962839820e+000 -8.9207079905e+000 2.4793033173e+001
12 11 9
2 5 2104 26.1830 -10.1830 7 1737 -81.8880 -70.8600
-4.2224021301e+000 -8.3089269109e+000 2.8774473781e+001
97 93 92
2 5 434 84.8390 -10.5670 7 464 -36.2080 -85.9480
-2.7287521414e+000 -5.4356291179e+000 2.3411080366e+001
189 163 160
2 5 1659 111.7500 0.2500 7 1115 -0.5290 -77.9260
-4.4501375804e+001 -1.8065154226e+001 5.9476866617e+001
161 151 149
2 5 25 -106.4260 179.4265 7 29 -161.4450 115.9410
-9.5115079545e+000 -3.3601668060e+000 2.0216055104e+001
78 71 58
2 5 64 -8.2470 158.3816 7 65 -62.6190 94.8190
-4.0280498399e+001 -1.9660437815e+001 5.8754119585e+001
150 140 139
2 5 69 -100.6150 155.9949 7 75 -163.5150 91.7820
-4.5251138698e+001 -2.7752898467e+001 6.9684759881e+001
138 123 123
2 5 119 -107.4410 124.7590 7 121 -177.3120 63.1000
-4.1411119206e+000 -4.3334139771e+000 1.7412469171e+001
175 82 113
2 5 265 45.1860 42.8430 7 255 -36.5000 -17.2500
-1.0875620636e+001 -1.2775374087e+001 3.2037227745e+001
17 114 146
2 5 320 -24.9410 22.1500 7 315 -125.7810 -35.7150
-7.3058875814e+000 -9.0132129801e+000 2.4732193242e+001
208 115 146
2 5 331 -4.5800 18.5560 7 326 -102.4940 -38.4280
-5.1600220645e+000 -8.2325715858e+000 3.0885869492e+001
138 74 40
2 5 371 87.6000 6.5880 7 424 -33.4440 -71.6430
-1.2975667762e+001 -1.6841454673e+001 3.8735976244e+001
118 185 195
2 5 373 -30.5000 6.3480 7 355 -137.5000 -49.7630
-1.2159937405e+001 -1.6155457473e+001 3.8055913306e+001
24 28 21
2 5 380 -21.7750 4.1170 7 362 -131.2680 -52.7560
-4.1411251698e+000 -8.2280722821e+000 2.8895210914e+001
57 57 56
2 5 435 87.8340 -10.3420 7 468 -33.6360 -86.4370
-1.6274675412e+000 -4.8122757348e+000 2.1259450229e+001
213 212 207
2 5 442 126.0990 -13.9150 7 496 15.4040 -91.5370
-2.4598147796e+000 -7.7339746082e+000 2.5510187330e+001
49 50 45
2 5 500 96.1280 -38.1450 7 557 -27.6040 -108.0830
1.1537978808e+000 -2.2860450478e+000 1.3720621893e+001
72 105 56
2 5 550 186.7960 -55.1240 7 618 101.5240 -127.1860
-1.5986115953e+000 -7.6872886673e+000 2.4413603696e+001
207 200 200
2 5 552 101.9660 -55.3520 7 606 -23.3250 -123.7880
1.6769764488e+000 -2.1864824294e+000 1.5102758716e+001
87 145 68
2 5 554 206.5070 -55.9040 7 639 114.7750 -135.9390
1.3312248152e+000 -1.0406479494e+001 2.8170977693e+001
165 174 94
2 5 643 127.0500 -121.4030 7 752 -17.6390 -181.5610
3.7181503926e+000 -2.2555586206e+001 4.9066058589e+001
30 48 45
2 5 874 113.1310 -159.7190 7 911 -47.5110 -211.5720
4.1915162192e+000 -3.1570974395e+001 6.3829178702e+001
60 61 61
2 5 943 100.5360 -166.5190 7 946 -62.5380 -214.4970
-6.4539776796e+000 -7.4856965940e+000 2.2588274401e+001
183 73 107
2 5 1319 7.0000 28.4070 7 1091 -86.4760 -31.1690
-9.8702687799e+000 -1.3802468052e+001 3.5087779877e+001
209 216 211
2 5 1336 1.0980 1.0020 7 388 -112.5000 -58.6750
-1.5055844823e+000 -1.1692220227e+001 2.2723033512e+001
45 67 41
2 5 1414 27.8160 -128.8450 7 693 -100.1830 -161.8160
1.9863079680e+000 -1.1705929236e+001 3.0507035579e+001
170 149 15
2 5 1420 129.3040 -132.3520 7 1195 -19.3090 -191.9330
4.7669507969e+000 -3.9064093930e+001 7.7666118939e+001
33 38 34
2 5 1475 98.5640 -167.9120 7 945 -66.7680 -214.2070
-4.7859384961e+000 2.5559246271e-001 1.4043411283e+001
193 211 211
2 5 1524 85.6200 183.4977 7 1472 55.9040 118.5260
-4.9589865422e+000 -4.0731520739e-001 1.5622223502e+001
189 219 233
2 5 1536 86.7770 161.0000 7 1236 41.0000 91.5000
-8.7673496036e+000 -1.0591710869e+001 2.7809343469e+001
188 85 115
2 5 1633 -14.1190 19.9360 7 1332 -113.5980 -37.8440
-1.4775979067e+000 -1.0477663388e+001 2.1706130226e+001
53 103 61
2 5 1739 36.7720 -118.0460 7 1431 -89.6340 -154.4380
-1.0123381764e+000 -1.0306342080e+001 2.0800663268e+001
33 59 38
2 5 1755 37.8430 -129.5580 7 1433 -88.6230 -163.2380
-4.1888092705e+000 -8.3555636164e+000 2.9119000878e+001
15 14 12
2 5 1920 87.0000 -11.0000 7 1373 -34.7740 -87.0000
-1.1439707585e+000 -5.3041007459e+000 2.0301723463e+001
216 217 212
2 5 1930 119.0000 -37.0000 7 1155 6.1730 -108.9480
-1.8571982805e+000 -6.2107721990e+000 2.2600822851e+001
54 52 58
2 2 467 -41.9520 -46.3560 10 752 64.5000 41.5000
-1.8719455491e+000 -6.2190394508e+000 2.2631530184e+001
200 201 195
2 2 469 -33.7370 -47.3510 10 234 74.3110 43.5850
-1.4590559132e+000 -6.0859725702e+000 2.1741621863e+001
180 140 137
2 2 590 -17.3090 -86.3430 10 311 110.3480 0.8130
-1.8264816716e+000 -6.2081737723e+000 2.2525476499e+001
22 22 23
2 2 1331 -22.7350 -44.5100 10 741 88.0710 50.7570
-1.8094105731e+000 -6.1965318291e+000 2.2481475849e+001
211 212 208
2 2 1344 -34.5400 -52.5260 10 757 76.0730 37.0350
-1.7305583633e+000 -6.1709560505e+000 2.2297320070e+001
217 219 212
2 2 1355 -27.7720 -63.4790 10 1010 87.0540 25.9110
-1.7193801150e+000 -6.1678355744e+000 2.2272400744e+001
22 24 23
2 2 1356 -22.2590 -63.8270 10 770 92.2990 26.4450
-1.5059168920e+000 -6.1015055840e+000 2.1836328949e+001
186 145 142
2 2 1369 -18.8050 -86.4300 10 778 108.3430 1.3410
-2.0540785750e+000 -5.2487971427e+000 1.6854625525e+001
219 227 227
2 10 732 98.8960 56.4890 8 579 40.4880 -108.4540
-1.9641949299e+000 -5.2923036916e+000 1.6808298253e+001
221 224 225
2 10 743 100.1050 46.6470 8 598 39.7860 -113.6310
-2.3900563209e+000 -7.0873717939e+000 2.2880942982e+001
109 183 152
2 10 1287 -54.3830 56.0550 8 1756 -86.0610 -91.1560
