# Bundle file v0.3
11 146
0 0 0
0 0 0
0 0 0
0 0 0
0 0 0
0 0 0
0 0 0
0 0 0
0 0 0
0 0 0
0 0 0
0 0 0
0 0 0
0 0 0
0 0 0
0 0 0
0 0 0
0 0 0
0 0 0
0 0 0
0 0 0
0 0 0
0 0 0
0 0 0
0 0 0
6.6080306000e+002 0.0000000000e+000 0.0000000000e+000
1.0000000000e+000 0.0000000000e+000 0.0000000000e+000
0.0000000000e+000 1.0000000000e+000 0.0000000000e+000
0.0000000000e+000 0.0000000000e+000 1.0000000000e+000
-0.0000000000e+000 -0.0000000000e+000 -0.0000000000e+000
0 0 0
0 0 0
0 0 0
0 0 0
0 0 0
6.6080306000e+002 0.0000000000e+000 0.0000000000e+000
9.0264843968e-001 1.7615283692e-001 -3.9267794996e-001
-2.6943404492e-001 9.4277374284e-001 -1.9642546997e-001
3.3560555684e-001 2.8310395239e-001 8.9845481932e-001
-8.1939978352e-001 -4.2150186708e-001 -3.8848445378e-001
0 0 0
0 0 0
0 0 0
0 0 0
0 0 0
0 0 0
0 0 0
0 0 0
0 0 0
0 0 0
0 0 0
0 0 0
0 0 0
0 0 0
0 0 0
2.8322181291e-001 5.1150522575e-001 -1.7304718023e+000
155 158 149
2 5 8 108.2540 195.2048 7 13 79.7880 125.9550
3.4235075455e-002 4.7176864412e-001 -1.6109319914e+000
144 144 134
2 5 10 14.2210 193.3078 7 10 -28.6120 129.4050
-2.9930078814e-003 4.3524452468e-001 -1.5787377344e+000
154 150 139
2 5 19 -1.1680 182.0770 7 26 -49.2990 117.6920
4.1815190470e-001 4.5022575540e-001 -1.7856686951e+000
173 180 164
2 5 49 154.7290 166.6241 7 73 129.6940 92.3210
-2.2168637376e-001 3.1758326920e-001 -1.4052572402e+000
47 32 32
2 5 1260 -104.2450 149.3392 7 85 -166.3580 86.3270
-1.8823746491e-001 3.1302213295e-001 -1.3955679941e+000
125 121 117
2 5 89 -88.6940 147.6945 7 96 -158.2500 81.7700
2.3406414524e-001 3.8030634126e-001 -1.6565598893e+000
153 172 183
2 5 84 93.5770 151.4601 7 103 42.5880 78.2130
-3.7816660677e-002 3.2923174840e-001 -1.5465093894e+000
151 143 141
2 5 97 -17.1330 141.8304 7 107 -72.4300 77.5450
6.0280011383e-003 3.2948971673e-001 -1.5608612990e+000
141 141 137
2 5 101 3.1140 138.8280 7 109 -56.2150 76.4620
-2.1147841311e-001 2.6112018647e-001 -1.3748238993e+000
144 139 136
2 5 122 -101.1900 124.9620 7 124 -173.4990 62.5620
-2.2571044709e-001 2.2414492550e-001 -1.3685201267e+000
156 142 137
2 5 152 -108.8240 108.0370 7 144 -181.0410 48.6680
4.4447875534e-001 3.3360616814e-001 -1.8090825996e+000
186 192 190
2 5 130 162.2080 122.0260 7 147 131.1060 47.8100
4.6053075235e-001 3.2965293351e-001 -1.8117860392e+000
98 95 87
2 5 138 168.3840 119.7500 7 150 136.4170 45.8030
-2.2532421490e-001 2.0472794606e-001 -1.3704882699e+000
104 86 81
2 5 164 -108.4900 98.5300 7 155 -181.1710 41.1710
4.5320016021e-001 2.8898242670e-001 -1.8106031967e+000
161 177 161
2 5 157 165.4150 105.4520 7 169 130.4100 31.3590
1.2035915880e-002 5.9657282463e-002 -1.4597962347e+000
182 96 119
2 5 308 5.6140 26.8120 7 311 -88.6030 -31.9170
1.0823896927e-001 5.4890528247e-002 -1.4998959819e+000
145 149 137
2 5 319 47.7200 24.1440 7 332 -48.3060 -40.8700
-6.7410489450e-002 5.7962458737e-003 -1.3620916663e+000
11 65 76
2 5 389 -32.9480 3.0970 7 360 -139.1170 -53.1270
4.9136481635e-002 2.3648174634e-002 -1.4384418597e+000
185 194 184
2 5 353 22.5690 10.8680 7 356 -82.1300 -51.7880
2.2651173037e-002 5.3012394899e-003 -1.4074236682e+000
112 124 114
2 5 393 10.6350 2.4890 7 386 -98.6270 -58.7500
-7.6524296205e-002 -1.2752016680e-002 -1.3638789302e+000
117 42 58
2 5 420 -36.9220 -6.3580 7 383 -142.9600 -58.0620
2.0374255041e-001 1.7567570039e-002 -1.4677408902e+000
135 68 29
2 5 358 91.5470 8.1180 7 420 -22.5370 -69.6550
2.1297028306e-001 1.3641909959e-002 -1.4663876529e+000
164 129 100
2 5 372 95.8240 6.3170 7 425 -19.7270 -72.3540
3.9664980761e-002 -9.1299687904e-003 -1.4221516473e+000
152 168 157
2 5 417 18.4120 -4.2210 7 400 -90.4970 -64.4730
1.0045964114e-002 -2.0568754035e-002 -1.3942636369e+000
171 185 171
2 5 433 5.2200 -10.2800 7 415 -107.5000 -67.5000
1.6779673086e-001 -4.7487674996e-003 -1.4285269530e+000
221 196 178
2 5 411 77.6530 -2.2360 7 437 -44.0890 -77.8340
2.7061850555e-001 2.3556565486e-003 -1.5151228009e+000
119 1 1
2 5 400 117.8520 1.2280 7 438 8.1880 -77.8060
2.5522841509e-001 -2.6615730974e-003 -1.5004187277e+000
96 13 12
2 5 408 112.5330 -1.3180 7 443 -0.2110 -79.0470
2.3453632580e-001 -9.5201797064e-003 -1.4803800251e+000
38 39 37
2 5 414 104.2840 -3.7830 7 448 -11.0020 -82.2470
2.4723755654e-001 -7.3504760288e-003 -1.4910404373e+000
132 123 122
2 5 415 109.6930 -3.3970 7 445 -4.9100 -80.9160
2.3433352114e-001 -1.7579450083e-002 -1.4791349222e+000
219 223 220
2 5 423 104.2900 -7.3970 7 466 -11.8410 -85.3050
2.4128351309e-001 -1.9705444835e-002 -1.4936822072e+000
211 216 212
2 5 1346 106.1040 -7.9850 7 472 -6.9550 -85.5000
2.7090331833e-001 -1.5319903647e-002 -1.5080177396e+000
116 7 5
2 5 1344 118.4580 -6.4270 7 467 5.9940 -85.2240
2.5980318968e-001 -2.0982326171e-002 -1.5017995551e+000
119 5 3
2 5 426 114.2390 -9.1450 7 475 0.5070 -86.3970
2.3567506866e-001 -2.9235844454e-002 -1.4957749569e+000
32 30 32
2 5 439 103.7910 -12.5430 7 486 -9.5000 -87.5000
2.0756498024e-001 -3.5757041803e-002 -1.4581716426e+000
18 15 12
2 5 449 94.1900 -16.3500 7 492 -26.5980 -90.3990
2.7977313039e-001 -3.5739062163e-002 -1.5137846567e+000
215 214 210
2 5 446 121.7750 -15.1980 7 500 8.6830 -93.1150
2.6221246987e-001 -4.8023989333e-002 -1.4991047331e+000
90 93 92
2 5 456 115.1830 -20.7120 7 512 -0.7240 -97.2770
2.3733364883e-001 -9.1000491445e-002 -1.4802775677e+000
199 201 198
2 5 506 105.7330 -40.3790 7 566 -15.7040 -111.6790
2.2429477762e-001 -9.5738799572e-002 -1.4718916189e+000
190 192 187
2 5 514 100.4350 -42.6830 7 571 -22.0050 -112.9110
2.3051051614e-001 -9.9981446010e-002 -1.4746251348e+000
64 64 62
2 5 523 103.6730 -45.2340 7 577 -20.0680 -113.8410
2.8014305051e-001 -9.5308589747e-002 -1.5133653358e+000
33 32 32
2 5 510 122.3230 -41.6160 7 579 4.3030 -113.8220
2.1920228936e-001 -1.0382223266e-001 -1.4639567762e+000
16 18 15
2 5 528 98.9470 -46.8670 7 582 -25.8680 -115.8160
2.5750442583e-001 -9.4202305118e-002 -1.4931970508e+000
146 144 143
2 5 509 113.5000 -41.1680 7 578 -6.5000 -114.0130
2.4734022390e-001 -1.0762357594e-001 -1.4889212104e+000
18 21 18
2 5 531 109.8310 -47.8310 7 588 -12.0540 -117.2290
2.2055309447e-001 -1.1418259569e-001 -1.4639229531e+000
93 92 90
2 5 546 99.8040 -51.8240 7 595 -26.2450 -119.2890
2.3091337144e-001 -1.1814366318e-001 -1.4701307930e+000
160 156 154
2 5 547 103.5730 -52.8540 7 600 -21.4720 -121.9010
-4.0942997907e-002 -1.5721215799e-001 -1.3811063691e+000
134 137 135
2 5 574 -19.4590 -75.3700 7 569 -133.9110 -112.3170
-7.9741037601e-002 -1.6645664339e-001 -1.3479470498e+000
127 186 192
2 5 582 -38.8850 -81.8400 7 576 -154.7220 -115.0220
2.7992109336e-001 -1.5924673992e-001 -1.5108982923e+000
123 93 91
2 5 568 122.3430 -69.5540 7 635 -0.5240 -136.5180
2.9328077979e-001 -1.5556467335e-001 -1.5185382971e+000
161 129 121
2 5 566 127.6320 -67.7050 7 633 5.5280 -135.7330
2.7913124220e-001 -1.6372138496e-001 -1.5021934035e+000
172 124 122
2 5 570 122.6900 -71.9090 7 650 -2.4390 -139.2830
2.6278530786e-001 -1.6529735209e-001 -1.4921320255e+000
160 119 113
2 5 571 116.1570 -72.9540 7 648 -9.7950 -139.3640
2.2640559680e-001 -1.7729049250e-001 -1.4635109301e+000
118 99 98
2 5 581 101.8760 -79.6520 7 655 -27.9580 -143.2230
2.2062442211e-001 -1.8958161920e-001 -1.4622079152e+000
34 17 0
2 5 584 99.8520 -85.8430 7 664 -31.3240 -146.1060
6.1722835144e-002 -2.2698623626e-001 -1.4177134286e+000
27 51 33
2 5 604 28.5850 -105.5890 7 663 -95.5360 -145.0580
4.1746842598e-002 -2.4230515563e-001 -1.4002439068e+000
18 73 30
2 5 618 19.8250 -114.4900 7 674 -106.7430 -149.7890
9.6203861032e-002 -2.5301445399e-001 -1.4503841959e+000
39 42 32
2 5 623 44.2380 -115.7380 7 681 -79.5430 -152.4340
8.8062783444e-002 -2.5570141012e-001 -1.4393699646e+000
64 93 57
2 5 627 40.6420 -117.6330 7 682 -84.3540 -154.2830
7.9563097879e-002 -2.6546415334e-001 -1.4338923721e+000
86 117 92
2 5 642 36.7700 -122.4560 7 685 -88.6630 -157.4630
9.5819983589e-002 -2.7222288139e-001 -1.4508154630e+000
94 120 99
2 5 1411 43.8750 -124.2530 7 689 -80.5000 -159.0170
4.0456997636e-001 -2.7191293463e-001 -1.4827205572e+000
120 118 17
2 5 640 179.8640 -120.6900 7 833 32.1130 -197.7730
4.7239377555e-001 -2.7091007792e-001 -1.5033186445e+000
37 57 0
2 5 638 207.8330 -119.2900 7 852 59.5470 -202.6160
5.0341685091e-001 -2.7594660951e-001 -1.5075382611e+000
56 134 48
2 5 633 218.5630 -118.6140 7 918 72.4860 -211.7410
-4.6185436468e-002 -3.8293358417e-001 -1.3893274282e+000
126 134 138
2 5 1042 -23.6040 -180.2730 7 781 -142.5130 -189.4970
-7.7577169296e-002 -4.3219138966e-001 -1.4152236489e+000
82 69 71
2 5 1163 -36.5510 -201.4280 7 813 -149.5090 -194.2800
4.0491335035e-002 -3.4360809290e-002 -1.4235696367e+000
85 170 120
2 5 1671 18.6910 -15.8290 7 1366 -91.2340 -73.7220
2.3378118175e-001 -3.6199972415e-002 -1.4847889754e+000
220 221 215
2 5 1352 103.8730 -15.9150 7 495 -12.5470 -90.9260
2.4237779511e-001 -5.4813560872e-002 -1.4814593824e+000
56 61 58
2 5 1677 108.4600 -24.8470 7 1145 -11.6440 -98.3560
2.3250258544e-001 -7.0375442752e-002 -1.4808037698e+000
201 204 198
2 5 1366 103.9120 -31.5860 7 1390 -16.2040 -103.0530
2.1998791882e-001 -8.3176970042e-002 -1.4670330177e+000
222 220 217
2 5 498 98.9880 -37.3490 7 551 -23.6310 -108.2930
2.4545311953e-001 -1.1561295690e-001 -1.4813727140e+000
211 210 207
2 5 1383 109.3570 -51.4200 7 601 -14.3560 -121.1690
4.9921045321e-002 -2.3002149577e-001 -1.4046925573e+000
30 57 36
2 5 1399 22.9140 -107.5570 7 667 -101.9760 -147.1650
1.0091307250e-001 -2.9151826625e-001 -1.4521973222e+000
62 140 99
2 5 1418 46.0790 -132.8330 7 1176 -79.5570 -165.9980
1.7385107832e-003 4.2464324724e-001 -1.5825883167e+000
127 118 111
2 5 1526 1.2580 176.6760 7 1212 -48.0160 113.8750
-1.3740826339e-001 2.6639327686e-001 -1.3925723679e+000
223 228 231
2 5 1859 -64.8320 125.9680 7 1490 -143.8400 58.1020
3.1475240599e-002 3.1516605496e-001 -1.6130897269e+000
127 112 97
2 5 1561 12.7920 129.2280 7 1252 -38.7140 69.8120
-6.0623691083e-002 6.9775854731e-002 -1.3871809040e+000
54 135 164
2 5 1624 -28.6620 32.9850 7 1324 -128.3230 -26.6890
2.3058051786e-001 -1.1886957591e-002 -1.4839713417e+000
38 34 31
2 5 1342 102.7160 -5.3390 7 1119 -12.3150 -81.4870
1.7605021114e-002 -6.5357420606e-002 -1.3953435157e+000
55 104 75
2 5 1679 8.3280 -30.9410 7 1372 -106.6570 -85.3870
2.1935222982e-001 -1.2036036090e-001 -1.4537158225e+000
213 212 211
2 5 1706 100.1660 -55.2320 7 1169 -28.9670 -122.4610
2.7064534534e-001 -1.6516269177e-001 -1.4986512455e+000
178 131 127
2 5 1714 119.1110 -72.5700 7 1421 -5.9910 -139.3880
1.7608680580e-001 -9.2575857390e-003 -1.4345255917e+000
209 211 208
2 5 2040 80.6290 -3.7080 7 1669 -39.9160 -80.6180
3.5649775425e-002 -4.2446077254e-002 -1.4221684210e+000
94 183 129
2 5 1922 16.1990 -19.3000 7 1546 -93.3980 -76.6390
-5.4895931593e-002 -1.0835789737e-001 -1.3727337990e+000
184 170 132
2 5 2057 -26.0400 -52.6070 7 1552 -138.3370 -93.9650
1.9163729293e-001 -1.0580358551e-001 -1.4442332195e+000
208 204 198
2 5 1940 87.4710 -48.1680 7 1571 -39.0330 -116.0380
2.2748149581e-001 -1.8277463292e-001 -1.4645503675e+000
60 39 25
2 5 1950 102.8880 -82.7500 7 1581 -28.1630 -144.1500
9.9612238061e-002 -2.8752085943e-001 -1.4436247438e+000
63 138 93
2 5 2074 45.5000 -131.5000 7 1587 -81.2240 -166.3050
-1.5093541585e-001 2.0425531377e-001 -1.4060169629e+000
66 44 30
2 5 2001 -69.9050 94.7740 7 1627 -148.6560 36.9300
9.6792348693e-002 8.6568392013e-002 -1.5152138441e+000
215 225 235
2 5 2019 42.0000 38.0000 7 1728 -47.3750 -27.0000
-6.4801379934e-002 -1.2796009676e-002 -1.3663131196e+000
16 15 17
2 5 2102 -31.6590 -5.8180 7 1658 -138.0640 -59.9920
2.4089638744e-002 7.4680616432e-004 -1.3982136797e+000
68 83 77
2 5 2039 13.0160 -1.5380 7 1659 -101.6580 -59.0320
3.6377816313e-002 -9.1864114074e-002 -1.4118996018e+000
90 177 118
2 5 2111 17.5190 -43.5630 7 1743 -98.5970 -94.3450
3.9446553981e-001 4.3181478376e-001 -1.8140506216e+000
172 178 170
2 5 1252 141.3900 159.9803 7 89 123.4060 85.2530
-1.4485523842e-001 2.4712371004e-001 -1.3952573158e+000
57 53 50
2 5 145 -67.0200 115.1580 7 136 -147.7680 53.2340
2.7446851311e-001 3.3714235138e-001 -1.6286273569e+000
86 121 68
2 5 107 111.4380 136.7060 7 132 50.4780 56.6070
3.5571966359e-002 9.8645339134e-003 -1.4242330227e+000
176 187 173
2 5 375 16.1730 4.9610 7 378 -90.1750 -57.2910
2.9791022734e-001 -5.7500945984e-002 -1.5324295327e+000
204 198 197
2 5 460 128.3740 -24.6940 7 525 16.2220 -100.3290
2.8379088201e-001 -6.5135391734e-002 -1.5168669627e+000
161 158 158
2 5 467 123.7390 -28.5000 7 537 8.1860 -102.9950
3.0124308281e-001 -7.1193996814e-002 -1.5342565102e+000
201 199 194
2 5 476 129.5440 -30.4340 7 544 16.7690 -105.5110
2.3594622905e-001 -1.1634760290e-001 -1.4797600406e+000
53 51 47
2 5 541 105.7450 -52.3900 7 596 -18.3830 -119.6060
9.4686500891e-002 -2.7157262972e-001 -1.4434192676e+000
109 136 115
2 5 650 43.5000 -124.5000 7 688 -82.1990 -159.9480
2.1095944844e-001 -1.0049496152e-001 -1.4515302476e+000
194 194 190
2 5 522 95.5900 -45.2380 7 587 -30.3980 -116.0170
2.1798738915e-001 -1.2296396582e-001 -1.4602913338e+000
209 210 205
2 5 1387 98.5030 -55.4840 7 605 -28.0790 -123.1960
5.3274047373e-001 -1.3547573820e-001 -1.7167754004e+000
34 66 7
2 5 544 204.5510 -51.5760 7 627 115.3450 -131.9620
6.0477421219e-001 -2.1503917956e-001 -1.6589065634e+000
121 118 117
2 5 585 241.2850 -86.0840 7 1182 129.1680 -174.9500
-2.6816383327e-002 4.1359746424e-001 -1.5691391727e+000
139 132 128
2 5 1528 -11.0360 173.8705 7 1216 -60.6640 111.3500
6.0824767677e-003 4.1693233329e-001 -1.5924261465e+000
126 122 113
2 5 1846 2.6040 172.9179 7 1603 -44.8540 110.0670
6.3550331937e-002 -2.2033027873e-001 -1.4346584845e+000
31 32 26
2 5 2064 29.6110 -101.8720 7 1696 -91.5700 -139.6090
5.7856960331e-002 -2.3231241384e-002 -1.4361668593e+000
12 11 9
2 5 2104 26.1830 -10.1830 7 1737 -81.8880 -70.8600
1.8573508656e-001 -2.3760088085e-002 -1.4419090316e+000
97 93 92
2 5 434 84.8390 -10.5670 7 464 -36.2080 -85.9480
2.9048282010e-001 -7.7219804063e-002 -1.5307448198e+000
55 59 53
2 5 482 124.9030 -32.7710 7 549 12.1870 -107.1870
2.7969690181e-001 -1.0698076970e-001 -1.5203349769e+000
208 207 205
2 5 1701 121.4300 -46.3410 7 1405 4.4790 -117.1010
2.5366482223e-001 5.6748282378e-004 -1.4999775458e+000
189 163 160
2 5 1659 111.7500 0.2500 7 1115 -0.5290 -77.9260
-2.3018594058e-001 3.8777947838e-001 -1.4254156779e+000
161 151 149
2 5 25 -106.4260 179.4265 7 29 -161.4450 115.9410
-1.9680716256e-002 3.7357700809e-001 -1.5574415133e+000
78 71 58
2 5 64 -8.2470 158.3816 7 65 -62.6190 94.8190
-2.1438323242e-001 3.3223453213e-001 -1.4052308958e+000
150 140 139
2 5 69 -100.6150 155.9949 7 75 -163.5150 91.7820
-2.2410177031e-001 2.6023884793e-001 -1.3754934667e+000
138 123 123
2 5 119 -107.4410 124.7590 7 121 -177.3120 63.1000
1.0534435882e-001 1.0249749459e-001 -1.5586933648e+000
175 82 113
2 5 265 45.1860 42.8430 7 255 -36.5000 -17.2500
-5.2896643108e-002 4.7081266188e-002 -1.3916087676e+000
17 114 146
2 5 320 -24.9410 22.1500 7 315 -125.7810 -35.7150
-1.0553345929e-002 4.0996643904e-002 -1.4346630886e+000
208 115 146
2 5 331 -4.5800 18.5560 7 326 -102.4940 -38.4280
1.8981473048e-001 1.5166590061e-002 -1.4373375132e+000
138 74 40
2 5 371 87.6000 6.5880 7 424 -33.4440 -71.6430
-6.3406081876e-002 1.3653968194e-002 -1.3633913427e+000
118 185 195
2 5 373 -30.5000 6.3480 7 355 -137.5000 -49.7630
-4.5913225338e-002 9.5492623391e-003 -1.3662985183e+000
24 28 21
2 5 380 -21.7750 4.1170 7 362 -131.2680 -52.7560
1.9235521471e-001 -2.3231977759e-002 -1.4428897488e+000
57 57 56
2 5 435 87.8340 -10.3420 7 468 -33.6360 -86.4370
2.9212592813e-001 -3.2746769452e-002 -1.5282489979e+000
213 212 207
2 5 442 126.0990 -13.9150 7 496 15.4040 -91.5370
2.1227928076e-001 -8.4042231126e-002 -1.4610315366e+000
49 50 45
2 5 500 96.1280 -38.1450 7 557 -27.6040 -108.0830
4.9121780740e-001 -1.4548126596e-001 -1.7355013096e+000
72 105 56
2 5 550 186.7960 -55.1240 7 618 101.5240 -127.1860
2.2729541325e-001 -1.2379599160e-001 -1.4685693071e+000
207 200 200
2 5 552 101.9660 -55.3520 7 606 -23.3250 -123.7880
5.3532058313e-001 -1.4543290933e-001 -1.7110484460e+000
87 145 68
2 5 554 206.5070 -55.9040 7 639 114.7750 -135.9390
2.7860121555e-001 -2.6608147982e-001 -1.4531945174e+000
165 174 94
2 5 643 127.0500 -121.4030 7 752 -17.6390 -181.5610
2.3763341119e-001 -3.3553232064e-001 -1.3888388633e+000
30 48 45
2 5 874 113.1310 -159.7190 7 911 -47.5110 -211.5720
2.0795426614e-001 -3.4444282087e-001 -1.3669114614e+000
60 61 61
2 5 943 100.5360 -166.5190 7 946 -62.5380 -214.4970
1.1717074124e-001 -3.6438603315e-001 -1.3253585947e+000
112 129 122
2 5 1049 58.1380 -181.3600 7 956 -103.3210 -216.1640
1.5552244983e-002 6.2819409164e-002 -1.4628280778e+000
183 73 107
2 5 1319 7.0000 28.4070 7 1091 -86.4760 -31.1690
9.3242562076e-004 3.6742590958e-003 -1.3806338823e+000
209 216 211
2 5 1336 1.0980 1.0020 7 388 -112.5000 -58.6750
5.9453781064e-002 -2.7525209871e-001 -1.4114415471e+000
45 67 41
2 5 1414 27.8160 -128.8450 7 693 -100.1830 -161.8160
2.8221132055e-001 -2.8883705902e-001 -1.4435747559e+000
170 149 15
2 5 1420 129.3040 -132.3520 7 1195 -19.3090 -191.9330
2.0153860076e-001 -3.4394348352e-001 -1.3581801583e+000
33 38 34
2 5 1475 98.5640 -167.9120 7 945 -66.7680 -214.2070
2.2405257447e-001 4.8017044723e-001 -1.7291806001e+000
193 211 211
2 5 1524 85.6200 183.4977 7 1472 55.9040 118.5260
2.1837338620e-001 4.0908118370e-001 -1.6727735522e+000
189 219 233
2 5 1536 86.7770 161.0000 7 1236 41.0000 91.5000
-3.0433383812e-002 4.2912169357e-002 -1.4130080236e+000
188 85 115
2 5 1633 -14.1190 19.9360 7 1332 -113.5980 -37.8440
7.8926558284e-002 -2.5443507554e-001 -1.4275618785e+000
53 103 61
2 5 1739 36.7720 -118.0460 7 1431 -89.6340 -154.4380
8.2104083924e-002 -2.8108885883e-001 -1.4336772573e+000
33 59 38
2 5 1755 37.8430 -129.5580 7 1433 -88.6230 -163.2380
1.9034068660e-001 -2.4699605959e-002 -1.4410093439e+000
15 14 12
2 5 1920 87.0000 -11.0000 7 1373 -34.7740 -87.0000
2.7633877963e-001 -8.6780715336e-002 -1.5287369380e+000
216 217 212
2 5 1930 119.0000 -37.0000 7 1155 6.1730 -108.9480
