# Bundle file v0.3
11 146
0 0 0
0 0 0
0 0 0
0 0 0
0 0 0
0 0 0
0 0 0
0 0 0
0 0 0
0 0 0
0 0 0
0 0 0
0 0 0
0 0 0
0 0 0
0 0 0
0 0 0
0 0 0
0 0 0
0 0 0
0 0 0
0 0 0
0 0 0
0 0 0
0 0 0
6.9569095251e+002 -2.4925827307e-002 -9.9494542725e-003
9.9995347867e-001 9.7279265711e-004 9.5965708073e-003
-9.8063193990e-004 9.9999918934e-001 8.1221211765e-004
-9.5957729137e-003 -8.2158503631e-004 9.9995362199e-001
1.4129059746e-002 8.4825475842e-004 -7.7779549250e-002
0 0 0
0 0 0
0 0 0
0 0 0
0 0 0
6.4193005236e+002 -4.6367630203e-002 1.4491766770e-002
8.9834336009e-001 1.7297914390e-001 -4.0380369384e-001
-2.6897685516e-001 9.4334703420e-001 -1.9428799357e-001
3.4731924618e-001 2.8315117664e-001 8.9397693057e-001
-8.3554154877e-001 -4.1796450865e-001 -3.3977917508e-001
0 0 0
0 0 0
0 0 0
0 0 0
0 0 0
0 0 0
0 0 0
0 0 0
0 0 0
0 0 0
0 0 0
0 0 0
0 0 0
0 0 0
0 0 0
2.8361479732e-001 5.0984219625e-001 -1.7267071633e+000
155 158 149
2 5 8 108.2540 195.2048 7 13 79.7880 125.9550
3.5142063483e-002 4.7078971902e-001 -1.6093681379e+000
144 144 134
2 5 10 14.2210 193.3078 7 10 -28.6120 129.4050
-2.1790415555e-003 4.3450875031e-001 -1.5776948132e+000
154 150 139
2 5 19 -1.1680 182.0770 7 26 -49.2990 117.6920
4.1773403576e-001 4.4875469930e-001 -1.7807458232e+000
173 180 164
2 5 49 154.7290 166.6241 7 73 129.6940 92.3210
-2.2280385602e-001 3.1793920295e-001 -1.4062117904e+000
47 32 32
2 5 1260 -104.2450 149.3392 7 85 -166.3580 86.3270
-1.8920765659e-001 3.1341758998e-001 -1.3969264981e+000
125 121 117
2 5 89 -88.6940 147.6945 7 96 -158.2500 81.7700
2.3456775446e-001 3.7934521995e-001 -1.6535221150e+000
153 172 183
2 5 84 93.5770 151.4601 7 103 42.5880 78.2130
-3.7317524959e-002 3.2877499063e-001 -1.5464396680e+000
151 143 141
2 5 97 -17.1330 141.8304 7 107 -72.4300 77.5450
6.7980688401e-003 3.2896912487e-001 -1.5598195031e+000
141 141 137
2 5 101 3.1140 138.8280 7 109 -56.2150 76.4620
-2.1283866962e-001 2.6144573646e-001 -1.3762842923e+000
144 139 136
2 5 122 -101.1900 124.9620 7 124 -173.4990 62.5620
-2.2727869837e-001 2.2435269609e-001 -1.3699617283e+000
156 142 137
2 5 152 -108.8240 108.0370 7 144 -181.0410 48.6680
4.4352557668e-001 3.3271689951e-001 -1.8038886036e+000
186 192 190
2 5 130 162.2080 122.0260 7 147 131.1060 47.8100
4.5950023657e-001 3.2882222791e-001 -1.8063273098e+000
98 95 87
2 5 138 168.3840 119.7500 7 150 136.4170 45.8030
-2.2684354422e-001 2.0486017338e-001 -1.3718052165e+000
104 86 81
2 5 164 -108.4900 98.5300 7 155 -181.1710 41.1710
4.5210339761e-001 2.8839027897e-001 -1.8052038877e+000
161 177 161
2 5 157 165.4150 105.4520 7 169 130.4100 31.3590
1.2157946997e-002 5.9766626824e-002 -1.4608821789e+000
182 96 119
2 5 308 5.6140 26.8120 7 311 -88.6030 -31.9170
1.0860631227e-001 5.5225076698e-002 -1.5003460000e+000
145 149 137
2 5 319 47.7200 24.1440 7 332 -48.3060 -40.8700
-6.8347402171e-002 5.3883953132e-003 -1.3651258599e+000
11 65 76
2 5 389 -32.9480 3.0970 7 360 -139.1170 -53.1270
4.9218621913e-002 2.3746917524e-002 -1.4402897931e+000
185 194 184
2 5 353 22.5690 10.8680 7 356 -82.1300 -51.7880
2.2487204878e-002 5.2222691633e-003 -1.4099288533e+000
112 124 114
2 5 393 10.6350 2.4890 7 386 -98.6270 -58.7500
-7.7474036261e-002 -1.3188691722e-002 -1.3664889440e+000
117 42 58
2 5 420 -36.9220 -6.3580 7 383 -142.9600 -58.0620
2.0427929369e-001 1.8098137683e-002 -1.4689332268e+000
135 68 29
2 5 358 91.5470 8.1180 7 420 -22.5370 -69.6550
2.1353073370e-001 1.4199075169e-002 -1.4675696599e+000
164 129 100
2 5 372 95.8240 6.3170 7 425 -19.7270 -72.3540
3.9617346443e-002 -9.1386096350e-003 -1.4242712520e+000
152 168 157
2 5 417 18.4120 -4.2210 7 400 -90.4970 -64.4730
9.7450728229e-003 -2.0756899199e-002 -1.3968247642e+000
171 185 171
2 5 433 5.2200 -10.2800 7 415 -107.5000 -67.5000
1.6827296150e-001 -4.4374102635e-003 -1.4307807935e+000
221 196 178
2 5 411 77.6530 -2.2360 7 437 -44.0890 -77.8340
2.7107730512e-001 3.1909586176e-003 -1.5148729196e+000
119 1 1
2 5 400 117.8520 1.2280 7 438 8.1880 -77.8060
2.5572640048e-001 -1.8909222422e-003 -1.5005701829e+000
96 13 12
2 5 408 112.5330 -1.3180 7 443 -0.2110 -79.0470
2.3507467115e-001 -8.8720238963e-003 -1.4811475743e+000
38 39 37
2 5 414 104.2840 -3.7830 7 448 -11.0020 -82.2470
2.4775726782e-001 -6.6232139777e-003 -1.4914531215e+000
132 123 122
2 5 415 109.6930 -3.3970 7 445 -4.9100 -80.9160
2.3486788222e-001 -1.6934951899e-002 -1.4799284248e+000
219 223 220
2 5 423 104.2900 -7.3970 7 466 -11.8410 -85.3050
2.4177651975e-001 -1.9002126917e-002 -1.4941064338e+000
211 216 212
2 5 1346 106.1040 -7.9850 7 472 -6.9550 -85.5000
2.7138181394e-001 -1.4481521079e-002 -1.5079332757e+000
116 7 5
2 5 1344 118.4580 -6.4270 7 467 5.9940 -85.2240
2.6028762132e-001 -2.0186493939e-002 -1.5019072162e+000
119 5 3
2 5 426 114.2390 -9.1450 7 475 0.5070 -86.3970
2.3613932271e-001 -2.8530012102e-002 -1.4961358541e+000
32 30 32
2 5 439 103.7910 -12.5430 7 486 -9.5000 -87.5000
2.0807468086e-001 -3.5260416380e-002 -1.4595288417e+000
18 15 12
2 5 449 94.1900 -16.3500 7 492 -26.5980 -90.3990
2.8022241774e-001 -3.4841445118e-002 -1.5135122561e+000
215 214 210
2 5 446 121.7750 -15.1980 7 500 8.6830 -93.1150
2.6269636618e-001 -4.7222726562e-002 -1.4992554876e+000
90 93 92
2 5 456 115.1830 -20.7120 7 512 -0.7240 -97.2770
2.3781253810e-001 -9.0361860765e-002 -1.4808837292e+000
199 201 198
2 5 506 105.7330 -40.3790 7 566 -15.7040 -111.6790
2.2476585241e-001 -9.5188348419e-002 -1.4727282441e+000
190 192 187
2 5 514 100.4350 -42.6830 7 571 -22.0050 -112.9110
2.3097863911e-001 -9.9394229614e-002 -1.4753544307e+000
64 64 62
2 5 523 103.6730 -45.2340 7 577 -20.0680 -113.8410
2.8056465227e-001 -9.4372227131e-002 -1.5129942939e+000
33 32 32
2 5 510 122.3230 -41.6160 7 579 4.3030 -113.8220
2.1967450069e-001 -1.0334132568e-001 -1.4649793808e+000
16 18 15
2 5 528 98.9470 -46.8670 7 582 -25.8680 -115.8160
2.5798122499e-001 -9.3439937433e-002 -1.4934095051e+000
146 144 143
2 5 509 113.5000 -41.1680 7 578 -6.5000 -114.0130
2.4779961616e-001 -1.0691310922e-001 -1.4892228243e+000
18 21 18
2 5 531 109.8310 -47.8310 7 588 -12.0540 -117.2290
2.2102022561e-001 -1.1370981189e-001 -1.4649032959e+000
93 92 90
2 5 546 99.8040 -51.8240 7 595 -26.2450 -119.2890
2.3139646388e-001 -1.1761164315e-001 -1.4709208818e+000
160 156 154
2 5 547 103.5730 -52.8540 7 600 -21.4720 -121.9010
-4.1619591840e-002 -1.5784781586e-001 -1.3822588227e+000
134 137 135
2 5 574 -19.4590 -75.3700 7 569 -133.9110 -112.3170
-8.0911320545e-002 -1.6751529302e-001 -1.3493945360e+000
127 186 192
2 5 582 -38.8850 -81.8400 7 576 -154.7220 -115.0220
2.8035136733e-001 -1.5832511595e-001 -1.5103483131e+000
123 93 91
2 5 568 122.3430 -69.5540 7 635 -0.5240 -136.5180
2.9369637931e-001 -1.5455754164e-001 -1.5177899912e+000
161 129 121
2 5 566 127.6320 -67.7050 7 633 5.5280 -135.7330
2.7959972565e-001 -1.6287594935e-001 -1.5018576105e+000
172 124 122
2 5 570 122.6900 -71.9090 7 650 -2.4390 -139.2830
2.6326223474e-001 -1.6456947561e-001 -1.4920702045e+000
160 119 113
2 5 571 116.1570 -72.9540 7 648 -9.7950 -139.3640
2.2688162597e-001 -1.7691343693e-001 -1.4641733581e+000
118 99 98
2 5 581 101.8760 -79.6520 7 655 -27.9580 -143.2230
2.2107526786e-001 -1.8925341922e-001 -1.4628393576e+000
34 17 0
2 5 584 99.8520 -85.8430 7 664 -31.3240 -146.1060
6.1619582611e-002 -2.2734313772e-001 -1.4182615355e+000
27 51 33
2 5 604 28.5850 -105.5890 7 663 -95.5360 -145.0580
4.1487075869e-002 -2.4294319129e-001 -1.4009132681e+000
18 73 30
2 5 618 19.8250 -114.4900 7 674 -106.7430 -149.7890
9.6315296332e-002 -2.5292835177e-001 -1.4498964261e+000
39 42 32
2 5 623 44.2380 -115.7380 7 681 -79.5430 -152.4340
8.8121599447e-002 -2.5578394437e-001 -1.4391274381e+000
64 93 57
2 5 627 40.6420 -117.6330 7 682 -84.3540 -154.2830
7.9584996541e-002 -2.6563575857e-001 -1.4336017479e+000
86 117 92
2 5 642 36.7700 -122.4560 7 685 -88.6630 -157.4630
9.5940808009e-002 -2.7214165349e-001 -1.4500556103e+000
94 120 99
2 5 1411 43.8750 -124.2530 7 689 -80.5000 -159.0170
4.0567044768e-001 -2.7125338398e-001 -1.4818617492e+000
120 118 17
2 5 640 179.8640 -120.6900 7 833 32.1130 -197.7730
4.7358008055e-001 -2.6990908177e-001 -1.5016504211e+000
37 57 0
2 5 638 207.8330 -119.2900 7 852 59.5470 -202.6160
5.0468964163e-001 -2.7460913393e-001 -1.5047953191e+000
56 134 48
2 5 633 218.5630 -118.6140 7 918 72.4860 -211.7410
-4.6598773199e-002 -3.8368340935e-001 -1.3863303451e+000
126 134 138
2 5 1042 -23.6040 -180.2730 7 781 -142.5130 -189.4970
-7.7561275260e-002 -4.3197844773e-001 -1.4093576502e+000
82 69 71
2 5 1163 -36.5510 -201.4280 7 813 -149.5090 -194.2800
4.0425954778e-002 -3.4393375376e-002 -1.4255254100e+000
85 170 120
2 5 1671 18.6910 -15.8290 7 1366 -91.2340 -73.7220
2.3427405485e-001 -3.5533101149e-002 -1.4854108775e+000
220 221 215
2 5 1352 103.8730 -15.9150 7 495 -12.5470 -90.9260
2.4288110869e-001 -5.4128330456e-002 -1.4820860900e+000
56 61 58
2 5 1677 108.4600 -24.8470 7 1145 -11.6440 -98.3560
2.3297643249e-001 -6.9730143616e-002 -1.4814521332e+000
201 204 198
2 5 1366 103.9120 -31.5860 7 1390 -16.2040 -103.0530
2.2046796258e-001 -8.2653049406e-002 -1.4680432189e+000
222 220 217
2 5 498 98.9880 -37.3490 7 551 -23.6310 -108.2930
2.4593576695e-001 -1.1496406926e-001 -1.4818500829e+000
211 210 207
2 5 1383 109.3570 -51.4200 7 601 -14.3560 -121.1690
4.9716243455e-002 -2.3058132225e-001 -1.4055101441e+000
30 57 36
2 5 1399 22.9140 -107.5570 7 667 -101.9760 -147.1650
1.0105765260e-001 -2.9143523840e-001 -1.4511873454e+000
62 140 99
2 5 1418 46.0790 -132.8330 7 1176 -79.5570 -165.9980
2.6206463035e-003 4.2386868162e-001 -1.5812107850e+000
127 118 111
2 5 1526 1.2580 176.6760 7 1212 -48.0160 113.8750
-1.3814681405e-001 2.6666676497e-001 -1.3945912752e+000
223 228 231
2 5 1859 -64.8320 125.9680 7 1490 -143.8400 58.1020
3.2255336368e-002 3.1445326700e-001 -1.6113435895e+000
127 112 97
2 5 1561 12.7920 129.2280 7 1252 -38.7140 69.8120
-6.1209624613e-002 6.9656723468e-002 -1.3897670106e+000
54 135 164
2 5 1624 -28.6620 32.9850 7 1324 -128.3230 -26.6890
2.3109106923e-001 -1.1229342506e-002 -1.4846328486e+000
38 34 31
2 5 1342 102.7160 -5.3390 7 1119 -12.3150 -81.4870
1.7285993723e-002 -6.5653394185e-002 -1.3977439507e+000
55 104 75
2 5 1679 8.3280 -30.9410 7 1372 -106.6570 -85.3870
2.1983855166e-001 -1.1997423590e-001 -1.4549529663e+000
213 212 211
2 5 1706 100.1660 -55.2320 7 1169 -28.9670 -122.4610
2.7111337451e-001 -1.6436293824e-001 -1.4984051723e+000
178 131 127
2 5 1714 119.1110 -72.5700 7 1421 -5.9910 -139.3880
1.7657988703e-001 -8.9271576772e-003 -1.4366611049e+000
209 211 208
2 5 2040 80.6290 -3.7080 7 1669 -39.9160 -80.6180
3.5548181672e-002 -4.2514151027e-002 -1.4241252296e+000
94 183 129
2 5 1922 16.1990 -19.3000 7 1546 -93.3980 -76.6390
-5.5690250676e-002 -1.0896060959e-001 -1.3744579374e+000
184 170 132
2 5 2057 -26.0400 -52.6070 7 1552 -138.3370 -93.9650
1.9206779831e-001 -1.0553322148e-001 -1.4458074237e+000
208 204 198
2 5 1940 87.4710 -48.1680 7 1571 -39.0330 -116.0380
2.2794673187e-001 -1.8239935796e-001 -1.4651741702e+000
60 39 25
2 5 1950 102.8880 -82.7500 7 1581 -28.1630 -144.1500
9.9727815479e-002 -2.8758290523e-001 -1.4429450709e+000
63 138 93
2 5 2074 45.5000 -131.5000 7 1587 -81.2240 -166.3050
-1.5150603245e-001 2.0433593098e-001 -1.4070933164e+000
66 44 30
2 5 2001 -69.9050 94.7740 7 1627 -148.6560 36.9300
9.7190718740e-002 8.6829151051e-002 -1.5153737030e+000
215 225 235
2 5 2019 42.0000 38.0000 7 1728 -47.3750 -27.0000
-6.5700079928e-002 -1.3239362758e-002 -1.3691377643e+000
16 15 17
2 5 2102 -31.6590 -5.8180 7 1658 -138.0640 -59.9920
2.3938184724e-002 7.0318243470e-004 -1.4006207822e+000
68 83 77
2 5 2039 13.0160 -1.5380 7 1659 -101.6580 -59.0320
3.6210822683e-002 -9.2039084816e-002 -1.4136785556e+000
90 177 118
2 5 2111 17.5190 -43.5630 7 1743 -98.5970 -94.3450
3.9390593054e-001 4.3032867354e-001 -1.8103768269e+000
172 178 170
2 5 1252 141.3900 159.9803 7 89 123.4060 85.2530
-1.4541458179e-001 2.4734964533e-001 -1.3964911407e+000
57 53 50
2 5 145 -67.0200 115.1580 7 136 -147.7680 53.2340
2.7492383529e-001 3.3655107122e-001 -1.6255840152e+000
86 121 68
2 5 107 111.4380 136.7060 7 132 50.4780 56.6070
3.5527951359e-002 9.8643152116e-003 -1.4264270359e+000
176 187 173
2 5 375 16.1730 4.9610 7 378 -90.1750 -57.2910
2.9827134482e-001 -5.6460986099e-002 -1.5316004990e+000
204 198 197
2 5 460 128.3740 -24.6940 7 525 16.2220 -100.3290
2.8420942372e-001 -6.4186444478e-002 -1.5164586663e+000
161 158 158
2 5 467 123.7390 -28.5000 7 537 8.1860 -102.9950
3.0159486849e-001 -7.0121950138e-002 -1.5333470114e+000
201 199 194
2 5 476 129.5440 -30.4340 7 544 16.7690 -105.5110
2.3640320585e-001 -1.1572869014e-001 -1.4802896160e+000
53 51 47
2 5 541 105.7450 -52.3900 7 596 -18.3830 -119.6060
9.4780222715e-002 -2.7161481325e-001 -1.4429095304e+000
109 136 115
2 5 650 43.5000 -124.5000 7 688 -82.1990 -159.9480
2.1144821259e-001 -1.0012046820e-001 -1.4529221070e+000
194 194 190
2 5 522 95.5900 -45.2380 7 587 -30.3980 -116.0170
2.1845797355e-001 -1.2254093750e-001 -1.4613399297e+000
209 210 205
2 5 1387 98.5030 -55.4840 7 605 -28.0790 -123.1960
5.3181579239e-001 -1.3304525057e-001 -1.7108849467e+000
34 66 7
2 5 544 204.5510 -51.5760 7 627 115.3450 -131.9620
6.0459153892e-001 -2.1257475506e-001 -1.6535145807e+000
121 118 117
2 5 585 241.2850 -86.0840 7 1182 129.1680 -174.9500
-2.6029981301e-002 4.1293260141e-001 -1.5681024420e+000
139 132 128
2 5 1528 -11.0360 173.8705 7 1216 -60.6640 111.3500
6.9141976080e-003 4.1611639545e-001 -1.5911568395e+000
126 122 113
2 5 1846 2.6040 172.9179 7 1603 -44.8540 110.0670
6.3528830023e-002 -2.2041645194e-001 -1.4347124808e+000
31 32 26
2 5 2064 29.6110 -101.8720 7 1696 -91.5700 -139.6090
5.7898535263e-002 -2.3175352491e-002 -1.4379918947e+000
12 11 9
2 5 2104 26.1830 -10.1830 7 1737 -81.8880 -70.8600
1.8622982618e-001 -2.3388463950e-002 -1.4437908952e+000
97 93 92
2 5 434 84.8390 -10.5670 7 464 -36.2080 -85.9480
2.9084544738e-001 -7.6186136272e-002 -1.5299489350e+000
55 59 53
2 5 482 124.9030 -32.7710 7 549 12.1870 -107.1870
2.8008574625e-001 -1.0600099180e-001 -1.5197494831e+000
208 207 205
2 5 1701 121.4300 -46.3410 7 1405 4.4790 -117.1010
2.5416656923e-001 1.3268983827e-003 -1.5001559100e+000
189 163 160
2 5 1659 111.7500 0.2500 7 1115 -0.5290 -77.9260
-2.3108252812e-001 3.8825572731e-001 -1.4257187457e+000
161 151 149
2 5 25 -106.4260 179.4265 7 29 -161.4450 115.9410
-1.8962085389e-002 3.7301231036e-001 -1.5566916335e+000
78 71 58
2 5 64 -8.2470 158.3816 7 65 -62.6190 94.8190
-2.1543198264e-001 3.3264098670e-001 -1.4061900614e+000
150 140 139
2 5 69 -100.6150 155.9949 7 75 -163.5150 91.7820
-2.2556839141e-001 2.6055364025e-001 -1.3768700953e+000
138 123 123
2 5 119 -107.4410 124.7590 7 121 -177.3120 63.1000
1.0582307116e-001 1.0277679222e-001 -1.5575689299e+000
175 82 113
2 5 265 45.1860 42.8430 7 255 -36.5000 -17.2500
-5.3434103404e-002 4.6932974254e-002 -1.3940509780e+000
17 114 146
2 5 320 -24.9410 22.1500 7 315 -125.7810 -35.7150
-1.0630594318e-002 4.1022415544e-002 -1.4361817464e+000
208 115 146
2 5 331 -4.5800 18.5560 7 326 -102.4940 -38.4280
1.9038848485e-001 1.5609293472e-002 -1.4392664789e+000
138 74 40
2 5 371 87.6000 6.5880 7 424 -33.4440 -71.6430
-6.4271736102e-002 1.3308195912e-002 -1.3663526233e+000
118 185 195
2 5 373 -30.5000 6.3480 7 355 -137.5000 -49.7630
-4.6652503879e-002 9.2327483184e-003 -1.3693038997e+000
24 28 21
2 5 380 -21.7750 4.1170 7 362 -131.2680 -52.7560
1.9287244921e-001 -2.2835491094e-002 -1.4447275207e+000
57 57 56
2 5 435 87.8340 -10.3420 7 468 -33.6360 -86.4370
2.9251623389e-001 -3.1770456396e-002 -1.5275739975e+000
213 212 207
2 5 442 126.0990 -13.9150 7 496 15.4040 -91.5370
2.1275097855e-001 -8.3570647255e-002 -1.4622026412e+000
49 50 45
2 5 500 96.1280 -38.1450 7 557 -27.6040 -108.0830
4.9021657958e-001 -1.4298035233e-001 -1.7293972803e+000
72 105 56
2 5 550 186.7960 -55.1240 7 618 101.5240 -127.1860
2.2777197133e-001 -1.2329132990e-001 -1.4693811137e+000
207 200 200
2 5 552 101.9660 -55.3520 7 606 -23.3250 -123.7880
5.3445653442e-001 -1.4298797350e-001 -1.7052647349e+000
87 145 68
2 5 554 206.5070 -55.9040 7 639 114.7750 -135.9390
2.7932314733e-001 -2.6603349087e-001 -1.4536517498e+000
165 174 94
2 5 643 127.0500 -121.4030 7 752 -17.6390 -181.5610
2.3843293823e-001 -3.3696492513e-001 -1.3904174727e+000
30 48 45
2 5 874 113.1310 -159.7190 7 911 -47.5110 -211.5720
2.0859719508e-001 -3.4638365382e-001 -1.3689127487e+000
60 61 61
2 5 943 100.5360 -166.5190 7 946 -62.5380 -214.4970
1.1706764493e-001 -3.6733522078e-001 -1.3276475805e+000
112 129 122
2 5 1049 58.1380 -181.3600 7 956 -103.3210 -216.1640
1.5687834038e-002 6.2928535646e-002 -1.4639208741e+000
183 73 107
2 5 1319 7.0000 28.4070 7 1091 -86.4760 -31.1690
5.4442602313e-004 3.4762217588e-003 -1.3836015841e+000
209 216 211
2 5 1336 1.0980 1.0020 7 388 -112.5000 -58.6750
5.9321262794e-002 -2.7579810683e-001 -1.4115209668e+000
45 67 41
2 5 1414 27.8160 -128.8450 7 693 -100.1830 -161.8160
2.8301841400e-001 -2.8901533419e-001 -1.4440968101e+000
170 149 15
2 5 1420 129.3040 -132.3520 7 1195 -19.3090 -191.9330
2.0213098489e-001 -3.4609207576e-001 -1.3604908913e+000
33 38 34
2 5 1475 98.5640 -167.9120 7 945 -66.7680 -214.2070
2.2449502313e-001 4.7855653162e-001 -1.7259361404e+000
193 211 211
2 5 1524 85.6200 183.4977 7 1472 55.9040 118.5260
2.1892052884e-001 4.0791564364e-001 -1.6695649235e+000
189 219 233
2 5 1536 86.7770 161.0000 7 1236 41.0000 91.5000
-3.0724460328e-002 4.2842764653e-002 -1.4150442053e+000
188 85 115
2 5 1633 -14.1190 19.9360 7 1332 -113.5980 -37.8440
7.8916074901e-002 -2.5469680828e-001 -1.4276274002e+000
53 103 61
2 5 1739 36.7720 -118.0460 7 1431 -89.6340 -154.4380
8.2138164259e-002 -2.8128784937e-001 -1.4332105801e+000
33 59 38
2 5 1755 37.8430 -129.5580 7 1433 -88.6230 -163.2380
1.9085347407e-001 -2.4318921588e-002 -1.4429015332e+000
15 14 12
2 5 1920 87.0000 -11.0000 7 1373 -34.7740 -87.0000
2.7669477844e-001 -8.5780620801e-002 -1.5280085337e+000
216 217 212
2 5 1930 119.0000 -37.0000 7 1155 6.1730 -108.9480
