# Bundle file v0.3
11 145
0 0 0
0 0 0
0 0 0
0 0 0
0 0 0
0 0 0
0 0 0
0 0 0
0 0 0
0 0 0
0 0 0
0 0 0
0 0 0
0 0 0
0 0 0
0 0 0
0 0 0
0 0 0
0 0 0
0 0 0
0 0 0
0 0 0
0 0 0
0 0 0
0 0 0
-6.3487937612e+002 -8.8872693865e-001 3.2398535644e-002
6.5737473540e-001 5.9545729197e-001 4.6183229716e-001
-7.0136363113e-001 7.0759744034e-001 8.5993716862e-002
-2.7558576557e-001 -3.8044247378e-001 8.8278876860e-001
-1.4013798610e+000 -1.1035303715e-001 6.6744255076e-001
0 0 0
0 0 0
0 0 0
0 0 0
0 0 0
-5.3243462625e+002 -7.5372487820e-001 2.0496109022e-001
5.2012407879e-001 8.2392367676e-001 2.2499048322e-001
-8.1130262185e-001 5.5894961990e-001 -1.7135745739e-001
-2.6694381141e-001 -9.3408229254e-002 9.5917459529e-001
5.8502121122e-001 1.4659948631e+000 -1.1223543713e+000
0 0 0
0 0 0
0 0 0
0 0 0
0 0 0
0 0 0
0 0 0
0 0 0
0 0 0
0 0 0
0 0 0
0 0 0
0 0 0
0 0 0
0 0 0
-4.7933644416e+000 1.1189917067e+000 1.4589284456e+001
155 158 149
2 5 8 108.2540 195.2048 7 13 79.7880 125.9550
-9.0289752648e+000 -1.3467025091e+000 1.8589778926e+001
144 144 134
2 5 10 14.2210 193.3078 7 10 -28.6120 129.4050
-9.9171919454e+000 -2.3191663566e+000 1.9963710648e+001
154 150 139
2 5 19 -1.1680 182.0770 7 26 -49.2990 117.6920
-2.7734245317e+000 1.3386209726e+000 1.3034425454e+001
173 180 164
2 5 49 154.7290 166.6241 7 73 129.6940 92.3210
-3.7707141589e+001 -1.9410622130e+001 5.5462946531e+001
47 32 32
2 5 1260 -104.2450 149.3392 7 85 -166.3580 86.3270
-3.8849139951e+001 -1.9895265096e+001 6.0088154497e+001
125 121 117
2 5 89 -88.6940 147.6945 7 96 -158.2500 81.7700
-4.8325559211e+000 -4.9430697883e-001 1.6231264770e+001
153 172 183
2 5 84 93.5770 151.4601 7 103 42.5880 78.2130
-9.2773300890e+000 -4.0580222092e+000 2.0223078464e+001
151 143 141
2 5 97 -17.1330 141.8304 7 107 -72.4300 77.5450
-8.1787393433e+000 -3.3956908145e+000 1.9256835060e+001
141 141 137
2 5 101 3.1140 138.8280 7 109 -56.2150 76.4620
-4.3690172019e+001 -2.6616266850e+001 6.8546796188e+001
144 139 136
2 5 122 -101.1900 124.9620 7 124 -173.4990 62.5620
-4.1634653722e+001 -2.8373567511e+001 6.6697645661e+001
156 142 137
2 5 152 -108.8240 108.0370 7 144 -181.0410 48.6680
-1.7427591004e+000 5.2455092260e-001 1.2235665380e+001
186 192 190
2 5 130 162.2080 122.0260 7 147 131.1060 47.8100
-1.6156131132e+000 5.9710390542e-001 1.2213111811e+001
98 95 87
2 5 138 168.3840 119.7500 7 150 136.4170 45.8030
-3.5478633929e+001 -2.5564923428e+001 5.8586571683e+001
104 86 81
2 5 164 -108.4900 98.5300 7 155 -181.1710 41.1710
-1.4510231467e+000 2.8092658496e-001 1.2189914684e+001
161 177 161
2 5 157 165.4150 105.4520 7 169 130.4100 31.3590
-6.5420859438e+000 -7.6123465513e+000 2.2722417726e+001
182 96 119
2 5 308 5.6140 26.8120 7 311 -88.6030 -31.9170
-4.6479496039e+000 -5.7924619510e+000 2.0858042043e+001
145 149 137
2 5 319 47.7200 24.1440 7 332 -48.3060 -40.8700
-1.2950106322e+001 -1.7179352122e+001 3.8737749118e+001
11 65 76
2 5 389 -32.9480 3.0970 7 360 -139.1170 -53.1270
-6.4021404240e+000 -8.6432619662e+000 2.5527029875e+001
185 194 184
2 5 353 22.5690 10.8680 7 356 -82.1300 -51.7880
-7.7222110854e+000 -1.0925108377e+001 2.9369999324e+001
112 124 114
2 5 393 10.6350 2.4890 7 386 -98.6270 -58.7500
-1.1663711046e+001 -1.6398668216e+001 3.5652841247e+001
117 42 58
2 5 420 -36.9220 -6.3580 7 383 -142.9600 -58.0620
-4.1184593051e+000 -6.6310336682e+000 2.6230735202e+001
135 68 29
2 5 358 91.5470 8.1180 7 420 -22.5370 -69.6550
-4.0012012751e+000 -6.6706947439e+000 2.6657400186e+001
164 129 100
2 5 372 95.8240 6.3170 7 425 -19.7270 -72.3540
-6.4217571822e+000 -9.7704269002e+000 2.6698867905e+001
152 168 157
2 5 417 18.4120 -4.2210 7 400 -90.4970 -64.4730
-7.8595333913e+000 -1.2130206664e+001 3.0481448461e+001
171 185 171
2 5 433 5.2200 -10.2800 7 415 -107.5000 -67.5000
-5.3043967166e+000 -9.0588807373e+000 3.1152285215e+001
221 196 178
2 5 411 77.6530 -2.2360 7 437 -44.0890 -77.8340
-2.4029406867e+000 -4.9024526986e+000 2.2335780449e+001
119 1 1
2 5 400 117.8520 1.2280 7 438 8.1880 -77.8060
-2.6761411706e+000 -5.4148493559e+000 2.3361726809e+001
96 13 12
2 5 408 112.5330 -1.3180 7 443 -0.2110 -79.0470
-3.1045606647e+000 -6.2243752997e+000 2.5011305302e+001
38 39 37
2 5 414 104.2840 -3.7830 7 448 -11.0020 -82.2470
-2.8294204849e+000 -5.7788186064e+000 2.4119193741e+001
132 123 122
2 5 415 109.6930 -3.3970 7 445 -4.9100 -80.9160
-3.0032159130e+000 -6.3393908166e+000 2.5025117750e+001
219 223 220
2 5 423 104.2900 -7.3970 7 466 -11.8410 -85.3050
-2.6650678659e+000 -5.8355811043e+000 2.3474869836e+001
211 216 212
2 5 1346 106.1040 -7.9850 7 472 -6.9550 -85.5000
-2.2564301835e+000 -5.2315664964e+000 2.2825405182e+001
116 7 5
2 5 1344 118.4580 -6.4270 7 467 5.9940 -85.2240
-2.3618414114e+000 -5.5092664653e+000 2.3092695612e+001
119 5 3
2 5 426 114.2390 -9.1450 7 475 0.5070 -86.3970
-2.5493911672e+000 -5.8741186457e+000 2.2946932567e+001
32 30 32
2 5 439 103.7910 -12.5430 7 486 -9.5000 -87.5000
-3.3817833199e+000 -7.4746360987e+000 2.6664256868e+001
18 15 12
2 5 449 94.1900 -16.3500 7 492 -26.5980 -90.3990
-1.8439637332e+000 -5.2090800994e+000 2.2240179641e+001
215 214 210
2 5 446 121.7750 -15.1980 7 500 8.6830 -93.1150
-2.0043745644e+000 -5.8058538609e+000 2.3086261850e+001
90 93 92
2 5 456 115.1830 -20.7120 7 512 -0.7240 -97.2770
-1.8600265942e+000 -6.8963822745e+000 2.3822175139e+001
199 201 198
2 5 506 105.7330 -40.3790 7 566 -15.7040 -111.6790
-2.0187645486e+000 -7.3028991052e+000 2.4314735760e+001
190 192 187
2 5 514 100.4350 -42.6830 7 571 -22.0050 -112.9110
-1.8651545805e+000 -7.2180392443e+000 2.4159315473e+001
64 64 62
2 5 523 103.6730 -45.2340 7 577 -20.0680 -113.8410
-1.1034979977e+000 -5.7144617295e+000 2.1640634417e+001
33 32 32
2 5 510 122.3230 -41.6160 7 579 4.3030 -113.8220
-2.0512171943e+000 -7.7335318851e+000 2.5039385134e+001
16 18 15
2 5 528 98.9470 -46.8670 7 582 -25.8680 -115.8160
-1.4866517561e+000 -6.3966618247e+000 2.2974343512e+001
146 144 143
2 5 509 113.5000 -41.1680 7 578 -6.5000 -114.0130
-1.4462276245e+000 -6.6893366863e+000 2.2963335656e+001
18 21 18
2 5 531 109.8310 -47.8310 7 588 -12.0540 -117.2290
-1.8803807424e+000 -7.8236797530e+000 2.4946458518e+001
93 92 90
2 5 546 99.8040 -51.8240 7 595 -26.2450 -119.2890
-1.6403560103e+000 -7.5527319368e+000 2.4442733817e+001
160 156 154
2 5 547 103.5730 -52.8540 7 600 -21.4720 -121.9010
-5.1464490602e+000 -1.3016269000e+001 2.5206107968e+001
134 137 135
2 5 574 -19.4590 -75.3700 7 569 -133.9110 -112.3170
-7.2922753575e+000 -1.7853931541e+001 3.1461155506e+001
127 186 192
2 5 582 -38.8850 -81.8400 7 576 -154.7220 -115.0220
-3.4293931993e-001 -6.3136712629e+000 2.1249975581e+001
123 93 91
2 5 568 122.3430 -69.5540 7 635 -0.5240 -136.5180
-2.3083786989e-001 -6.0275486426e+000 2.0997782886e+001
161 129 121
2 5 566 127.6320 -67.7050 7 633 5.5280 -135.7330
-3.1507715631e-001 -6.6356486989e+000 2.2009932560e+001
172 124 122
2 5 570 122.6900 -71.9090 7 650 -2.4390 -139.2830
-5.0203892679e-001 -7.0260166459e+000 2.2468488290e+001
160 119 113
2 5 571 116.1570 -72.9540 7 648 -9.7950 -139.3640
-8.7185732948e-001 -8.3725874709e+000 2.4307786431e+001
118 99 98
2 5 581 101.8760 -79.6520 7 655 -27.9580 -143.2230
-7.6944976619e-001 -8.5646870591e+000 2.4157855744e+001
34 17 0
2 5 584 99.8520 -85.8430 7 664 -31.3240 -146.1060
-2.1581879698e+000 -1.0789823536e+001 2.2514634114e+001
27 51 33
2 5 604 28.5850 -105.5890 7 663 -95.5360 -145.0580
-2.3796461811e+000 -1.2205855768e+001 2.3994668715e+001
18 73 30
2 5 618 19.8250 -114.4900 7 674 -106.7430 -149.7890
-1.1626900600e+000 -9.2165064781e+000 1.9924227794e+001
39 42 32
2 5 623 44.2380 -115.7380 7 681 -79.5430 -152.4340
-1.2771426558e+000 -9.7877801243e+000 2.0691894960e+001
64 93 57
2 5 627 40.6420 -117.6330 7 682 -84.3540 -154.2830
-1.2566185036e+000 -1.0130660429e+001 2.0834446898e+001
86 117 92
2 5 642 36.7700 -122.4560 7 685 -88.6630 -157.4630
-9.1078774267e-001 -9.3248074791e+000 1.9657059550e+001
94 120 99
2 5 1411 43.8750 -124.2530 7 689 -80.5000 -159.0170
3.9911922190e+000 -9.3953017833e+000 3.1547335489e+001
120 118 17
2 5 640 179.8640 -120.6900 7 833 32.1130 -197.7730
6.0109667918e+000 -8.9027013643e+000 3.4858328921e+001
37 57 0
2 5 638 207.8330 -119.2900 7 852 59.5470 -202.6160
8.3940709794e+000 -9.7858515309e+000 4.1007578312e+001
56 134 48
2 5 633 218.5630 -118.6140 7 918 72.4860 -211.7410
-9.8088470005e-001 -1.4152057845e+001 2.0563507272e+001
126 134 138
2 5 1042 -23.6040 -180.2730 7 781 -142.5130 -189.4970
-4.5526822427e-001 -1.3564345542e+001 1.8054451459e+001
82 69 71
2 5 1163 -36.5510 -201.4280 7 813 -149.5090 -194.2800
-5.7612865458e+000 -9.7233145537e+000 2.5660296278e+001
85 170 120
2 5 1671 18.6910 -15.8290 7 1366 -91.2340 -73.7220
-2.6293291983e+000 -6.2959092092e+000 2.4004555768e+001
220 221 215
2 5 1352 103.8730 -15.9150 7 495 -12.5470 -90.9260
-2.3230872630e+000 -6.5362136161e+000 2.4392521732e+001
56 61 58
2 5 1677 108.4600 -24.8470 7 1145 -11.6440 -98.3560
-2.1989101701e+000 -6.7241937115e+000 2.3911212301e+001
201 204 198
2 5 1366 103.9120 -31.5860 7 1390 -16.2040 -103.0530
-2.3191599454e+000 -7.4221266549e+000 2.4992365491e+001
222 220 217
2 5 498 98.9880 -37.3490 7 551 -23.6310 -108.2930
-1.4194795942e+000 -7.0404187847e+000 2.3636607430e+001
211 210 207
2 5 1383 109.3570 -51.4200 7 601 -14.3560 -121.1690
-2.4175020174e+000 -1.1719290877e+001 2.3740478123e+001
30 57 36
2 5 1399 22.9140 -107.5570 7 667 -101.9760 -147.1650
-6.1194661260e-001 -9.4458949577e+000 1.9556659300e+001
62 140 99
2 5 1418 46.0790 -132.8330 7 1176 -79.5570 -165.9980
-9.3834122594e+000 -2.3341509085e+000 1.9390850523e+001
127 118 111
2 5 1526 1.2580 176.6760 7 1212 -48.0160 113.8750
-2.8554724218e+001 -1.6615396249e+001 5.1003607716e+001
223 228 231
2 5 1859 -64.8320 125.9680 7 1490 -143.8400 58.1020
-6.2653791966e+000 -2.7213535504e+000 1.6328808076e+001
127 112 97
2 5 1561 12.7920 129.2280 7 1252 -38.7140 69.8120
-1.2490596928e+001 -1.3534392798e+001 3.4459570086e+001
54 135 164
2 5 1624 -28.6620 32.9850 7 1324 -128.3230 -26.6890
-3.0363050823e+000 -6.1356863667e+000 2.4390795351e+001
38 34 31
2 5 1342 102.7160 -5.3390 7 1119 -12.3150 -81.4870
-6.4720992986e+000 -1.2021213546e+001 2.8722187774e+001
55 104 75
2 5 1679 8.3280 -30.9410 7 1372 -106.6570 -85.3870
-1.9288305106e+000 -8.4010496888e+000 2.6275577577e+001
213 212 211
2 5 1706 100.1660 -55.2320 7 1169 -28.9670 -122.4610
-3.9829449822e-001 -6.7795718379e+000 2.2063159417e+001
178 131 127
2 5 1714 119.1110 -72.5700 7 1421 -5.9910 -139.3880
-4.8939823213e+000 -8.6768006959e+000 3.0175172758e+001
209 211 208
2 5 2040 80.6290 -3.7080 7 1669 -39.9160 -80.6180
-5.6713035161e+000 -9.8443467622e+000 2.5465068676e+001
94 183 129
2 5 1922 16.1990 -19.3000 7 1546 -93.3980 -76.6390
-6.9721607978e+000 -1.4094330383e+001 2.8232657214e+001
184 170 132
2 5 2057 -26.0400 -52.6070 7 1552 -138.3370 -93.9650
-2.6050356805e+000 -8.7981822267e+000 2.6755047013e+001
208 204 198
2 5 1940 87.4710 -48.1680 7 1571 -39.0330 -116.0380
-7.7893619287e-001 -8.3976182820e+000 2.4228901122e+001
60 39 25
2 5 1950 102.8880 -82.7500 7 1581 -28.1630 -144.1500
-7.1165608585e-001 -9.8647335030e+000 2.0356267318e+001
63 138 93
2 5 2074 45.5000 -131.5000 7 1587 -81.2240 -166.3050
-1.8193214956e+001 -1.3029878629e+001 3.5375363278e+001
66 44 30
2 5 2001 -69.9050 94.7740 7 1627 -148.6560 36.9300
-4.8556367485e+000 -5.2827562369e+000 1.9949571822e+001
215 225 235
2 5 2019 42.0000 38.0000 7 1728 -47.3750 -27.0000
-1.1366213320e+001 -1.6090897236e+001 3.5670513687e+001
16 15 17
2 5 2102 -31.6590 -5.8180 7 1658 -138.0640 -59.9920
-8.0811384387e+000 -1.1632495135e+001 3.0915263215e+001
68 83 77
2 5 2039 13.0160 -1.5380 7 1659 -101.6580 -59.0320
-4.9554037412e+000 -1.0622725798e+001 2.5480432400e+001
90 177 118
2 5 2111 17.5190 -43.5630 7 1743 -98.5970 -94.3450
-2.5664195905e+000 9.0644648607e-001 1.2160116847e+001
172 178 170
2 5 1252 141.3900 159.9803 7 89 123.4060 85.2530
-2.4069256712e+001 -1.5011918325e+001 4.3924364701e+001
57 53 50
2 5 145 -67.0200 115.1580 7 136 -147.7680 53.2340
-4.5667512716e+000 -6.1864495153e-001 1.7601495169e+001
86 121 68
2 5 107 111.4380 136.7060 7 132 50.4780 56.6070
-6.8341822363e+000 -9.6199174811e+000 2.6919477822e+001
176 187 173
2 5 375 16.1730 4.9610 7 378 -90.1750 -57.2910
-1.2620356908e+000 -4.8575808070e+000 2.0810202355e+001
204 198 197
2 5 460 128.3740 -24.6940 7 525 16.2220 -100.3290
-1.4130474451e+000 -5.3572059781e+000 2.1733144065e+001
161 158 158
2 5 467 123.7390 -28.5000 7 537 8.1860 -102.9950
-1.0641086408e+000 -4.9121813713e+000 2.0613106656e+001
201 199 194
2 5 476 129.5440 -30.4340 7 544 16.7690 -105.5110
-1.5235471047e+000 -7.1354319590e+000 2.3512759728e+001
53 51 47
2 5 541 105.7450 -52.3900 7 596 -18.3830 -119.6060
-9.7449974604e-001 -9.7198587903e+000 2.0356549324e+001
109 136 115
2 5 650 43.5000 -124.5000 7 688 -82.1990 -159.9480
-2.3706174236e+000 -8.3343809907e+000 2.6536793512e+001
194 194 190
2 5 522 95.5900 -45.2380 7 587 -30.3980 -116.0170
-1.8129482004e+000 -8.0675681968e+000 2.5178094668e+001
209 210 205
2 5 1387 98.5030 -55.4840 7 605 -28.0790 -123.1960
1.5564999012e+000 -2.0331674707e+000 1.4867126761e+001
34 66 7
2 5 544 204.5510 -51.5760 7 627 115.3450 -131.9620
4.4184216606e+000 -2.7464007034e+000 2.0877490600e+001
121 118 117
2 5 585 241.2850 -86.0840 7 1182 129.1680 -174.9500
-1.0040198421e+001 -2.8615819175e+000 2.0043981677e+001
139 132 128
2 5 1528 -11.0360 173.8705 7 1216 -60.6640 111.3500
-8.7917871406e+000 -2.2805421002e+000 1.8637157297e+001
126 122 113
2 5 1846 2.6040 172.9179 7 1603 -44.8540 110.0670
-2.0088240849e+000 -9.6792625274e+000 2.0702021212e+001
31 32 26
2 5 2064 29.6110 -101.8720 7 1696 -91.5700 -139.6090
-5.4213726337e+000 -8.9133810226e+000 2.4789525082e+001
12 11 9
2 5 2104 26.1830 -10.1830 7 1737 -81.8880 -70.8600
-4.2453907047e+000 -8.3052326479e+000 2.8771620447e+001
97 93 92
2 5 434 84.8390 -10.5670 7 464 -36.2080 -85.9480
-1.1153457336e+000 -5.0868628772e+000 2.0579071777e+001
55 59 53
2 5 482 124.9030 -32.7710 7 549 12.1870 -107.1870
-9.2995793179e-001 -5.6212627920e+000 2.0893193580e+001
208 207 205
2 5 1701 121.4300 -46.3410 7 1405 4.4790 -117.1010
-2.7429050355e+000 -5.4089377803e+000 2.3415232623e+001
189 163 160
2 5 1659 111.7500 0.2500 7 1115 -0.5290 -77.9260
-4.4521432070e+001 -1.8081480477e+001 5.9456340725e+001
161 151 149
2 5 25 -106.4260 179.4265 7 29 -161.4450 115.9410
-9.5435208024e+000 -3.3197284619e+000 2.0205948691e+001
78 71 58
2 5 64 -8.2470 158.3816 7 65 -62.6190 94.8190
-4.0304880596e+001 -1.9677403357e+001 5.8731087257e+001
150 140 139
2 5 69 -100.6150 155.9949 7 75 -163.5150 91.7820
-4.5273336438e+001 -2.7769851502e+001 6.9663067356e+001
138 123 123
2 5 119 -107.4410 124.7590 7 121 -177.3120 63.1000
-4.1555326372e+000 -4.2833643607e+000 1.7420977751e+001
175 82 113
2 5 265 45.1860 42.8430 7 255 -36.5000 -17.2500
-1.0913317805e+001 -1.2787568694e+001 3.2018387333e+001
17 114 146
2 5 320 -24.9410 22.1500 7 315 -125.7810 -35.7150
-7.3375063152e+000 -9.0065241274e+000 2.4724304601e+001
208 115 146
2 5 331 -4.5800 18.5560 7 326 -102.4940 -38.4280
-5.1864773183e+000 -8.2320487210e+000 3.0880953134e+001
138 74 40
2 5 371 87.6000 6.5880 7 424 -33.4440 -71.6430
-1.3012114900e+001 -1.6862204500e+001 3.8713668738e+001
118 185 195
2 5 373 -30.5000 6.3480 7 355 -137.5000 -49.7630
-1.2196153671e+001 -1.6175667292e+001 3.8034702142e+001
24 28 21
2 5 380 -21.7750 4.1170 7 362 -131.2680 -52.7560
-4.1639414219e+000 -8.2242626181e+000 2.8892485784e+001
57 57 56
2 5 435 87.8340 -10.3420 7 468 -33.6360 -86.4370
-1.6348277099e+000 -4.7759180212e+000 2.1266854359e+001
213 212 207
2 5 442 126.0990 -13.9150 7 496 15.4040 -91.5370
-2.4749719993e+000 -7.7216150568e+000 2.5512116237e+001
49 50 45
2 5 500 96.1280 -38.1450 7 557 -27.6040 -108.0830
1.1692180073e+000 -2.2102043611e+000 1.3731387183e+001
72 105 56
2 5 550 186.7960 -55.1240 7 618 101.5240 -127.1860
-1.6097496414e+000 -7.6719479016e+000 2.4417454472e+001
207 200 200
2 5 552 101.9660 -55.3520 7 606 -23.3250 -123.7880
1.6875483871e+000 -2.1165268409e+000 1.5110769370e+001
87 145 68
2 5 554 206.5070 -55.9040 7 639 114.7750 -135.9390
1.3227217628e+000 -1.0403888056e+001 2.8172026043e+001
165 174 94
2 5 643 127.0500 -121.4030 7 752 -17.6390 -181.5610
3.7019682850e+000 -2.2575951406e+001 4.9057491527e+001
30 48 45
2 5 874 113.1310 -159.7190 7 911 -47.5110 -211.5720
4.1751423807e+000 -3.1592383527e+001 6.3819294180e+001
60 61 61
2 5 943 100.5360 -166.5190 7 946 -62.5380 -214.4970
-6.4824649132e+000 -7.4681687461e+000 2.2585098224e+001
183 73 107
2 5 1319 7.0000 28.4070 7 1091 -86.4760 -31.1690
-9.9053006040e+000 -1.3818934502e+001 3.5070441656e+001
209 216 211
2 5 1336 1.0980 1.0020 7 388 -112.5000 -58.6750
-1.5148062472e+000 -1.1689215960e+001 2.2723403769e+001
45 67 41
2 5 1414 27.8160 -128.8450 7 693 -100.1830 -161.8160
1.9763329522e+000 -1.1708711730e+001 3.0506262175e+001
170 149 15
2 5 1420 129.3040 -132.3520 7 1195 -19.3090 -191.9330
4.7516214613e+000 -3.9084404951e+001 7.7656536164e+001
33 38 34
2 5 1475 98.5640 -167.9120 7 945 -66.7680 -214.2070
-4.7871229941e+000 3.3639918570e-001 1.4038840543e+001
193 211 211
2 5 1524 85.6200 183.4977 7 1472 55.9040 118.5260
-4.9660963321e+000 -3.3368374207e-001 1.5619739722e+001
189 219 233
2 5 1536 86.7770 161.0000 7 1236 41.0000 91.5000
-8.8025381134e+000 -1.0594827181e+001 2.7795948070e+001
188 85 115
2 5 1633 -14.1190 19.9360 7 1332 -113.5980 -37.8440
-1.4852699836e+000 -1.0469073665e+001 2.1709331416e+001
53 103 61
2 5 1739 36.7720 -118.0460 7 1431 -89.6340 -154.4380
-1.0172175875e+000 -1.0295030767e+001 2.0805648303e+001
33 59 38
2 5 1755 37.8430 -129.5580 7 1433 -88.6230 -163.2380
-4.2118501370e+000 -8.3525274170e+000 2.9116013039e+001
15 14 12
2 5 1920 87.0000 -11.0000 7 1373 -34.7740 -87.0000
-1.1480022249e+000 -5.2669571089e+000 2.0311083182e+001
216 217 212
2 5 1930 119.0000 -37.0000 7 1155 6.1730 -108.9480
