# Bundle file v0.3
14 316
0 0 0
0 0 0
0 0 0
0 0 0
0 0 0
0 0 0
0 0 0
0 0 0
0 0 0
0 0 0
0 0 0
0 0 0
0 0 0
0 0 0
0 0 0
1.4373198215e+003 9.0071220203e-003 -7.8547773025e-004
9.9997671868e-001 5.7253171571e-003 -3.7125247285e-003
-5.7719145719e-003 9.9990314197e-001 -1.2664583624e-002
3.6396563828e-003 1.2685717152e-002 9.9991290895e-001
-6.6858666029e-003 -2.8426866672e-002 1.3843955886e-002
1.4523374664e+003 1.5677298603e-003 1.2893346799e-002
9.7270879145e-001 1.1714851005e-001 -2.0028438187e-001
-1.1934797407e-001 9.9285187782e-001 1.0999088718e-003
1.9898157732e-001 2.2833644184e-002 9.7973718750e-001
-5.3543739041e-001 3.2168462526e-002 -5.8124350616e-002
0 0 0
0 0 0
0 0 0
0 0 0
0 0 0
0 0 0
0 0 0
0 0 0
0 0 0
0 0 0
0 0 0
0 0 0
0 0 0
0 0 0
0 0 0
0 0 0
0 0 0
0 0 0
0 0 0
0 0 0
1.3218659781e+003 -4.4848680848e-003 1.8947591383e-003
9.6041530052e-001 1.0983952124e-001 -2.5600337909e-001
-1.4410427447e-002 9.3734297040e-001 3.4810988987e-001
2.7819919143e-001 -3.3064094637e-001 9.0182136505e-001
-6.6112019934e-001 8.0429480297e-001 1.1769251786e-001
0 0 0
0 0 0
0 0 0
0 0 0
0 0 0
0 0 0
0 0 0
0 0 0
0 0 0
0 0 0
0 0 0
0 0 0
0 0 0
0 0 0
0 0 0
0 0 0
0 0 0
0 0 0
0 0 0
0 0 0
-4.4587486427e-001 -2.6085110440e-001 -2.1826383176e+000
146 143 150
3 3 4432 -294.8740 -171.2020 9 6019 -391.0940 -135.5100 4 4516 -357.0520 -111.7030
2.5809855408e-001 -4.0207180415e-001 -2.3779298128e+000
37 36 34
3 3 6226 156.5830 -244.2820 9 9385 109.6560 -293.0860 4 7574 89.8620 -247.6790
-4.8015742819e-001 -2.2743805344e-001 -2.1732712409e+000
217 214 211
3 3 4294 -319.1520 -150.1990 9 5824 -410.6777 -110.1010 4 4353 -376.9740 -87.8830
-1.8306283092e-001 -3.6045350555e-001 -2.2399788940e+000
118 117 115
3 3 4753 -118.1630 -231.5600 9 6463 -218.7760 -223.9970 4 4866 -193.7930 -193.5290
1.7107507677e-001 -3.5237133687e-001 -2.3421937431e+000
119 120 112
3 3 6201 105.7520 -217.6000 9 9747 46.6170 -248.3520 4 6672 36.1040 -211.9520
1.1344981862e-001 -1.3132020153e-001 -2.2619327764e+000
118 129 125
3 3 3870 73.2680 -84.4620 9 5603 8.6780 -77.2950 4 4269 8.2610 -73.1740
1.9859807128e-001 -1.6078971133e-001 -2.2674820473e+000
247 243 238
2 3 4017 127.6780 -102.5570 9 8118 66.6740 -101.1400
2.0897226975e-001 -1.6992645644e-001 -2.2692719337e+000
236 229 238
2 3 6140 133.5500 -108.8520 9 8122 74.2500 -107.7420
2.0161678369e-001 -1.7287520966e-001 -2.2663326364e+000
208 207 208
3 3 4070 129.1700 -110.6810 9 5819 68.0220 -109.1750 4 4494 61.3330 -107.5490
2.0671335867e-001 -1.7796237047e-001 -2.2651380005e+000
216 215 221
2 3 4097 132.2890 -114.2170 9 5858 71.5000 -112.5000
3.1791468582e-001 -2.3388156104e-001 -2.3490679624e+000
75 84 81
3 3 4267 196.0960 -143.9020 9 6203 158.1600 -170.9610 4 4697 136.9990 -151.9990
9.8392671134e-002 -2.1765633770e-001 -2.2629720696e+000
90 94 95
3 3 4240 63.3730 -138.8580 9 6029 -8.4250 -137.1130 4 4592 -7.6360 -127.3750
-4.9105235802e-001 -1.9456862317e-001 -2.1705346951e+000
189 186 173
2 3 4182 -326.6730 -128.2600 9 5659 -413.5097 -87.4480
2.4438012547e-001 -3.4081231664e-001 -2.3560275380e+000
45 46 41
3 3 4609 150.0150 -209.3610 9 6610 100.7400 -245.2930 4 4968 83.8330 -210.5000
2.1269021173e-001 -3.6099381201e-001 -2.3509506200e+000
70 72 67
3 3 4691 130.6780 -222.0330 9 6666 75.5990 -257.7660 4 5030 63.2820 -220.5160
1.2991568199e-001 -3.7753586146e-001 -2.3497666605e+000
70 75 71
3 3 4756 79.8800 -231.6000 9 6694 16.5110 -265.4680 4 5052 11.2300 -223.3940
1.7310171394e-001 -3.9084142260e-001 -2.3579508536e+000
88 94 87
3 3 4814 106.5000 -239.5000 9 6803 47.5000 -278.4690 4 5110 36.3400 -234.0690
2.1095564118e-001 -3.9397179509e-001 -2.3589934647e+000
33 34 29
3 3 4829 128.5650 -240.9450 9 9374 74.4280 -282.2160 4 5138 59.7730 -240.8410
2.1939211677e-001 -3.9733741201e-001 -2.3637060500e+000
74 73 71
2 3 4850 134.1830 -242.2480 9 8240 80.3120 -286.1690
1.2001621366e-001 -3.8161035084e-001 -2.3489182712e+000
114 117 113
3 3 4779 73.6120 -233.5000 9 8212 9.2530 -267.6850 4 5058 4.8880 -225.8470
-1.7135834227e-001 -3.2343752084e-001 -2.2198041782e+000
73 76 75
3 3 4606 -111.5000 -209.6940 9 9275 -212.2110 -195.0130 4 4765 -188.7490 -173.1000
2.1550673117e-001 -4.0961514968e-001 -2.3775403090e+000
56 59 52
3 3 4913 130.5620 -248.5650 9 8245 80.3590 -295.9110 4 5191 61.8110 -248.7690
-6.8050703748e-002 -3.5698052720e-001 -2.2659803718e+000
94 98 97
3 3 4713 -43.6720 -226.5980 9 6511 -134.3920 -230.1340 4 4903 -119.5450 -200.3930
2.5146807628e-001 -4.1929239700e-001 -2.3804927421e+000
62 66 65
3 3 4950 152.4920 -254.0100 9 8252 103.9880 -305.7600 4 5240 84.8580 -257.5210
-5.4103589360e-002 -3.6368677994e-001 -2.2744541137e+000
75 80 76
3 3 4746 -34.4860 -230.3960 9 6549 -123.4770 -236.8480 4 4927 -110.3350 -204.6220
1.7646780240e-001 -4.0764617821e-001 -2.3614969625e+000
103 107 107
3 3 4912 106.7220 -249.6320 9 8243 49.7500 -290.2500 4 5163 38.5000 -245.4690
-2.7556013218e-002 -3.6905072367e-001 -2.2805920601e+000
150 155 151
2 3 4772 -17.7420 -233.2780 9 6584 -104.4190 -242.6730
-2.0077180527e-001 -3.3660125282e-001 -2.2179254953e+000
104 105 100
3 3 4661 -130.9520 -218.6760 9 6324 -233.7360 -202.8080 4 4793 -207.6870 -178.6650
-4.1788534507e-002 -3.6993973324e-001 -2.2840739693e+000
67 71 66
3 3 4771 -26.5520 -233.4720 9 8192 -113.1310 -243.1520 4 4947 -102.0680 -208.7630
1.8387648893e-001 -4.1797166558e-001 -2.3645235405e+000
58 60 57
3 3 4956 112.3210 -255.2430 9 6922 54.4910 -299.2990 4 5215 41.5970 -251.5000
-1.8343271659e-001 -3.4827672274e-001 -2.2320931148e+000
64 64 62
3 3 4699 -118.5770 -224.4790 9 8178 -219.6250 -214.2260 4 4829 -195.3210 -186.4960
-8.4960567606e-003 -3.8295358947e-001 -2.2920262072e+000
66 68 67
3 3 4826 -5.5500 -241.1000 9 6648 -90.1580 -255.2130 4 5021 -81.3240 -219.0200
-1.8356583179e-001 -3.5565049524e-001 -2.2386884553e+000
72 71 69
3 3 4730 -118.4040 -228.5200 9 6441 -218.6190 -220.3810 4 4849 -194.5060 -190.6480
3.4447788078e-002 -4.0043141499e-001 -2.3123603836e+000
61 63 61
3 3 4911 21.3230 -249.4770 9 8219 -58.0020 -272.6000 4 5105 -53.5270 -232.3000
-1.9707198035e-001 -3.6111766710e-001 -2.2383533754e+000
103 102 98
3 3 4765 -127.4170 -232.3810 9 6461 -227.8780 -223.3960 4 4865 -203.1430 -192.8280
2.0001870285e-001 -1.6073257847e-001 -2.2725539920e+000
248 244 240
2 3 6135 127.7500 -102.7500 9 9208 68.9700 -101.7590
1.9026577638e-001 -3.8860170678e-001 -2.3617590059e+000
24 25 22
2 3 6219 115.9790 -237.5300 9 9364 60.5340 -277.6390
-1.6188852457e-001 -3.7177751930e-001 -2.2507876162e+000
48 49 44
3 3 6218 -104.5710 -237.8810 9 9303 -202.9430 -234.2110 4 6662 -179.2310 -201.9330
1.7428328226e-001 -3.5386748209e-001 -2.3447933789e+000
118 118 110
3 3 7345 107.2640 -218.1580 9 9953 49.6950 -249.6360 4 7901 37.9440 -213.4080
-2.6264808527e-001 -4.1076826490e-001 -2.2567070328e+000
130 130 114
3 3 7377 -168.4990 -262.3020 9 9957 -271.4640 -258.2370 4 7899 -240.7430 -215.4270
2.0879773900e-001 -3.5757047631e-001 -2.3504454704e+000
40 41 38
3 3 7347 128.5000 -217.5000 9 9954 73.9500 -255.0000 4 7903 59.4810 -220.4810
-4.3403947200e-001 -2.5888517809e-001 -2.1863777836e+000
234 235 230
2 3 7333 -285.9410 -168.9010 9 9246 -383.2160 -135.8400
-2.1143306926e-002 3.1796340355e-001 -2.1407636506e+000
107 109 106
3 3 1942 -12.4420 214.5880 9 2229 -67.6640 245.6590 4 2231 -60.5030 234.6220
-3.9636948781e-002 3.0748187794e-001 -2.1370546352e+000
106 108 105
3 3 2051 -24.8840 207.8760 9 2359 -81.1970 240.1120 4 2315 -74.3130 229.1410
-2.4994553812e-002 3.0164668673e-001 -2.1492583251e+000
98 99 94
3 3 2113 -14.6250 202.6920 9 2522 -69.5530 232.5530 4 2413 -63.5500 223.3350
-2.7994087501e-001 -5.6237649369e-002 -2.1648914651e+000
109 119 117
2 3 3559 -186.3550 -37.2480 9 5093 -266.4210 1.4750
-2.9802253057e-001 -6.8711606563e-002 -2.1557158397e+000
91 102 97
2 3 3607 -199.2540 -45.6940 9 5145 -282.3120 -4.3590
-2.9084064092e-001 -6.8321279520e-002 -2.1562189869e+000
117 128 125
3 3 3608 -194.6520 -45.2620 9 5146 -277.7410 -4.1730 4 3870 -256.5000 -2.5000
2.0068125912e-001 -1.4826673119e-001 -2.2733735411e+000
251 249 246
2 3 3951 128.2630 -94.7160 9 5695 70.3200 -93.3210
2.5798225998e-001 -1.5802928228e-001 -2.3146907299e+000
171 174 182
2 3 3999 161.7350 -99.0740 9 5827 115.9240 -109.7870
2.2492504625e-001 -1.6596608509e-001 -2.2793316946e+000
164 161 170
2 3 4037 143.3930 -105.6010 9 5809 87.0680 -107.6000
-1.2643921710e-001 -1.7243421515e-001 -2.2230835833e+000
188 194 194
2 3 4074 -81.7290 -111.6920 9 5688 -164.7320 -91.7420
2.0263068023e-001 -1.8175279564e-001 -2.2665833772e+000
191 192 192
2 3 4108 129.6480 -116.4760 9 5882 68.4990 -115.3900
1.1580499201e-001 -1.8901683065e-001 -2.2534148795e+000
115 121 121
2 3 4137 74.7280 -121.4960 9 5880 4.4460 -115.5380
-1.0127747175e-001 -2.0824781619e-001 -2.2365317350e+000
179 184 187
2 3 4216 -65.1450 -134.1890 9 5906 -148.4150 -119.4730
-1.0489872560e-001 -2.1340135321e-001 -2.2329871582e+000
171 176 180
3 3 4230 -67.4920 -137.5250 9 5927 -152.4810 -122.3710 4 4499 -137.5170 -108.5330
-4.8355047513e-001 -2.2625821846e-001 -2.1714453169e+000
130 128 132
2 3 4293 -321.5990 -149.2690 9 5817 -413.3236 -108.9480
-6.6578136354e-002 -2.4667534201e-001 -2.2574599882e+000
169 174 177
3 3 4352 -42.4750 -157.5590 9 8145 -123.9770 -150.8430 4 4610 -112.4110 -131.5210
-1.6017276996e-001 -2.4441057867e-001 -2.2025272288e+000
129 137 134
2 3 4370 -104.5000 -159.5000 9 6037 -200.9650 -136.8740
3.0314432121e-001 -2.5929218399e-001 -2.3410914710e+000
76 85 81
3 3 4373 187.4000 -160.2590 9 6272 145.6860 -187.0260 4 4742 125.0460 -167.0420
-7.3772821970e-002 -2.6423699657e-001 -2.2496210356e+000
171 179 181
2 3 4427 -47.3460 -169.3910 9 6160 -132.5630 -161.4990
-6.9290813493e-002 -2.6813216683e-001 -2.2521263951e+000
186 192 195
3 3 4435 -44.3580 -171.5190 9 6169 -129.4770 -164.8800 4 4654 -116.4000 -145.1990
-5.2118636531e-002 -2.8510023102e-001 -2.2635176116e+000
183 189 189
3 3 4473 -33.3050 -181.6490 9 6237 -116.7320 -179.2190 4 4709 -105.2970 -156.5690
-5.2795289578e-002 -2.9041121081e-001 -2.2599163905e+000
170 174 175
3 3 4490 -33.6140 -185.3230 9 6245 -118.6440 -182.4920 4 4722 -106.8550 -159.9420
-4.8179579753e-002 -2.9947040578e-001 -2.2637490195e+000
125 131 131
3 3 4522 -30.9940 -190.4760 9 6278 -115.5900 -189.4840 4 4735 -103.6670 -166.3330
1.6794585265e-001 -3.3094442964e-001 -2.3419897526e+000
89 90 84
3 3 4585 103.4890 -203.7300 9 6525 45.5290 -232.5990 4 4906 36.4980 -199.3860
2.0112674114e-001 -3.3248968826e-001 -2.3439181121e+000
38 39 30
2 3 4589 123.9110 -204.8550 9 6546 69.0900 -235.5050
2.5451905828e-001 -3.4259938793e-001 -2.3551995812e+000
115 115 107
2 3 4610 156.1380 -210.1070 9 6614 107.7970 -246.8750
8.2775991292e-002 -3.4085664008e-001 -2.3230207334e+000
139 144 140
2 3 4619 51.6150 -211.3390 9 6533 -17.6500 -233.4360
1.7053906304e-001 -3.5083952790e-001 -2.3462389156e+000
91 92 86
2 3 4632 105.3450 -215.3450 9 8196 46.3090 -247.9140
1.9867701647e-001 -3.4954037944e-001 -2.3519743633e+000
91 92 86
3 3 4633 122.2230 -214.2950 9 8201 66.9860 -248.9720 4 4972 55.0140 -212.5160
2.6222921237e-001 -3.5317093786e-001 -2.3644702423e+000
88 89 83
2 3 4649 159.8660 -216.0070 9 6651 114.1870 -255.8500
-2.5649585791e-001 -3.3417843540e-001 -2.2021539766e+000
110 111 105
3 3 4659 -168.6660 -218.5810 9 6295 -274.5790 -196.1840 4 4770 -244.6280 -173.4780
-1.9475811180e-001 -3.5638552455e-001 -2.2333648893e+000
65 65 59
3 3 4736 -126.1500 -229.6000 9 6432 -227.3890 -219.4690 4 4848 -202.4440 -190.7000
1.4811535846e-001 -3.7609072660e-001 -2.3608362235e+000
72 76 71
3 3 4737 90.5350 -229.6310 9 6710 31.6340 -266.5050 4 5053 23.1420 -223.3550
1.9740952108e-001 -3.7330770310e-001 -2.3489687995e+000
99 101 94
3 3 4738 121.3510 -229.5550 9 6704 64.3680 -265.6060 4 5071 51.9800 -227.1330
3.6309704716e-002 -3.6972683710e-001 -2.3049767010e+000
100 106 103
3 3 4747 21.8680 -231.5000 9 8198 -56.0170 -249.1390 4 6675 -49.9090 -214.3440
2.7070838185e-001 -3.8301730025e-001 -2.3822274298e+000
93 95 90
3 3 4757 164.3150 -232.0550 9 6824 120.1660 -280.5110 4 5121 99.1970 -236.7950
-1.8574606479e-001 -3.6845755587e-001 -2.2429610842e+000
84 84 82
3 3 4792 -119.7910 -236.5030 9 6510 -220.0490 -229.8740 4 4896 -195.9320 -198.1000
1.5351367717e-001 -3.8751756072e-001 -2.3616196846e+000
51 55 51
3 3 4794 93.8660 -235.8150 9 8221 34.7210 -275.1620 4 5097 25.4040 -231.4040
1.4033066857e-001 -3.9189305559e-001 -2.3520513333e+000
76 78 73
2 3 4827 86.0700 -240.1070 9 6795 23.5260 -276.5230
1.6928149277e-001 -3.9222894379e-001 -2.3552854981e+000
121 126 120
2 3 4828 103.4650 -240.3120 9 6802 44.4750 -278.4760
9.4157343277e-002 -3.9316411420e-001 -2.3322202413e+000
93 98 94
2 3 4849 58.1900 -242.8890 9 6759 -12.2310 -272.7600
2.4214098146e-001 -4.1499753690e-001 -2.3761905969e+000
58 60 57
3 3 4925 147.1660 -251.7310 9 6936 96.9570 -301.6790 4 5225 79.1130 -254.5290
1.3199612189e-001 -4.2425901710e-001 -2.3515862143e+000
41 44 37
2 3 4988 80.7470 -260.0540 9 8247 15.2770 -299.5270
2.5358391252e-001 -1.5207016084e-001 -2.2861800377e+000
159 164 169
2 3 6126 161.3060 -96.4470 9 9211 109.1450 -100.1130
2.2004447739e-001 -1.6563790984e-001 -2.2784608388e+000
231 229 240
2 3 6138 140.1020 -105.6390 9 8123 83.7240 -106.8880
2.0430264777e-001 -1.7994387875e-001 -2.2702587829e+000
170 172 171
2 3 6142 129.4920 -116.0280 9 9227 71.3140 -114.1420
-7.2267298095e-002 -2.3869710190e-001 -2.2553218382e+000
224 229 231
3 3 6159 -46.2090 -152.4600 9 8143 -127.8000 -144.7650 4 6632 -115.2470 -126.2450
2.6418309870e-001 -4.1247218873e-001 -2.3878200193e+000
33 33 33
3 3 6234 159.7550 -248.7190 9 9398 114.5710 -302.1980 4 6709 93.4970 -254.1910
2.2071178057e-001 -3.4209793183e-001 -2.3542764704e+000
94 95 89
2 3 7011 135.4120 -209.7890 9 9743 83.7500 -244.7500
2.1011748374e-001 -3.5789813707e-001 -2.3391257240e+000
58 61 55
2 3 7018 129.5710 -221.0450 9 9750 73.0600 -253.6730
-2.3168051191e-001 -3.3958085221e-001 -2.2071477649e+000
108 107 102
3 3 7021 -152.2510 -222.4640 9 9281 -257.2470 -201.6530 4 7522 -228.9000 -178.2110
4.0061004737e-002 -3.7077476404e-001 -2.3068750947e+000
82 88 85
2 3 7031 24.8420 -231.7280 9 9321 -52.5380 -250.6000
1.6468174169e-001 -4.3049255118e-001 -2.3699643043e+000
111 117 112
3 3 7076 99.6130 -261.7770 9 9776 41.0940 -307.5040 4 7582 30.2240 -257.6980
-2.4119039326e-001 -3.6349416225e-001 -2.2246406701e+000
45 45 36
3 3 7356 -156.8760 -235.5160 9 9735 -262.2030 -221.4150 4 7891 -231.4650 -190.8360
2.3544411433e-001 -4.0614421016e-001 -2.3760452838e+000
30 31 26
2 3 7365 142.9110 -246.6070 9 9772 93.1890 -294.5950
-1.3425315225e-002 3.7480773248e-001 -2.1585027515e+000
181 171 183
2 3 1429 -6.6820 251.6140 4 1554 -48.4850 269.9810
-2.0578396454e-002 3.7341859606e-001 -2.1550109829e+000
208 205 236
2 3 1449 -11.5250 250.6100 4 1553 -53.7330 270.3480
-6.9971325887e-003 3.7252136603e-001 -2.1596488212e+000
185 177 188
2 3 1473 -2.3700 249.6720 4 1597 -44.2990 268.2120
-2.4240278455e-002 3.6297530645e-001 -2.1392855638e+000
174 166 180
2 3 1536 -14.1730 245.1410 4 1646 -59.4430 265.5740
-8.8126562657e-003 3.6302501605e-001 -2.1510966083e+000
208 198 206
2 3 1552 -3.6660 243.6680 4 1684 -47.5010 263.5080
-2.6318411357e-004 3.6213931163e-001 -2.1609830225e+000
224 220 213
2 3 1581 2.1080 241.8430 4 1728 -40.4800 261.4110
-4.0632379664e-003 3.6083499564e-001 -2.1544436814e+000
146 138 143
2 3 1603 -0.4640 241.7520 4 1727 -44.0600 261.4400
-8.4581056847e-003 3.5867684979e-001 -2.1512679935e+000
237 233 226
2 3 1613 -3.4430 240.6980 4 1753 -47.5830 260.5630
-1.3003591146e-002 3.5776157621e-001 -2.1523542288e+000
199 186 185
2 3 1630 -6.5000 240.5000 4 1771 -50.4830 259.5600
-4.2651836433e-002 3.5172070093e-001 -2.1342885675e+000
237 232 234
2 3 1650 -26.7670 238.5000 4 1770 -73.1760 259.2080
-2.3539181245e-003 3.5185694902e-001 -2.1580773742e+000
213 209 222
2 3 1667 0.6680 236.2710 4 1865 -43.1780 253.9560
-3.3392041305e-002 3.4720515320e-001 -2.1359986001e+000
231 223 230
2 3 1690 -20.4780 234.5010 4 1822 -67.1530 256.1530
-1.3014748203e-002 3.4836381066e-001 -2.1502570559e+000
187 182 187
2 3 1692 -6.5550 234.3740 4 1884 -51.5570 253.4980
-1.9451128274e-002 3.4797996862e-001 -2.1464095255e+000
250 247 243
2 3 1704 -10.9290 234.1830 4 1863 -56.3500 254.3970
-2.7985105060e-002 3.4376760906e-001 -2.1385380339e+000
201 196 211
2 3 1720 -16.7890 232.4730 4 1900 -63.5370 252.6460
-3.2152914019e-002 3.3805704526e-001 -2.1364089676e+000
247 243 248
2 3 1768 -19.6640 228.4890 4 1958 -67.0190 249.6140
-2.0250767542e-002 3.3683371313e-001 -2.1478373006e+000
216 217 217
2 3 1779 -11.5000 226.5000 4 2020 -57.5120 246.7980
-4.8920070678e-002 3.3498086683e-001 -2.1300815880e+000
236 237 242
2 3 1788 -31.1630 227.1140 4 1975 -79.2430 249.1980
-4.0283679127e-002 3.3114981534e-001 -2.1331066972e+000
163 164 165
2 3 1808 -25.2530 224.4210 4 2036 -73.4310 245.5250
-2.6164254293e-002 3.3276951269e-001 -2.1419513420e+000
190 189 194
2 3 1809 -15.5630 224.5710 4 2057 -62.6470 244.8430
-2.4855088751e-002 3.2363126124e-001 -2.1412185742e+000
98 100 100
2 3 1891 -14.7210 218.0740 4 2149 -62.5980 239.0670
9.8261389818e-003 3.2196675901e-001 -2.1733817674e+000
149 154 150
2 3 1943 8.7050 213.9390 4 2286 -35.2370 232.3910
-1.7236800419e-001 2.9188823517e-001 -2.1289867848e+000
198 198 197
2 3 2159 -115.3680 198.4720 4 2356 -162.2060 227.4270
-7.3993092119e-002 2.9115113402e-001 -2.1271235083e+000
114 116 112
2 3 2170 -48.4590 197.5470 4 2443 -99.4690 221.4810
-1.7349563259e-001 2.8858775732e-001 -2.1276445104e+000
185 185 183
2 3 2187 -116.2230 196.3240 4 2384 -163.4530 225.4460
-1.8530457135e-001 2.8855732582e-001 -2.1340136935e+000
242 239 225
2 3 2200 -123.8760 195.6840 4 2382 -169.6050 225.6010
-1.5762958246e-001 2.7509369523e-001 -2.1267923390e+000
148 154 154
2 3 2276 -105.5090 186.5020 4 2529 -154.4990 216.2080
-5.8531746329e-002 2.6955793877e-001 -2.1480712112e+000
104 107 106
2 3 2343 -37.5750 181.3880 4 2695 -87.4790 203.7760
2.0352259096e-002 2.6457433483e-001 -2.1974898083e+000
103 102 98
2 3 2390 15.3920 174.3820 4 2819 -29.4190 190.9610
-1.0256242388e-001 2.5039224824e-001 -2.1365442879e+000
146 146 144
2 3 2411 -67.7350 169.4500 4 2788 -119.3390 194.7110
1.5684491639e-001 -8.6378617799e-002 -2.2944396504e+000
112 125 122
2 3 3666 99.6820 -54.6130 4 4112 42.4510 -47.7250
-2.4782891848e-001 -8.4695432931e-002 -2.1708507919e+000
125 137 131
2 3 3669 -164.4320 -55.6350 4 3931 -228.4350 -16.4970
1.0496151973e-001 -1.0589234081e-001 -2.2809404421e+000
102 113 107
2 3 3757 67.2690 -67.2560 4 4157 7.0890 -56.1410
-3.2034651697e-001 -1.0635998713e-001 -2.1446354056e+000
108 116 118
2 3 3782 -215.4470 -71.2240 4 3974 -280.6220 -24.5720
-4.5408473200e-001 -1.2647911388e-001 -2.1742489558e+000
234 230 228
2 3 3860 -301.3570 -82.6600 4 3989 -354.3090 -26.7410
2.7354516255e-001 -1.5217659683e-001 -2.3281522097e+000
88 94 90
2 3 3952 170.5320 -94.7450 4 4424 113.6780 -97.8940
-4.8667723501e-001 -1.6400799033e-001 -2.1654715961e+000
158 155 140
2 3 4056 -324.4330 -108.5740 4 4111 -378.5540 -47.3780
-4.9051316191e-001 -1.7518149745e-001 -2.1689656878e+000
205 202 195
2 3 4101 -326.4800 -115.4670 4 4147 -380.6200 -54.3860
-2.2556868645e-001 -1.8208899144e-001 -2.1644833610e+000
107 114 111
2 3 4132 -150.3650 -121.0010 4 4311 -223.4470 -81.2420
-4.9017008497e-001 -1.8551826407e-001 -2.1674186539e+000
170 166 157
2 3 4142 -326.5090 -122.7480 4 4175 -381.5620 -60.6590
-1.0708413716e-001 -1.9128452982e-001 -2.2365244967e+000
194 197 203
2 3 4144 -68.8330 -123.1670 4 4400 -136.6670 -94.1680
-4.9076148319e-001 -1.9117043344e-001 -2.1700072274e+000
141 138 130
2 3 4168 -326.5170 -126.2930 4 4206 -381.5600 -64.1520
-8.8390182232e-002 -1.9695144338e-001 -2.2466485775e+000
186 191 194
2 3 4171 -56.4950 -126.5270 4 4435 -123.8070 -98.6270
-4.9149143095e-001 -1.9844768183e-001 -2.1701839937e+000
244 241 231
2 3 4193 -326.9970 -130.4140 4 4248 -382.5410 -69.4050
-4.9668233495e-001 -2.0725174941e-001 -2.1756697281e+000
206 202 207
2 3 4224 -329.6140 -136.5630 4 4266 -384.5040 -73.6180
-4.9209841563e-001 -2.0923355913e-001 -2.1761988114e+000
218 215 207
2 3 4229 -326.5000 -137.1000 4 4274 -381.9150 -76.0100
-4.9073409491e-001 -2.1257070401e-001 -2.1699204049e+000
157 154 150
2 3 4247 -326.5590 -140.3900 4 4289 -383.1000 -77.7860
-4.8689388416e-001 -2.1453855395e-001 -2.1718792361e+000
190 188 179
2 3 4249 -323.7090 -141.4720 4 4293 -380.4360 -79.3780
-4.9088330493e-001 -2.1941289525e-001 -2.1761766844e+000
116 111 115
2 3 4261 -325.7190 -143.8440 4 4317 -381.9320 -82.5170
-4.8765030215e-001 -2.2426986880e-001 -2.1737671987e+000
211 210 206
2 3 4283 -323.9430 -148.0600 4 4334 -380.9820 -85.0910
-4.9044180834e-001 -2.2981292968e-001 -2.1703636586e+000
145 142 165
2 3 4303 -326.3350 -151.6700 4 4360 -384.0380 -88.8100
-7.0799228993e-002 -2.4068650479e-001 -2.2596863341e+000
205 209 213
2 3 4317 -45.0450 -153.3560 4 4591 -114.0410 -127.3710
8.2604226930e-002 -2.4461459271e-001 -2.2868441561e+000
125 130 124
2 3 4329 52.4340 -154.4290 4 4642 -16.3360 -141.6540
-4.7839010493e-001 -2.4709286842e-001 -2.1772258418e+000
166 167 190
2 3 4384 -317.3280 -162.5610 4 4447 -376.2360 -100.4830
9.4711091516e-002 -2.5775191290e-001 -2.2896627362e+000
81 82 77
2 3 4388 59.9650 -162.6350 4 4686 -9.4640 -150.7180
1.2557945351e-001 -2.6087093663e-001 -2.2803009038e+000
139 140 134
2 3 4398 79.7370 -165.4460 4 4710 8.2210 -156.0860
-3.8603294995e-001 -2.5652960671e-001 -2.2072686309e+000
70 76 72
2 3 4404 -252.5150 -166.7620 4 4524 -314.6020 -112.7010
1.0722982377e-001 -2.6666283686e-001 -2.2954336973e+000
119 121 116
2 3 4420 67.6700 -167.6640 4 4713 -1.6830 -157.2160
3.0773594885e-001 -2.9319960582e-001 -2.3509504699e+000
70 74 70
2 3 4466 189.3380 -180.3380 4 4835 126.1650 -187.8670
3.1270833442e-001 -2.9359864994e-001 -2.3503334829e+000
122 127 123
2 3 4467 192.4430 -180.5700 4 4845 129.1810 -188.7020
3.0289234978e-001 -2.9874023211e-001 -2.3609473858e+000
81 86 82
2 3 4476 185.5610 -182.5020 4 4844 123.4230 -190.4230
4.2045833371e-002 -3.0010443304e-001 -2.3267263047e+000
89 99 96
2 3 4491 26.2390 -185.7690 4 4756 -39.5900 -169.9150
3.0574311170e-001 -3.0188426666e-001 -2.3546314219e+000
131 134 128
2 3 4498 187.7890 -185.5090 4 4861 124.5630 -192.6330
-4.9905422133e-002 -2.9536011332e-001 -2.2687904048e+000
165 171 170
2 3 4507 -31.7360 -187.2530 4 4726 -103.8250 -163.1820
1.9563584831e-001 -3.0306180334e-001 -2.3151549784e+000
51 53 42
2 3 4517 122.1640 -189.1430 4 4831 52.5610 -186.5700
1.2927964083e-001 -3.0852543239e-001 -2.3326046690e+000
88 89 84
2 3 4523 80.1650 -190.6940 4 4812 13.3320 -182.5860
1.1882382271e-001 -3.1635752966e-001 -2.3414167280e+000
69 70 64
2 3 4541 73.4020 -194.7290 4 4824 7.4780 -185.7580
2.5272464338e-001 -3.1419653837e-001 -2.3384983732e+000
115 117 104
2 3 4542 156.2210 -193.7320 4 4892 89.3350 -197.3050
3.1810563200e-001 -3.1983243785e-001 -2.3648368624e+000
147 149 144
2 3 4544 194.4750 -195.3750 4 4931 131.6000 -204.3060
1.2414999903e-001 -3.2239105385e-001 -2.3474800083e+000
77 79 76
2 3 4552 76.4800 -197.9840 4 4843 11.0020 -189.3960
1.7730306452e-001 -3.2322630676e-001 -2.3399294487e+000
88 88 80
2 3 4564 109.5200 -199.3540 4 4878 42.4020 -195.3970
1.6463277049e-001 -3.2935717417e-001 -2.3430231890e+000
97 98 92
2 3 4580 101.5470 -202.9480 4 4891 34.5700 -197.6180
-1.9193445949e-001 -3.1307736469e-001 -2.2079021554e+000
123 125 124
2 3 4583 -125.6920 -204.2900 4 4734 -202.8750 -165.4460
1.5179784193e-001 -3.3556615665e-001 -2.3515206488e+000
99 100 94
2 3 4588 93.2880 -205.8050 4 4905 27.2490 -199.6630
2.5477346085e-001 -3.3468390604e-001 -2.3524253200e+000
105 105 96
2 3 4590 156.5030 -205.7170 4 4948 90.3860 -208.3780
2.7586889094e-001 -3.3841225085e-001 -2.3571563997e+000
67 67 59
2 3 4593 169.1140 -207.4070 4 4973 103.5010 -212.4470
9.3263217880e-002 -3.3791047799e-001 -2.3478975677e+000
77 79 78
2 3 4597 57.4120 -207.5480 4 4886 -8.6650 -195.8990
2.3943591514e-001 -3.3922696672e-001 -2.3552922899e+000
91 92 87
2 3 4603 146.8900 -208.2720 4 4952 80.8780 -209.4120
1.0608092656e-001 -3.4834181491e-001 -2.3511049892e+000
86 86 84
2 3 4629 65.1680 -213.1780 4 4922 -1.3760 -203.6840
2.8320309584e-001 -3.5132584415e-001 -2.3686326890e+000
61 61 53
2 3 4635 172.7370 -214.2020 4 5024 107.9900 -220.0710
2.9505100041e-001 -3.4840226608e-001 -2.3620445767e+000
85 84 80
2 3 4636 180.4730 -213.5270 4 5031 115.0550 -219.5790
-1.7517257270e-001 -3.3234085085e-001 -2.2208149127e+000
97 99 96
2 3 4644 -114.0960 -215.3390 4 4794 -191.4220 -178.4490
1.8937772896e-001 -3.5081330769e-001 -2.3480993589e+000
75 80 73
2 3 4646 116.4760 -215.7700 4 4971 48.6430 -212.6760
2.8761973800e-001 -3.5862957097e-001 -2.3707514394e+000
70 71 66
2 3 4664 175.2490 -218.5270 4 5057 110.3440 -224.7180
-1.7917644623e-001 -3.3929313015e-001 -2.2249821849e+000
103 105 102
2 3 4669 -116.4850 -219.8730 4 4805 -193.4010 -181.6570
2.1899658144e-001 -3.5767283920e-001 -2.3501015271e+000
77 79 73
2 3 4670 134.5580 -219.6760 4 5022 66.4380 -219.7030
5.2560126749e-002 -3.5638194022e-001 -2.3174274408e+000
120 124 123
2 3 4688 32.6650 -221.5120 4 4940 -38.6700 -206.4330
1.1386049741e-001 -3.6376603768e-001 -2.3458409243e+000
53 55 50
2 3 4697 70.0410 -223.8950 4 4989 1.6290 -213.6290
1.3147823032e-001 -3.6733928543e-001 -2.3587112004e+000
65 67 62
2 3 4701 80.4550 -224.5420 4 5002 13.5050 -216.5700
1.2366409367e-001 -3.6867656718e-001 -2.3557108206e+000
69 71 65
2 3 4705 75.7540 -225.4750 4 5001 8.3250 -217.0990
6.6960439767e-001 -3.9451644506e-001 -2.4812811546e+000
73 78 74
2 3 4752 390.1780 -230.5320 4 5317 348.1060 -271.3800
-3.5906840611e-002 -3.7132628457e-001 -2.2820889895e+000
76 78 73
2 3 4778 -22.9260 -234.4470 4 4960 -98.6000 -210.4700
-1.7654915130e-001 -3.7139449693e-001 -2.2477963198e+000
114 113 109
2 3 4799 -113.6610 -237.7870 4 4912 -189.4210 -200.4370
-2.1812962288e-002 -3.7572873041e-001 -2.2827894477e+000
87 89 86
2 3 4800 -14.0220 -237.1590 4 4987 -90.3000 -214.5100
-1.5960582467e-001 -3.7311471949e-001 -2.2531792939e+000
58 60 55
2 3 4810 -102.5280 -238.4700 4 4918 -178.3100 -202.4890
-2.0351081699e-001 -3.7200692141e-001 -2.2385983548e+000
86 87 79
2 3 4820 -131.5340 -239.1330 4 4895 -207.4890 -199.0990
-1.9515066452e-001 -3.7546859265e-001 -2.2475561148e+000
128 129 123
2 3 4824 -125.6300 -240.3130 4 4916 -200.8550 -201.3180
2.2600574224e-001 -3.9823524140e-001 -2.3677400254e+000
47 44 42
2 3 4851 137.7030 -242.6640 4 5158 69.4400 -243.5900
-1.7067463445e-001 -3.8127117414e-001 -2.2527795516e+000
84 87 80
2 3 4855 -109.6660 -243.4990 4 4939 -185.6100 -206.7710
1.3199490615e-002 -3.9547289179e-001 -2.3065521004e+000
144 146 141
2 3 4877 8.0160 -246.8880 4 5069 -66.8530 -227.9420
2.2634163119e-001 -4.0969372374e-001 -2.3756214607e+000
88 89 84
2 3 4900 137.4190 -248.6930 4 6704 69.5470 -249.8850
-5.7954189582e-002 -4.0642059087e-001 -2.2964506727e+000
109 109 107
2 3 4949 -36.7260 -254.7740 4 5075 -111.9330 -228.8480
1.5106921371e-002 -4.1365852761e-001 -2.3153691514e+000
117 116 114
2 3 4970 9.1320 -257.4090 4 5126 -65.6480 -238.2740
2.0032477853e-001 -4.4835239041e-001 -2.3741890810e+000
65 66 61
2 3 5042 121.5180 -272.1760 4 5312 50.8240 -271.1880
2.7716514924e-001 -4.4872582474e-001 -2.3692228555e+000
77 81 79
2 3 5044 168.6030 -273.2670 4 5371 97.1130 -279.5290
2.9084565346e-001 -4.5017855750e-001 -2.3725323015e+000
44 48 47
2 3 5045 176.6990 -273.8470 4 5385 105.6810 -281.3310
2.3992374500e-001 -4.5298534828e-001 -2.3733433361e+000
66 71 65
2 3 5057 145.6390 -275.4510 4 5362 74.4440 -277.7670
2.6498240780e-001 -4.5891199459e-001 -2.3631646187e+000
75 77 74
2 3 5074 161.5370 -280.3720 4 5408 88.3930 -285.1250
1.5225155862e-001 -4.6809351358e-001 -2.3380803101e+000
87 88 82
2 3 5101 93.5540 -288.5990 4 5394 16.2600 -282.8070
-1.5892433163e-001 -5.0088223971e-001 -2.2700909402e+000
81 83 78
2 3 5224 -101.7040 -317.3170 4 5380 -183.6960 -280.4140
-7.7194228750e-002 -5.0016052702e-001 -2.2682258042e+000
77 79 74
2 3 5225 -49.8170 -317.5110 4 5426 -135.2610 -288.2530
-3.6168052767e-001 -5.0317276560e-001 -2.2592821108e+000
90 94 93
2 3 5241 -231.6480 -319.6290 4 5264 -304.5290 -263.3260
-3.7950454438e-001 -5.1026811405e-001 -2.2442656877e+000
90 90 86
2 3 5300 -244.7120 -326.4620 4 5283 -319.0760 -267.5220
-2.2818588868e-001 -5.1214471754e-001 -2.2478087576e+000
105 108 100
2 3 5309 -147.2390 -327.8930 4 5393 -230.1270 -282.8730
-4.0694838093e-001 -5.1589922416e-001 -2.2317907752e+000
190 187 169
2 3 5342 -263.8670 -331.8060 4 5297 -338.5600 -269.8400
-4.0224360036e-001 -5.1698534209e-001 -2.2296771954e+000
108 107 82
2 3 5347 -261.0850 -332.7490 4 5311 -336.5030 -271.3160
-3.3215952229e-002 3.5094662600e-001 -2.1375418648e+000
175 162 174
2 3 5821 -20.3220 237.3350 4 1790 -66.5300 258.0330
-4.3653761568e-002 3.4501088693e-001 -2.1328316499e+000
153 144 146
2 3 5830 -27.5000 233.5000 4 1847 -74.5470 255.4980
1.5999821547e-001 -1.1759837679e-001 -2.2713601966e+000
117 128 123
2 3 6115 102.5250 -75.4340 4 6592 39.5410 -68.1980
-4.7106837912e-001 -2.4741362938e-001 -2.1716301902e+000
124 121 150
2 3 6171 -313.2860 -164.2090 4 4448 -373.4610 -100.5660
-4.3770065090e-001 -2.5760946507e-001 -2.1852693443e+000
197 199 196
2 3 6173 -289.2720 -168.7000 4 6620 -350.9380 -110.4770
3.0831622532e-001 -2.8372574523e-001 -2.3500903763e+000
145 154 149
2 3 6174 189.8050 -174.6830 4 6656 127.1860 -181.9970
2.4919653238e-001 -3.0690417193e-001 -2.3326979790e+000
70 70 64
2 3 6181 154.4460 -190.0240 4 6660 87.2110 -192.6280
1.0488427537e-001 -3.4949727793e-001 -2.3524445519e+000
89 89 87
2 3 6198 64.3990 -214.1100 4 6666 -1.9650 -203.8130
1.0582598842e-001 -3.7481453782e-001 -2.3462654905e+000
87 92 88
2 3 6207 65.0360 -230.0570 4 6680 -4.0360 -220.1660
1.8290501375e-001 -4.0191691734e-001 -2.3644837391e+000
120 124 122
2 3 6228 111.5440 -245.1440 4 6699 42.6750 -242.0490
9.8357878723e-002 -2.1747467249e-001 -2.2674881209e+000
86 90 91
2 3 6962 62.9800 -138.2120 4 7502 -7.1820 -127.4710
-4.8704457197e-001 -2.1940298050e-001 -2.1784566808e+000
120 119 113
2 3 6966 -322.8210 -144.1640 4 7466 -378.9690 -82.2470
-4.7613372501e-001 -2.2865771611e-001 -2.1659420929e+000
172 170 160
2 3 6971 -317.4670 -151.7820 4 7472 -376.7970 -88.9470
2.2580549245e-001 -3.3870370801e-001 -2.3566780377e+000
126 127 121
2 3 7009 138.4520 -207.8320 4 7537 72.6920 -207.6420
1.1675120710e-001 -3.6208591843e-001 -2.3392754168e+000
52 52 50
2 3 7023 72.0060 -222.8460 4 7900 2.5940 -214.1440
-1.8514409254e-001 -3.5459050788e-001 -2.2346848015e+000
44 43 41
2 3 7024 -119.8570 -228.6100 4 7892 -196.0610 -190.0280
-2.0009080738e-001 -3.5904496501e-001 -2.2341984703e+000
57 56 51
2 3 7027 -129.5540 -231.3950 4 7530 -205.4440 -191.5670
2.3695324214e-001 -3.8906429745e-001 -2.3561446470e+000
87 84 79
2 3 7041 145.1070 -238.3630 4 7565 75.7110 -240.1800
-1.4633746230e-001 -3.8368350898e-001 -2.2882831650e+000
74 74 70
2 3 7042 -92.5460 -240.2350 4 7536 -164.3870 -208.2390
1.8017025340e-001 -4.2382711386e-001 -2.3817619193e+000
103 108 102
2 3 7073 109.0200 -256.0040 4 7579 41.2040 -253.8360
5.6704013755e-001 -3.4713011069e-002 -2.4115425335e+000
20 23 31
2 3 7282 341.5860 -22.4900 4 7854 311.5530 -44.7780
1.7899211391e-001 -3.9677722659e-001 -2.3522221449e+000
112 120 115
2 3 7360 109.7210 -243.5800 4 7908 39.3930 -239.5360
1.9194649677e-001 -4.0221388853e-001 -2.3703179572e+000
45 47 43
2 3 7361 116.7860 -244.4740 4 7911 48.7050 -242.7290
-7.3909077069e-002 3.5017394145e-001 -2.1221050095e+000
215 205 214
2 9 1587 -102.8730 270.0470 4 1724 -95.6830 261.7280
-6.7660546379e-002 3.4814926697e-001 -2.1234483793e+000
198 192 203
2 9 1606 -98.7120 268.5410 4 1769 -91.5740 259.8390
-8.4551901680e-002 3.4129868942e-001 -2.1200799366e+000
183 167 176
2 9 1686 -110.5780 265.2630 4 1819 -104.0740 256.5080
-6.9850897352e-002 3.3653156992e-001 -2.1239180858e+000
165 148 148
2 9 1786 -101.2290 261.3570 4 1898 -93.6840 252.0880
-9.3857924681e-002 3.2569348648e-001 -2.1148190354e+000
172 170 166
2 9 1904 -119.5600 257.5180 4 1994 -111.9930 247.1630
-6.9749942951e-002 3.2885347310e-001 -2.1208639026e+000
187 187 208
2 9 1905 -102.5000 257.8750 4 2019 -94.8260 247.2370
-6.7005493892e-002 3.3011406652e-001 -2.1241710604e+000
198 202 222
2 9 1906 -99.7300 257.5410 4 1995 -92.4990 247.5280
-4.5803829853e-002 3.2877765122e-001 -2.1240467435e+000
192 191 204
2 9 1942 -86.5000 257.3090 4 2035 -78.4780 245.4640
-4.4823355812e-002 3.2678090137e-001 -2.1285206505e+000
176 173 169
2 9 1992 -84.7370 254.5850 4 2078 -77.5740 243.4980
-5.4367999717e-002 3.2405059312e-001 -2.1267783879e+000
178 181 185
2 9 2022 -91.6490 253.2950 4 2091 -84.1960 242.4240
-7.7948093802e-002 3.1991678343e-001 -2.1269168237e+000
176 176 178
2 9 2098 -106.3850 250.2810 4 2130 -100.6410 240.8540
-6.6562971272e-002 3.0981808863e-001 -2.1247248784e+000
114 113 118
2 9 2259 -101.3980 245.1250 4 2245 -93.5060 233.7790
-1.0096090186e-001 3.0094085870e-001 -2.1199938174e+000
152 154 156
2 9 2357 -125.4300 240.5830 4 2304 -117.4320 230.3270
-1.4099807398e-001 2.6445832352e-001 -2.1288936667e+000
107 110 114
2 9 2980 -152.4010 214.5590 4 2656 -144.3700 207.3520
-6.2718463354e-002 2.6189980320e-001 -2.1502237582e+000
153 150 145
2 9 3134 -97.5060 207.4290 4 2750 -90.4280 198.8700
-2.2530570542e-001 -1.0928392269e-001 -2.1698846123e+000
143 147 151
2 9 5296 -236.6710 -35.6110 4 4037 -216.5630 -33.7220
-1.8783816950e-001 -1.5753391094e-001 -2.1823204342e+000
136 140 140
2 9 5559 -214.4020 -71.6780 4 4233 -194.4130 -67.6520
5.6298135698e-001 -1.1163237036e-001 -2.3773816260e+000
77 79 78
2 9 5740 342.9090 -98.1150 4 4406 303.3310 -94.6760
2.0279585136e-001 -1.5863995398e-001 -2.2710793042e+000
212 205 209
2 9 5742 70.9460 -100.0620 4 4437 63.3080 -98.3080
1.9912855507e-001 -1.6021535791e-001 -2.2682712632e+000
244 237 242
2 9 5755 67.3790 -100.5640 4 4436 61.0680 -99.0630
6.0378689505e-001 -1.1276795142e-001 -2.3892317362e+000
105 105 109
2 9 5772 373.6560 -102.3140 4 4438 329.3390 -98.3580
-1.3979180854e-001 -2.0763152783e-001 -2.2063254175e+000
110 109 105
2 9 5849 -181.8560 -112.1940 4 4473 -163.5950 -102.9730
-1.0548049392e-001 -2.0273365089e-001 -2.2377282961e+000
188 185 195
2 9 5879 -150.1470 -115.7690 4 4456 -136.4850 -101.4900
-9.6901845751e-002 -2.1960520335e-001 -2.2418997945e+000
220 225 233
2 9 5972 -146.2510 -128.6050 4 4526 -130.5440 -112.4350
-1.0086369069e-001 -2.4109241986e-001 -2.2327009680e+000
134 139 148
2 9 6063 -152.4200 -141.4920 4 4581 -137.4270 -126.4160
-8.1739628033e-002 -2.4446451688e-001 -2.2462116495e+000
193 197 204
2 9 6094 -136.6360 -146.8730 4 4601 -123.5160 -129.4780
-7.5324754238e-002 -2.5186362574e-001 -2.2474148988e+000
200 198 209
2 9 6118 -133.1860 -152.5230 4 4620 -119.5280 -134.5510
2.9783917593e-001 -2.2086343421e-001 -2.3382968209e+000
107 113 111
2 9 6151 143.5360 -159.1720 4 4648 124.4950 -142.5510
-6.2267467683e-002 -2.7177847269e-001 -2.2579741021e+000
209 209 216
2 9 6186 -123.7330 -168.6810 4 4669 -111.3510 -147.6490
3.3064196455e-001 -2.6001646408e-001 -2.3588908266e+000
96 106 98
2 9 6283 167.1980 -191.4690 4 4749 143.5340 -168.5760
3.0682612562e-001 -2.6701369234e-001 -2.3456294766e+000
101 103 99
2 9 6287 148.1280 -193.4580 4 4762 127.4350 -171.7310
3.2969912806e-001 -2.6525143560e-001 -2.3610305005e+000
67 74 73
2 9 6292 166.4710 -195.4890 4 4763 142.7060 -171.5960
-2.3659152657e-001 -3.5505836458e-001 -2.2175010297e+000
53 47 44
2 9 6398 -259.8010 -214.4750 4 4828 -230.5000 -187.1120
-2.4932206937e-001 -3.5746097052e-001 -2.2167706946e+000
116 107 103
2 9 6404 -268.6230 -215.5320 4 4834 -238.4690 -187.5150
-2.2846944628e-001 -3.5705138063e-001 -2.2193053221e+000
113 102 98
2 9 6413 -254.0280 -216.4830 4 4838 -225.5440 -189.0170
3.7359491929e-002 -3.6973352953e-001 -2.3079209979e+000
96 98 94
2 9 6626 -54.1000 -249.9000 4 4988 -50.2380 -214.0370
2.7458369016e-001 -3.5183891282e-001 -2.3642533027e+000
103 98 92
2 9 6652 122.4360 -255.7550 4 5023 102.6680 -219.9120
3.3203167997e-003 -3.8791824710e-001 -2.2998813272e+000
90 86 83
2 9 6673 -80.7110 -260.3480 4 5042 -73.4190 -222.8770
9.4721045550e-003 -3.9016688795e-001 -2.3016239170e+000
90 85 81
2 9 6681 -76.4810 -262.5300 4 5056 -69.4290 -224.6490
2.4069623650e-002 -3.9751978253e-001 -2.3083786152e+000
98 97 90
2 9 6747 -66.0710 -269.5000 4 5083 -59.6830 -229.8420
-4.1684406255e-002 -4.1157199378e-001 -2.3011286410e+000
141 134 129
2 9 6773 -113.2710 -275.3440 4 5104 -101.9230 -233.1440
2.8857767426e-001 -3.7407580776e-001 -2.3795055320e+000
113 113 104
2 9 6774 133.4570 -274.4310 4 5112 110.3760 -233.5190
1.5276046239e-001 -3.8688254703e-001 -2.3643444327e+000
67 68 63
2 9 6783 35.0370 -274.8540 4 5084 25.1120 -230.1650
1.5929518679e-001 -3.8778593501e-001 -2.3614202516e+000
117 119 115
2 9 6784 38.5130 -275.5920 4 5098 29.2580 -231.5180
1.6323536536e-001 -3.8852968547e-001 -2.3609516954e+000
70 72 69
2 9 6796 41.1520 -276.2770 4 5106 31.5030 -232.3910
2.8205235405e-001 -3.8216850695e-001 -2.3826798877e+000
105 106 101
2 9 6825 128.3530 -280.4020 4 5124 106.4660 -237.5140
5.8382067168e-002 -4.0884505260e-001 -2.3257876200e+000
77 72 69
2 9 6832 -39.5610 -281.5020 4 5128 -37.6270 -238.4300
7.1095460384e-002 -4.1272414257e-001 -2.3306685242e+000
69 68 64
2 9 6858 -29.4550 -285.4330 4 5141 -30.3820 -241.6770
1.8992675304e-001 -3.9919504424e-001 -2.3709186465e+000
45 43 44
2 9 6863 61.0150 -286.4810 4 5142 47.5000 -240.5000
1.0885144620e-002 -4.2152100249e-001 -2.3223964094e+000
137 131 126
2 9 6868 -73.7730 -287.7710 4 5149 -67.7100 -242.1000
1.4726395019e-001 -4.0648495134e-001 -2.3532443883e+000
90 88 91
2 9 6869 27.3800 -287.6090 4 5150 19.7020 -242.6400
1.9153810682e-001 -4.1489461346e-001 -2.3680058069e+000
130 130 125
2 9 6907 60.8850 -297.6570 4 5200 46.7190 -250.5850
2.7186069770e-001 -4.1431838651e-001 -2.3868817411e+000
82 82 77
2 9 6942 120.0840 -303.7720 4 5229 97.8390 -255.8250
2.2468484062e-001 -4.2831301472e-001 -2.3679902173e+000
99 99 97
2 9 6965 82.4250 -309.5630 4 5254 67.0710 -261.8110
2.2793431455e-001 -3.0451068472e-001 -2.3218359168e+000
70 68 57
2 9 8175 86.2020 -213.5290 4 4850 73.6610 -189.7910
-1.8697642995e-001 -3.7826319932e-001 -2.2511534813e+000
143 140 134
2 9 8187 -219.7450 -237.9550 4 6664 -195.5000 -203.5000
2.5113130832e-001 -3.6587820275e-001 -2.3648883061e+000
121 121 113
2 9 8208 105.0200 -264.8510 4 5065 87.2000 -226.3230
1.2698475651e-001 -4.0307889904e-001 -2.3475332635e+000
109 106 106
2 9 8237 12.8500 -283.3500 4 6697 6.6250 -239.2690
2.0981292233e-001 -4.0575117012e-001 -2.3665575606e+000
43 42 39
2 9 8244 73.7010 -291.8980 4 5184 58.8760 -246.7970
1.6840249880e-001 -4.2022452993e-001 -2.3595882327e+000
136 137 134
2 9 8248 42.3100 -299.4820 4 5214 32.1210 -252.4260
1.0775702880e-001 -2.5004923239e-001 -2.2749400932e+000
95 94 90
2 9 9261 -2.0780 -162.2760 4 6642 -2.6030 -147.9860
-1.7366528554e-001 -3.2459273810e-001 -2.2243091746e+000
76 75 79
2 9 9278 -212.5910 -196.3610 4 7520 -189.0910 -173.1860
2.2803490398e-001 -3.0095439303e-001 -2.3292826252e+000
73 68 62
2 9 9287 88.1730 -211.9790 4 6657 73.9960 -187.0650
2.1221348782e-001 -3.2558327770e-001 -2.3355137879e+000
58 56 45
2 9 9300 75.8890 -229.9680 4 4907 63.4030 -200.4030
-1.4802304859e-001 -3.7716929838e-001 -2.2622553887e+000
74 70 69
2 9 9311 -190.2790 -240.3590 4 6667 -170.5450 -205.6180
2.1383685211e-002 -3.9537840036e-001 -2.3091532128e+000
98 90 87
2 9 9343 -66.8630 -267.7740 4 6687 -61.8180 -228.3460
1.5360472124e-001 -3.8619084497e-001 -2.3604889543e+000
56 57 52
2 9 9356 35.0130 -273.9570 4 6688 25.2560 -230.1850
1.4074479838e-001 -3.9198840928e-001 -2.3662490981e+000
96 96 93
2 9 9362 27.2250 -278.0330 4 7559 17.0800 -232.0800
1.8124325509e-001 -3.9011383213e-001 -2.3602748973e+000
100 101 96
2 9 9363 53.5680 -278.2830 4 5118 42.1610 -235.1240
2.7985168089e-001 -3.9244158790e-001 -2.3852889177e+000
121 120 118
2 9 9383 126.9660 -288.0060 4 6700 104.0500 -243.3900
1.7079060853e-001 -4.2035273763e-001 -2.3613497663e+000
147 146 141
2 9 9394 44.7560 -299.8140 4 6707 33.1760 -252.6310
-3.7593577099e-002 -3.7039030314e-001 -2.2778368513e+000
65 64 62
2 9 9742 -113.1240 -243.0650 4 7538 -99.1130 -209.8830
1.8160330291e-001 -3.8165984549e-001 -2.3764400299e+000
25 25 23
2 9 9758 58.1040 -273.8620 4 7906 43.3420 -228.6270
1.6007462859e-001 -4.1392463172e-001 -2.3616812982e+000
60 56 56
2 9 9771 37.9950 -294.5160 4 7572 26.9400 -247.6870
-3.7478820296e-001 -2.6219526942e-001 -2.1810444088e+000
114 123 116
2 9 9941 -347.3070 -138.1090 4 8064 -315.9260 -118.8280
-6.9014106510e-002 -2.3739491940e-001 -2.2481819234e+000
157 162 152
2 9 9943 -126.3900 -142.6100 4 7884 -115.5190 -126.1520
-2.3312451841e-001 -3.4125983821e-001 -2.2105007510e+000
51 43 46
2 9 9946 -258.0000 -203.7230 4 8071 -228.9890 -179.2760
2.3759083857e-001 -3.6322628222e-001 -2.3510786555e+000
145 147 142
2 9 9958 93.9170 -260.5050 4 8077 77.5250 -224.7530
2.8004585320e-001 -3.6730223416e-001 -2.3715246506e+000
53 48 45
2 9 9961 126.1500 -268.2000 4 8079 105.7240 -229.2490
2.0430482077e-001 -1.5648388207e-001 -2.2771727361e+000
254 250 254
2 9 10041 72.9970 -99.8440 4 8163 65.1280 -96.7930
