# Bundle file v0.3
14 97
0 0 0
0 0 0
0 0 0
0 0 0
0 0 0
0 0 0
0 0 0
0 0 0
0 0 0
0 0 0
0 0 0
0 0 0
0 0 0
0 0 0
0 0 0
1.4361205708e+003 1.2762646414e-002 8.1564117423e-004
9.9998256488e-001 5.5502269862e-003 -2.0161622127e-003
-5.5733187414e-003 9.9991678833e-001 -1.1634196466e-002
1.9514220133e-003 1.1645230337e-002 9.9993028785e-001
-2.8004373855e-003 -2.6714914676e-002 9.2957791486e-003
0 0 0
0 0 0
0 0 0
0 0 0
0 0 0
0 0 0
0 0 0
0 0 0
0 0 0
0 0 0
0 0 0
0 0 0
0 0 0
0 0 0
0 0 0
0 0 0
0 0 0
0 0 0
0 0 0
0 0 0
0 0 0
0 0 0
0 0 0
0 0 0
0 0 0
1.3027389972e+003 -2.7665998580e-002 -2.4364855821e-003
9.6475736599e-001 1.0690326186e-001 -2.4044732765e-001
-1.8344694645e-002 9.3885895001e-001 3.4381294939e-001
2.6250085133e-001 -3.2728514265e-001 9.0773219534e-001
-6.2679581720e-001 7.9414209383e-001 1.5359132708e-001
0 0 0
0 0 0
0 0 0
0 0 0
0 0 0
0 0 0
0 0 0
0 0 0
0 0 0
0 0 0
0 0 0
0 0 0
0 0 0
0 0 0
0 0 0
0 0 0
0 0 0
0 0 0
0 0 0
0 0 0
-4.4758853152e-001 -2.6100731000e-001 -2.1861717803e+000
146 143 150
2 3 4432 -294.8740 -171.2020 9 6019 -391.0940 -135.5100
2.5909085701e-001 -4.0307225594e-001 -2.3794238421e+000
37 36 34
2 3 6226 156.5830 -244.2820 9 9385 109.6560 -293.0860
-4.8200835081e-001 -2.2777359478e-001 -2.1763852304e+000
217 214 211
2 3 4294 -319.1520 -150.1990 9 5824 -410.6777 -110.1010
-1.8382020355e-001 -3.6093884601e-001 -2.2398972804e+000
118 117 115
2 3 4753 -118.1630 -231.5600 9 6463 -218.7760 -223.9970
1.7223841061e-001 -3.5323488820e-001 -2.3418731580e+000
119 120 112
2 3 6201 105.7520 -217.6000 9 9747 46.6170 -248.3520
1.1375621909e-001 -1.3142465210e-001 -2.2596284246e+000
118 129 125
2 3 3870 73.2680 -84.4620 9 5603 8.6780 -77.2950
1.9895439953e-001 -1.6047834147e-001 -2.2655867793e+000
247 243 238
2 3 4017 127.6780 -102.5570 9 8118 66.6740 -101.1400
2.0934792783e-001 -1.6963869783e-001 -2.2672575357e+000
236 229 238
2 3 6140 133.5500 -108.8520 9 8122 74.2500 -107.7420
2.0180558798e-001 -1.7262290480e-001 -2.2640798575e+000
208 207 208
2 3 4070 129.1700 -110.6810 9 5819 68.0220 -109.1750
2.0704002920e-001 -1.7769843513e-001 -2.2629670827e+000
216 215 221
2 3 4097 132.2890 -114.2170 9 5858 71.5000 -112.5000
3.1907570742e-001 -2.3355595320e-001 -2.3499913573e+000
75 84 81
2 3 4267 196.0960 -143.9020 9 6203 158.1600 -170.9610
9.8440950230e-002 -2.1747882073e-001 -2.2616983813e+000
90 94 95
2 3 4240 63.3730 -138.8580 9 6029 -8.4250 -137.1130
-4.9314989416e-001 -1.9463922180e-001 -2.1743391712e+000
189 186 173
2 3 4182 -326.6730 -128.2600 9 5659 -413.5097 -87.4480
2.4544807923e-001 -3.4162020796e-001 -2.3556696351e+000
45 46 41
2 3 4609 150.0150 -209.3610 9 6610 100.7400 -245.2930
2.1305749350e-001 -3.6192461913e-001 -2.3496932393e+000
70 72 67
2 3 4691 130.6780 -222.0330 9 6666 75.5990 -257.7660
1.3016377593e-001 -3.7829805152e-001 -2.3501130081e+000
70 75 71
2 3 4756 79.8800 -231.6000 9 6694 16.5110 -265.4680
1.7435523422e-001 -3.9212341456e-001 -2.3575209232e+000
88 94 87
2 3 4814 106.5000 -239.5000 9 6803 47.5000 -278.4690
2.1151867446e-001 -3.9436212157e-001 -2.3616602766e+000
33 34 29
2 3 4829 128.5650 -240.9450 9 9374 74.4280 -282.2160
2.2017427641e-001 -3.9803914974e-001 -2.3655774266e+000
74 73 71
2 3 4850 134.1830 -242.2480 9 8240 80.3120 -286.1690
1.1986347290e-001 -3.8183625929e-001 -2.3513563263e+000
114 117 113
2 3 4779 73.6120 -233.5000 9 8212 9.2530 -267.6850
-1.7198965259e-001 -3.2359601224e-001 -2.2199700438e+000
73 76 75
2 3 4606 -111.5000 -209.6940 9 9275 -212.2110 -195.0130
2.1714119954e-001 -4.1022482475e-001 -2.3821539745e+000
56 59 52
2 3 4913 130.5620 -248.5650 9 8245 80.3590 -295.9110
-6.8750814558e-002 -3.5701639249e-001 -2.2667423419e+000
94 98 97
2 3 4713 -43.6720 -226.5980 9 6511 -134.3920 -230.1340
2.5232248235e-001 -4.2027746184e-001 -2.3827516714e+000
62 66 65
2 3 4950 152.4920 -254.0100 9 8252 103.9880 -305.7600
-5.4339218398e-002 -3.6411248408e-001 -2.2743350017e+000
75 80 76
2 3 4746 -34.4860 -230.3960 9 6549 -123.4770 -236.8480
1.7673381065e-001 -4.0832857533e-001 -2.3632321518e+000
103 107 107
2 3 4912 106.7220 -249.6320 9 8243 49.7500 -290.2500
-2.7782648601e-002 -3.6942873883e-001 -2.2805797197e+000
150 155 151
2 3 4772 -17.7420 -233.2780 9 6584 -104.4190 -242.6730
-2.0143650360e-001 -3.3696898038e-001 -2.2177956252e+000
104 105 100
2 3 4661 -130.9520 -218.6760 9 6324 -233.7360 -202.8080
-4.1766688740e-002 -3.7042542280e-001 -2.2843173365e+000
67 71 66
2 3 4771 -26.5520 -233.4720 9 8192 -113.1310 -243.1520
1.8498544349e-001 -4.1910568645e-001 -2.3656598036e+000
58 60 57
2 3 4956 112.3210 -255.2430 9 6922 54.4910 -299.2990
-1.8393107865e-001 -3.4868371647e-001 -2.2322795672e+000
64 64 62
2 3 4699 -118.5770 -224.4790 9 8178 -219.6250 -214.2260
-8.4418963380e-003 -3.8364855895e-001 -2.2913798575e+000
66 68 67
2 3 4826 -5.5500 -241.1000 9 6648 -90.1580 -255.2130
-1.8413306815e-001 -3.5605088556e-001 -2.2391421482e+000
72 71 69
2 3 4730 -118.4040 -228.5200 9 6441 -218.6190 -220.3810
3.4426814460e-002 -4.0101283099e-001 -2.3128585897e+000
61 63 61
2 3 4911 21.3230 -249.4770 9 8219 -58.0020 -272.6000
-1.9761737582e-001 -3.6156193093e-001 -2.2389538767e+000
103 102 98
2 3 4765 -127.4170 -232.3810 9 6461 -227.8780 -223.3960
2.0042210144e-001 -1.6042241141e-001 -2.2707662167e+000
248 244 240
2 3 6135 127.7500 -102.7500 9 9208 68.9700 -101.7590
1.9095219105e-001 -3.8925225941e-001 -2.3635115965e+000
24 25 22
2 3 6219 115.9790 -237.5300 9 9364 60.5340 -277.6390
-1.6301206547e-001 -3.7214126769e-001 -2.2508722523e+000
48 49 44
2 3 6218 -104.5710 -237.8810 9 9303 -202.9430 -234.2110
1.7547592648e-001 -3.5437523780e-001 -2.3460968413e+000
118 118 110
2 3 7345 107.2640 -218.1580 9 9953 49.6950 -249.6360
-2.6334406523e-001 -4.1191489220e-001 -2.2566709064e+000
130 130 114
2 3 7377 -168.4990 -262.3020 9 9957 -271.4640 -258.2370
2.0936083890e-001 -3.5656532478e-001 -2.3575304336e+000
40 41 38
2 3 7347 128.5000 -217.5000 9 9954 73.9500 -255.0000
-4.3577237842e-001 -2.5913740702e-001 -2.1893730271e+000
234 235 230
2 3 7333 -285.9410 -168.9010 9 9246 -383.2160 -135.8400
-2.1664787429e-002 3.1956074615e-001 -2.1406207507e+000
107 109 106
2 3 1942 -12.4420 214.5880 9 2229 -67.6640 245.6590
-4.0011122628e-002 3.0907424116e-001 -2.1373136929e+000
106 108 105
2 3 2051 -24.8840 207.8760 9 2359 -81.1970 240.1120
-2.4995398679e-002 3.0304086098e-001 -2.1494524112e+000
98 99 94
2 3 2113 -14.6250 202.6920 9 2522 -69.5530 232.5530
-2.8106386072e-001 -5.5788304664e-002 -2.1668846645e+000
109 119 117
2 3 3559 -186.3550 -37.2480 9 5093 -266.4210 1.4750
-2.9922178311e-001 -6.8314090231e-002 -2.1576487984e+000
91 102 97
2 3 3607 -199.2540 -45.6940 9 5145 -282.3120 -4.3590
-2.9242929378e-001 -6.7661147653e-002 -2.1582754293e+000
117 128 125
2 3 3608 -194.6520 -45.2620 9 5146 -277.7410 -4.1730
2.0111084436e-001 -1.4792265316e-001 -2.2716607414e+000
251 249 246
2 3 3951 128.2630 -94.7160 9 5695 70.3200 -93.3210
2.5886894987e-001 -1.5763419449e-001 -2.3140401630e+000
171 174 182
2 3 3999 161.7350 -99.0740 9 5827 115.9240 -109.7870
2.2541280955e-001 -1.6564722435e-001 -2.2775948028e+000
164 161 170
2 3 4037 143.3930 -105.6010 9 5809 87.0680 -107.6000
-1.2688396840e-001 -1.7226670565e-001 -2.2235337437e+000
188 194 194
2 3 4074 -81.7290 -111.6920 9 5688 -164.7320 -91.7420
2.0295734007e-001 -1.8149775952e-001 -2.2644917807e+000
191 192 192
2 3 4108 129.6480 -116.4760 9 5882 68.4990 -115.3900
1.1592347954e-001 -1.8881901560e-001 -2.2516619685e+000
115 121 121
2 3 4137 74.7280 -121.4960 9 5880 4.4460 -115.5380
-1.0163374081e-001 -2.0816373193e-001 -2.2367825237e+000
179 184 187
2 3 4216 -65.1450 -134.1890 9 5906 -148.4150 -119.4730
-1.0536959741e-001 -2.1328111893e-001 -2.2332109373e+000
171 176 180
2 3 4230 -67.4920 -137.5250 9 5927 -152.4810 -122.3710
-4.8556174830e-001 -2.2644003123e-001 -2.1749090777e+000
130 128 132
2 3 4293 -321.5990 -149.2690 9 5817 -413.3236 -108.9480
-6.6748667510e-002 -2.4668660907e-001 -2.2577403977e+000
169 174 177
2 3 4352 -42.4750 -157.5590 9 8145 -123.9770 -150.8430
-1.6076425307e-001 -2.4442227948e-001 -2.2023548134e+000
129 137 134
2 3 4370 -104.5000 -159.5000 9 6037 -200.9650 -136.8740
3.0428987990e-001 -2.5911163168e-001 -2.3418021349e+000
76 85 81
2 3 4373 187.4000 -160.2590 9 6272 145.6860 -187.0260
-7.4062947779e-002 -2.6429000667e-001 -2.2495651601e+000
171 179 181
2 3 4427 -47.3460 -169.3910 9 6160 -132.5630 -161.4990
-6.9649920913e-002 -2.6813000188e-001 -2.2522153214e+000
186 192 195
2 3 4435 -44.3580 -171.5190 9 6169 -129.4770 -164.8800
-5.2326460074e-002 -2.8521674016e-001 -2.2635363638e+000
183 189 189
2 3 4473 -33.3050 -181.6490 9 6237 -116.7320 -179.2190
-5.2867720969e-002 -2.9063569407e-001 -2.2596146197e+000
170 174 175
2 3 4490 -33.6140 -185.3230 9 6245 -118.6440 -182.4920
-4.8760717928e-002 -2.9932679524e-001 -2.2643424614e+000
125 131 131
2 3 4522 -30.9940 -190.4760 9 6278 -115.5900 -189.4840
1.6834020998e-001 -3.3108005115e-001 -2.3433440789e+000
89 90 84
2 3 4585 103.4890 -203.7300 9 6525 45.5290 -232.5990
2.0181299264e-001 -3.3279954056e-001 -2.3447166582e+000
38 39 30
2 3 4589 123.9110 -204.8550 9 6546 69.0900 -235.5050
2.5545423264e-001 -3.4297269006e-001 -2.3563854756e+000
115 115 107
2 3 4610 156.1380 -210.1070 9 6614 107.7970 -246.8750
8.3004784356e-002 -3.4119336743e-001 -2.3236848257e+000
139 144 140
2 3 4619 51.6150 -211.3390 9 6533 -17.6500 -233.4360
1.7111703621e-001 -3.5124761161e-001 -2.3473394710e+000
91 92 86
2 3 4632 105.3450 -215.3450 9 8196 46.3090 -247.9140
1.9927456546e-001 -3.5002665408e-001 -2.3527600160e+000
91 92 86
2 3 4633 122.2230 -214.2950 9 8201 66.9860 -248.9720
2.6326269133e-001 -3.5362901424e-001 -2.3660765928e+000
88 89 83
2 3 4649 159.8660 -216.0070 9 6651 114.1870 -255.8500
-2.5748359331e-001 -3.3438243425e-001 -2.2028783193e+000
110 111 105
2 3 4659 -168.6660 -218.5810 9 6295 -274.5790 -196.1840
-1.9546499388e-001 -3.5665215805e-001 -2.2342218034e+000
65 65 59
2 3 4736 -126.1500 -229.6000 9 6432 -227.3890 -219.4690
1.4868977628e-001 -3.7671895029e-001 -2.3625292660e+000
72 76 71
2 3 4737 90.5350 -229.6310 9 6710 31.6340 -266.5050
1.9813067696e-001 -3.7402189992e-001 -2.3493394982e+000
99 101 94
2 3 4738 121.3510 -229.5550 9 6704 64.3680 -265.6060
3.5493864512e-002 -3.7012602826e-001 -2.3043344045e+000
100 106 103
2 3 4747 21.8680 -231.5000 9 8198 -56.0170 -249.1390
2.7189478982e-001 -3.8389883356e-001 -2.3840515760e+000
93 95 90
2 3 4757 164.3150 -232.0550 9 6824 120.1660 -280.5110
-1.8627652303e-001 -3.6890974005e-001 -2.2435621354e+000
84 84 82
2 3 4792 -119.7910 -236.5030 9 6510 -220.0490 -229.8740
1.5398360751e-001 -3.8774594846e-001 -2.3653546110e+000
51 55 51
2 3 4794 93.8660 -235.8150 9 8221 34.7210 -275.1620
1.4078363603e-001 -3.9253182855e-001 -2.3535873640e+000
76 78 73
2 3 4827 86.0700 -240.1070 9 6795 23.5260 -276.5230
1.6984519383e-001 -3.9287580796e-001 -2.3568283608e+000
121 126 120
2 3 4828 103.4650 -240.3120 9 6802 44.4750 -278.4760
9.4366067535e-002 -3.9374493628e-001 -2.3331612603e+000
93 98 94
2 3 4849 58.1900 -242.8890 9 6759 -12.2310 -272.7600
2.4290439932e-001 -4.1588635376e-001 -2.3784111289e+000
58 60 57
2 3 4925 147.1660 -251.7310 9 6936 96.9570 -301.6790
1.3235562374e-001 -4.2506764124e-001 -2.3532129007e+000
41 44 37
2 3 4988 80.7470 -260.0540 9 8247 15.2770 -299.5270
2.5420507185e-001 -1.5168836487e-001 -2.2845376061e+000
159 164 169
2 3 6126 161.3060 -96.4470 9 9211 109.1450 -100.1130
2.2051926747e-001 -1.6532491972e-001 -2.2767035990e+000
231 229 240
2 3 6138 140.1020 -105.6390 9 8123 83.7240 -106.8880
2.0467209906e-001 -1.7969393829e-001 -2.2681817315e+000
170 172 171
2 3 6142 129.4920 -116.0280 9 9227 71.3140 -114.1420
-7.2736603367e-002 -2.3862982999e-001 -2.2555356554e+000
224 229 231
2 3 6159 -46.2090 -152.4600 9 8143 -127.8000 -144.7650
2.6521175251e-001 -4.1317038719e-001 -2.3918290172e+000
33 33 33
2 3 6234 159.7550 -248.7190 9 9398 114.5710 -302.1980
2.2152499013e-001 -3.4247545721e-001 -2.3554873119e+000
94 95 89
2 3 7011 135.4120 -209.7890 9 9743 83.7500 -244.7500
2.1074494948e-001 -3.5830512531e-001 -2.3397309001e+000
58 61 55
2 3 7018 129.5710 -221.0450 9 9750 73.0600 -253.6730
-2.3219965678e-001 -3.4018813770e-001 -2.2064602278e+000
108 107 102
2 3 7021 -152.2510 -222.4640 9 9281 -257.2470 -201.6530
4.0067666949e-002 -3.7119919353e-001 -2.3071981654e+000
82 88 85
2 3 7031 24.8420 -231.7280 9 9321 -52.5380 -250.6000
1.6506210684e-001 -4.3115318316e-001 -2.3734741120e+000
111 117 112
2 3 7076 99.6130 -261.7770 9 9776 41.0940 -307.5040
-2.4204547821e-001 -3.6436345843e-001 -2.2233921124e+000
45 45 36
2 3 7356 -156.8760 -235.5160 9 9735 -262.2030 -221.4150
2.3637853206e-001 -4.0695607493e-001 -2.3785030238e+000
30 31 26
2 3 7365 142.9110 -246.6070 9 9772 93.1890 -294.5950
