# Bundle file v0.3
14 97
0 0 0
0 0 0
0 0 0
0 0 0
0 0 0
0 0 0
0 0 0
0 0 0
0 0 0
0 0 0
0 0 0
0 0 0
0 0 0
0 0 0
0 0 0
1.4420485200e+003 0.0000000000e+000 0.0000000000e+000
1.0000000000e+000 0.0000000000e+000 0.0000000000e+000
0.0000000000e+000 1.0000000000e+000 0.0000000000e+000
0.0000000000e+000 0.0000000000e+000 1.0000000000e+000
-0.0000000000e+000 -0.0000000000e+000 -0.0000000000e+000
0 0 0
0 0 0
0 0 0
0 0 0
0 0 0
0 0 0
0 0 0
0 0 0
0 0 0
0 0 0
0 0 0
0 0 0
0 0 0
0 0 0
0 0 0
0 0 0
0 0 0
0 0 0
0 0 0
0 0 0
0 0 0
0 0 0
0 0 0
0 0 0
0 0 0
1.2938005400e+003 0.0000000000e+000 0.0000000000e+000
9.6449246565e-001 1.0494546524e-001 -2.4236487580e-001
-2.1084987239e-002 9.4533214431e-001 3.2542673562e-001
2.6326736792e-001 -3.0876137431e-001 9.1397850452e-001
-6.3159658422e-001 7.5371772452e-001 1.8164621260e-001
0 0 0
0 0 0
0 0 0
0 0 0
0 0 0
0 0 0
0 0 0
0 0 0
0 0 0
0 0 0
0 0 0
0 0 0
0 0 0
0 0 0
0 0 0
0 0 0
0 0 0
0 0 0
0 0 0
0 0 0
-4.4730981185e-001 -2.5985599674e-001 -2.1865281798e+000
146 143 150
2 3 4432 -294.8740 -171.2020 9 6019 -391.0940 -135.5100
2.5862375771e-001 -4.0353054434e-001 -2.3819921672e+000
37 36 34
2 3 6226 156.5830 -244.2820 9 9385 109.6560 -293.0860
-4.8172373889e-001 -2.2655336109e-001 -2.1774320433e+000
217 214 211
2 3 4294 -319.1520 -150.1990 9 5824 -410.6777 -110.1010
-1.8404024288e-001 -3.6024682254e-001 -2.2389575836e+000
118 117 115
2 3 4753 -118.1630 -231.5600 9 6463 -218.7760 -223.9970
1.7190442459e-001 -3.5350857694e-001 -2.3431955895e+000
119 120 112
2 3 6201 105.7520 -217.6000 9 9747 46.6170 -248.3520
1.1467273307e-001 -1.3219261225e-001 -2.2569693847e+000
118 129 125
2 3 3870 73.2680 -84.4620 9 5603 8.6780 -77.2950
1.9970585904e-001 -1.6138082475e-001 -2.2617625502e+000
247 243 238
2 3 4017 127.6780 -102.5570 9 8118 66.6740 -101.1400
2.1011841529e-001 -1.7040396890e-001 -2.2636067183e+000
236 229 238
2 3 6140 133.5500 -108.8520 9 8122 74.2500 -107.7420
2.0255487322e-001 -1.7339525052e-001 -2.2602927956e+000
208 207 208
2 3 4070 129.1700 -110.6810 9 5819 68.0220 -109.1750
2.0779985486e-001 -1.7840446871e-001 -2.2591572262e+000
216 215 221
2 3 4097 132.2890 -114.2170 9 5858 71.5000 -112.5000
3.1937956054e-001 -2.3441111812e-001 -2.3488231867e+000
75 84 81
2 3 4267 196.0960 -143.9020 9 6203 158.1600 -170.9610
9.8980527564e-002 -2.1785222130e-001 -2.2591721108e+000
90 94 95
2 3 4240 63.3730 -138.8580 9 6029 -8.4250 -137.1130
-4.9288062987e-001 -1.9349820514e-001 -2.1758391745e+000
189 186 173
2 3 4182 -326.6730 -128.2600 9 5659 -413.5097 -87.4480
2.4527353340e-001 -3.4204173085e-001 -2.3566965536e+000
45 46 41
2 3 4609 150.0150 -209.3610 9 6610 100.7400 -245.2930
2.1272758745e-001 -3.6228063759e-001 -2.3508470987e+000
70 72 67
2 3 4691 130.6780 -222.0330 9 6666 75.5990 -257.7660
1.2952888631e-001 -3.7862528918e-001 -2.3522498085e+000
70 75 71
2 3 4756 79.8800 -231.6000 9 6694 16.5110 -265.4680
1.7375625394e-001 -3.9247360752e-001 -2.3597443751e+000
88 94 87
2 3 4814 106.5000 -239.5000 9 6803 47.5000 -278.4690
2.1103426407e-001 -3.9467838284e-001 -2.3639203862e+000
33 34 29
2 3 4829 128.5650 -240.9450 9 9374 74.4280 -282.2160
2.1963238707e-001 -3.9845887720e-001 -2.3676555051e+000
74 73 71
2 3 4850 134.1830 -242.2480 9 8240 80.3120 -286.1690
1.1916775946e-001 -3.8217901287e-001 -2.3536188643e+000
114 117 113
2 3 4779 73.6120 -233.5000 9 8212 9.2530 -267.6850
-1.7181120598e-001 -3.2292256020e-001 -2.2182032185e+000
73 76 75
2 3 4606 -111.5000 -209.6940 9 9275 -212.2110 -195.0130
2.1654862801e-001 -4.1064977548e-001 -2.3857521701e+000
56 59 52
2 3 4913 130.5620 -248.5650 9 8245 80.3590 -295.9110
-6.9089583759e-002 -3.5664957057e-001 -2.2662326342e+000
94 98 97
2 3 4713 -43.6720 -226.5980 9 6511 -134.3920 -230.1340
2.5172747858e-001 -4.2077651273e-001 -2.3855735328e+000
62 66 65
2 3 4950 152.4920 -254.0100 9 8252 103.9880 -305.7600
-5.4759400050e-002 -3.6377991117e-001 -2.2741272017e+000
75 80 76
2 3 4746 -34.4860 -230.3960 9 6549 -123.4770 -236.8480
1.7611381302e-001 -4.0856916854e-001 -2.3663658400e+000
103 107 107
2 3 4912 106.7220 -249.6320 9 8243 49.7500 -290.2500
-2.8235948512e-002 -3.6913059163e-001 -2.2805599071e+000
150 155 151
2 3 4772 -17.7420 -233.2780 9 6584 -104.4190 -242.6730
-2.0131877889e-001 -3.3615492499e-001 -2.2162499279e+000
104 105 100
2 3 4661 -130.9520 -218.6760 9 6324 -233.7360 -202.8080
-4.2284551807e-002 -3.7013844997e-001 -2.2845778083e+000
67 71 66
2 3 4771 -26.5520 -233.4720 9 8192 -113.1310 -243.1520
1.8427560922e-001 -4.1944990161e-001 -2.3685000452e+000
58 60 57
2 3 4956 112.3210 -255.2430 9 6922 54.4910 -299.2990
-1.8401022350e-001 -3.4798848338e-001 -2.2310235717e+000
64 64 62
2 3 4699 -118.5770 -224.4790 9 8178 -219.6250 -214.2260
-9.0204265398e-003 -3.8340474789e-001 -2.2917922210e+000
66 68 67
2 3 4826 -5.5500 -241.1000 9 6648 -90.1580 -255.2130
-1.8432392655e-001 -3.5536908041e-001 -2.2381845149e+000
72 71 69
2 3 4730 -118.4040 -228.5200 9 6441 -218.6190 -220.3810
3.3679387616e-002 -4.0094807896e-001 -2.3140079413e+000
61 63 61
2 3 4911 21.3230 -249.4770 9 8219 -58.0020 -272.6000
-1.9785042036e-001 -3.6078969352e-001 -2.2382531775e+000
103 102 98
2 3 4765 -127.4170 -232.3810 9 6461 -227.8780 -223.3960
2.0120969743e-001 -1.6123077557e-001 -2.2674023460e+000
248 244 240
2 3 6135 127.7500 -102.7500 9 9208 68.9700 -101.7590
1.9041940736e-001 -3.8959958100e-001 -2.3660725014e+000
24 25 22
2 3 6219 115.9790 -237.5300 9 9364 60.5340 -277.6390
-1.6338595453e-001 -3.7147234900e-001 -2.2504063349e+000
48 49 44
2 3 6218 -104.5710 -237.8810 9 9303 -202.9430 -234.2110
1.7514851897e-001 -3.5463307129e-001 -2.3477675013e+000
118 118 110
2 3 7345 107.2640 -218.1580 9 9953 49.6950 -249.6360
-2.6409041425e-001 -4.1102419300e-001 -2.2570760411e+000
130 130 114
2 3 7377 -168.4990 -262.3020 9 9957 -271.4640 -258.2370
2.0896973374e-001 -3.5706325996e-001 -2.3588671641e+000
40 41 38
2 3 7347 128.5000 -217.5000 9 9954 73.9500 -255.0000
-4.3544465600e-001 -2.5818167088e-001 -2.1892765613e+000
234 235 230
2 3 7333 -285.9410 -168.9010 9 9246 -383.2160 -135.8400
-1.9382405720e-002 3.1806603894e-001 -2.1426309029e+000
107 109 106
2 3 1942 -12.4420 214.5880 9 2229 -67.6640 245.6590
-3.7748714762e-002 3.0765484450e-001 -2.1392772468e+000
106 108 105
2 3 2051 -24.8840 207.8760 9 2359 -81.1970 240.1120
-2.2764954587e-002 3.0155262733e-001 -2.1512630841e+000
98 99 94
2 3 2113 -14.6250 202.6920 9 2522 -69.5530 232.5530
-2.7973359358e-001 -5.5689969961e-002 -2.1664785787e+000
109 119 117
2 3 3559 -186.3550 -37.2480 9 5093 -266.4210 1.4750
-2.9785446501e-001 -6.8128061533e-002 -2.1570470246e+000
91 102 97
2 3 3607 -199.2540 -45.6940 9 5145 -282.3120 -4.3590
-2.9104617678e-001 -6.7501747164e-002 -2.1575925128e+000
117 128 125
2 3 3608 -194.6520 -45.2620 9 5146 -277.7410 -4.1730
2.0193169383e-001 -1.4881566998e-001 -2.2682969446e+000
251 249 246
2 3 3951 128.2630 -94.7160 9 5695 70.3200 -93.3210
2.5952564039e-001 -1.5862161950e-001 -2.3119065380e+000
171 174 182
2 3 3999 161.7350 -99.0740 9 5827 115.9240 -109.7870
2.2612759896e-001 -1.6653046288e-001 -2.2740786314e+000
164 161 170
2 3 4037 143.3930 -105.6010 9 5809 87.0680 -107.6000
-1.2610437348e-001 -1.7229279832e-001 -2.2219902525e+000
188 194 194
2 3 4074 -81.7290 -111.6920 9 5688 -164.7320 -91.7420
2.0369194121e-001 -1.8218762263e-001 -2.2607953645e+000
191 192 192
2 3 4108 129.6480 -116.4760 9 5882 68.4990 -115.3900
1.1666844046e-001 -1.8929656679e-001 -2.2485445328e+000
115 121 121
2 3 4137 74.7280 -121.4960 9 5880 4.4460 -115.5380
-1.0107932240e-001 -2.0811995585e-001 -2.2354050648e+000
179 184 187
2 3 4216 -65.1450 -134.1890 9 5906 -148.4150 -119.4730
-1.0480977709e-001 -2.1323398937e-001 -2.2316177465e+000
171 176 180
2 3 4230 -67.4920 -137.5250 9 5927 -152.4810 -122.3710
-4.8526366765e-001 -2.2523333051e-001 -2.1759201859e+000
130 128 132
2 3 4293 -321.5990 -149.2690 9 5817 -413.3236 -108.9480
-6.6497143994e-002 -2.4661353228e-001 -2.2568973838e+000
169 174 177
2 3 4352 -42.4750 -157.5590 9 8145 -123.9770 -150.8430
-1.6006742805e-001 -2.4408187813e-001 -2.1998306058e+000
129 137 134
2 3 4370 -104.5000 -159.5000 9 6037 -200.9650 -136.8740
3.0453572798e-001 -2.5978121410e-001 -2.3406533545e+000
76 85 81
2 3 4373 187.4000 -160.2590 9 6272 145.6860 -187.0260
-7.3820612819e-002 -2.6410984212e-001 -2.2484029654e+000
171 179 181
2 3 4427 -47.3460 -169.3910 9 6160 -132.5630 -161.4990
-6.9446562168e-002 -2.6797525300e-001 -2.2510671871e+000
186 192 195
2 3 4435 -44.3580 -171.5190 9 6169 -129.4770 -164.8800
-5.2273476872e-002 -2.8505190093e-001 -2.2628172037e+000
183 189 189
2 3 4473 -33.3050 -181.6490 9 6237 -116.7320 -179.2190
-5.2806807803e-002 -2.9044958296e-001 -2.2586694580e+000
170 174 175
2 3 4490 -33.6140 -185.3230 9 6245 -118.6440 -182.4920
-4.8775120409e-002 -2.9913363223e-001 -2.2636006581e+000
125 131 131
2 3 4522 -30.9940 -190.4760 9 6278 -115.5900 -189.4840
1.6807709253e-001 -3.3143510379e-001 -2.3446046436e+000
89 90 84
2 3 4585 103.4890 -203.7300 9 6525 45.5290 -232.5990
2.0162266064e-001 -3.3315977909e-001 -2.3456976203e+000
38 39 30
2 3 4589 123.9110 -204.8550 9 6546 69.0900 -235.5050
2.5528617631e-001 -3.4340528921e-001 -2.3572836186e+000
115 115 107
2 3 4610 156.1380 -210.1070 9 6614 107.7970 -246.8750
8.2580138872e-002 -3.4138667641e-001 -2.3247095078e+000
139 144 140
2 3 4619 51.6150 -211.3390 9 6533 -17.6500 -233.4360
1.7072062822e-001 -3.5164251364e-001 -2.3486809997e+000
91 92 86
2 3 4632 105.3450 -215.3450 9 8196 46.3090 -247.9140
1.9894033932e-001 -3.5044822802e-001 -2.3541260146e+000
91 92 86
2 3 4633 122.2230 -214.2950 9 8201 66.9860 -248.9720
2.6307700823e-001 -3.5404581172e-001 -2.3676505593e+000
88 89 83
2 3 4649 159.8660 -216.0070 9 6651 114.1870 -255.8500
-2.5723487401e-001 -3.3336608988e-001 -2.2013313223e+000
110 111 105
2 3 4659 -168.6660 -218.5810 9 6295 -274.5790 -196.1840
-1.9561627881e-001 -3.5588893980e-001 -2.2332406006e+000
65 65 59
2 3 4736 -126.1500 -229.6000 9 6432 -227.3890 -219.4690
1.4806772197e-001 -3.7711180722e-001 -2.3652815459e+000
72 76 71
2 3 4737 90.5350 -229.6310 9 6710 31.6340 -266.5050
1.9772693342e-001 -3.7432302575e-001 -2.3508159121e+000
99 101 94
2 3 4738 121.3510 -229.5550 9 6704 64.3680 -265.6060
3.4976434829e-002 -3.7002519528e-001 -2.3050906269e+000
100 106 103
2 3 4747 21.8680 -231.5000 9 8198 -56.0170 -249.1390
2.7150419322e-001 -3.8445723508e-001 -2.3864356173e+000
93 95 90
2 3 4757 164.3150 -232.0550 9 6824 120.1660 -280.5110
-1.8658012154e-001 -3.6817647503e-001 -2.2429120641e+000
84 84 82
2 3 4792 -119.7910 -236.5030 9 6510 -220.0490 -229.8740
1.5329470160e-001 -3.8818144776e-001 -2.3681329591e+000
51 55 51
2 3 4794 93.8660 -235.8150 9 8221 34.7210 -275.1620
1.4010583231e-001 -3.9284101864e-001 -2.3559730471e+000
76 78 73
2 3 4827 86.0700 -240.1070 9 6795 23.5260 -276.5230
1.6925657271e-001 -3.9317509462e-001 -2.3592381758e+000
121 126 120
2 3 4828 103.4650 -240.3120 9 6802 44.4750 -278.4760
9.3666041908e-002 -3.9388506540e-001 -2.3348577491e+000
93 98 94
2 3 4849 58.1900 -242.8890 9 6759 -12.2310 -272.7600
2.4230597312e-001 -4.1637181779e-001 -2.3810359566e+000
58 60 57
2 3 4925 147.1660 -251.7310 9 6936 96.9570 -301.6790
1.3150635654e-001 -4.2531185293e-001 -2.3558882657e+000
41 44 37
2 3 4988 80.7470 -260.0540 9 8247 15.2770 -299.5270
2.5491819738e-001 -1.5274437634e-001 -2.2808284896e+000
159 164 169
2 3 6126 161.3060 -96.4470 9 9211 109.1450 -100.1130
2.2126587329e-001 -1.6615325865e-001 -2.2733249981e+000
231 229 240
2 3 6138 140.1020 -105.6390 9 8123 83.7240 -106.8880
2.0550244558e-001 -1.8021768412e-001 -2.2650707324e+000
170 172 171
2 3 6142 129.4920 -116.0280 9 9227 71.3140 -114.1420
-7.2443577898e-002 -2.3858837057e-001 -2.2546051306e+000
224 229 231
2 3 6159 -46.2090 -152.4600 9 8143 -127.8000 -144.7650
2.6465332577e-001 -4.1375849548e-001 -2.3949127811e+000
33 33 33
2 3 6234 159.7550 -248.7190 9 9398 114.5710 -302.1980
2.2129336014e-001 -3.4289162971e-001 -2.3568334701e+000
94 95 89
2 3 7011 135.4120 -209.7890 9 9743 83.7500 -244.7500
2.1048644633e-001 -3.5856340546e-001 -2.3404806021e+000
58 61 55
2 3 7018 129.5710 -221.0450 9 9750 73.0600 -253.6730
-2.3200095682e-001 -3.3914962361e-001 -2.2050092951e+000
108 107 102
2 3 7021 -152.2510 -222.4640 9 9281 -257.2470 -201.6530
3.9527262718e-002 -3.7114224662e-001 -2.3079847380e+000
82 88 85
2 3 7031 24.8420 -231.7280 9 9321 -52.5380 -250.6000
1.6420817350e-001 -4.3152931514e-001 -2.3771617202e+000
111 117 112
2 3 7076 99.6130 -261.7770 9 9776 41.0940 -307.5040
-2.4214364453e-001 -3.6344186674e-001 -2.2222578060e+000
45 45 36
2 3 7356 -156.8760 -235.5160 9 9735 -262.2030 -221.4150
2.3582974380e-001 -4.0741509821e-001 -2.3813446967e+000
30 31 26
2 3 7365 142.9110 -246.6070 9 9772 93.1890 -294.5950
